# JRE version: Java(TM) SE Runtime Environment (8.0_66-b18) (build 1.8.0_66-b18)
# Java VM: Java HotSpot(TM) 64-Bit Server VM (25.66-b18 mixed mode windows-amd64 compressed oops)
Heap:
 PSYoungGen      total 48640K, used 34017K [0x00000007bc400000, 0x00000007c0000000, 0x00000007c0000000)
  eden space 35328K, 86% used [0x00000007bc400000,0x00000007be1b04f8,0x00000007be680000)
  from space 13312K, 27% used [0x00000007bf300000,0x00000007bf688000,0x00000007c0000000)
  to   space 12800K, 0% used [0x00000007be680000,0x00000007be680000,0x00000007bf300000)
 ParOldGen       total 177152K, used 151573K [0x0000000700000000, 0x000000070ad00000, 0x00000007bc400000)
  object space 177152K, 85% used [0x0000000700000000,0x00000007094055e8,0x000000070ad00000)
 Metaspace       used 73054K, capacity 73466K, committed 74240K, reserved 1112064K
  class space    used 10562K, capacity 10649K, committed 10752K, reserved 1048576K
GC Heap History (10 events):
Event: 2268.998 GC heap before
{Heap before GC invocations=428 (full 62):
 PSYoungGen      total 44032K, used 27872K [0x00000007bc400000, 0x00000007c0000000, 0x00000007c0000000)
  eden space 27136K, 100% used [0x00000007bc400000,0x00000007bde80000,0x00000007bde80000)
  from space 16896K, 4% used [0x00000007bde80000,0x00000007bdf38000,0x00000007bef00000)
  to   space 16384K, 0% used [0x00000007bf000000,0x00000007bf000000,0x00000007c0000000)
 ParOldGen       total 177152K, used 141022K [0x0000000700000000, 0x000000070ad00000, 0x00000007bc400000)
  object space 177152K, 79% used [0x0000000700000000,0x00000007089b7b28,0x000000070ad00000)
 Metaspace       used 73051K, capacity 73466K, committed 74240K, reserved 1112064K
  class space    used 10562K, capacity 10649K, committed 10752K, reserved 1048576K
Event: 2269.002 GC heap after
Heap after GC invocations=428 (full 62):
 PSYoungGen      total 45568K, used 2720K [0x00000007bc400000, 0x00000007c0000000, 0x00000007c0000000)
  eden space 29184K, 0% used [0x00000007bc400000,0x00000007bc400000,0x00000007be080000)
  from space 16384K, 16% used [0x00000007bf000000,0x00000007bf2a8000,0x00000007c0000000)
  to   space 15872K, 0% used [0x00000007be080000,0x00000007be080000,0x00000007bf000000)
 ParOldGen       total 177152K, used 141531K [0x0000000700000000, 0x000000070ad00000, 0x00000007bc400000)
  object space 177152K, 79% used [0x0000000700000000,0x0000000708a36db8,0x000000070ad00000)
 Metaspace       used 73051K, capacity 73466K, committed 74240K, reserved 1112064K
  class space    used 10562K, capacity 10649K, committed 10752K, reserved 1048576K
}
Event: 2269.121 GC heap before
{Heap before GC invocations=429 (full 62):
 PSYoungGen      total 45568K, used 31904K [0x00000007bc400000, 0x00000007c0000000, 0x00000007c0000000)
  eden space 29184K, 100% used [0x00000007bc400000,0x00000007be080000,0x00000007be080000)
  from space 16384K, 16% used [0x00000007bf000000,0x00000007bf2a8000,0x00000007c0000000)
  to   space 15872K, 0% used [0x00000007be080000,0x00000007be080000,0x00000007bf000000)
 ParOldGen       total 177152K, used 141531K [0x0000000700000000, 0x000000070ad00000, 0x00000007bc400000)
  object space 177152K, 79% used [0x0000000700000000,0x0000000708a36db8,0x000000070ad00000)
 Metaspace       used 73051K, capacity 73466K, committed 74240K, reserved 1112064K
  class space    used 10562K, capacity 10649K, committed 10752K, reserved 1048576K
Event: 2269.128 GC heap after
Heap after GC invocations=429 (full 62):
 PSYoungGen      total 45056K, used 4416K [0x00000007bc400000, 0x00000007c0000000, 0x00000007c0000000)
  eden space 29184K, 0% used [0x00000007bc400000,0x00000007bc400000,0x00000007be080000)
  from space 15872K, 27% used [0x00000007be080000,0x00000007be4d0000,0x00000007bf000000)
  to   space 14848K, 0% used [0x00000007bf180000,0x00000007bf180000,0x00000007c0000000)
 ParOldGen       total 177152K, used 143547K [0x0000000700000000, 0x000000070ad00000, 0x00000007bc400000)
  object space 177152K, 81% used [0x0000000700000000,0x0000000708c2edc8,0x000000070ad00000)
 Metaspace       used 73051K, capacity 73466K, committed 74240K, reserved 1112064K
  class space    used 10562K, capacity 10649K, committed 10752K, reserved 1048576K
}
Event: 2269.191 GC heap before
{Heap before GC invocations=430 (full 62):
 PSYoungGen      total 45056K, used 33600K [0x00000007bc400000, 0x00000007c0000000, 0x00000007c0000000)
  eden space 29184K, 100% used [0x00000007bc400000,0x00000007be080000,0x00000007be080000)
  from space 15872K, 27% used [0x00000007be080000,0x00000007be4d0000,0x00000007bf000000)
  to   space 14848K, 0% used [0x00000007bf180000,0x00000007bf180000,0x00000007c0000000)
 ParOldGen       total 177152K, used 143547K [0x0000000700000000, 0x000000070ad00000, 0x00000007bc400000)
  object space 177152K, 81% used [0x0000000700000000,0x0000000708c2edc8,0x000000070ad00000)
 Metaspace       used 73051K, capacity 73466K, committed 74240K, reserved 1112064K
  class space    used 10562K, capacity 10649K, committed 10752K, reserved 1048576K
Event: 2269.196 GC heap after
Heap after GC invocations=430 (full 62):
 PSYoungGen      total 47616K, used 3616K [0x00000007bc400000, 0x00000007c0000000, 0x00000007c0000000)
  eden space 32768K, 0% used [0x00000007bc400000,0x00000007bc400000,0x00000007be400000)
  from space 14848K, 24% used [0x00000007bf180000,0x00000007bf508000,0x00000007c0000000)
  to   space 13824K, 0% used [0x00000007be400000,0x00000007be400000,0x00000007bf180000)
 ParOldGen       total 177152K, used 145539K [0x0000000700000000, 0x000000070ad00000, 0x00000007bc400000)
  object space 177152K, 82% used [0x0000000700000000,0x0000000708e20dc8,0x000000070ad00000)
 Metaspace       used 73051K, capacity 73466K, committed 74240K, reserved 1112064K
  class space    used 10562K, capacity 10649K, committed 10752K, reserved 1048576K
}
Event: 2269.325 GC heap before
{Heap before GC invocations=431 (full 62):
 PSYoungGen      total 47616K, used 36384K [0x00000007bc400000, 0x00000007c0000000, 0x00000007c0000000)
  eden space 32768K, 100% used [0x00000007bc400000,0x00000007be400000,0x00000007be400000)
  from space 14848K, 24% used [0x00000007bf180000,0x00000007bf508000,0x00000007c0000000)
  to   space 13824K, 0% used [0x00000007be400000,0x00000007be400000,0x00000007bf180000)
 ParOldGen       total 177152K, used 145539K [0x0000000700000000, 0x000000070ad00000, 0x00000007bc400000)
  object space 177152K, 82% used [0x0000000700000000,0x0000000708e20dc8,0x000000070ad00000)
 Metaspace       used 73051K, capacity 73466K, committed 74240K, reserved 1112064K
  class space    used 10562K, capacity 10649K, committed 10752K, reserved 1048576K
Event: 2269.334 GC heap after
Heap after GC invocations=431 (full 62):
 PSYoungGen      total 46592K, used 5696K [0x00000007bc400000, 0x00000007c0000000, 0x00000007c0000000)
  eden space 32768K, 0% used [0x00000007bc400000,0x00000007bc400000,0x00000007be400000)
  from space 13824K, 41% used [0x00000007be400000,0x00000007be990000,0x00000007bf180000)
  to   space 13312K, 0% used [0x00000007bf300000,0x00000007bf300000,0x00000007c0000000)
 ParOldGen       total 177152K, used 148347K [0x0000000700000000, 0x000000070ad00000, 0x00000007bc400000)
  object space 177152K, 83% used [0x0000000700000000,0x00000007090dedc8,0x000000070ad00000)
 Metaspace       used 73051K, capacity 73466K, committed 74240K, reserved 1112064K
  class space    used 10562K, capacity 10649K, committed 10752K, reserved 1048576K
}
Event: 2269.496 GC heap before
{Heap before GC invocations=432 (full 62):
 PSYoungGen      total 46592K, used 38464K [0x00000007bc400000, 0x00000007c0000000, 0x00000007c0000000)
  eden space 32768K, 100% used [0x00000007bc400000,0x00000007be400000,0x00000007be400000)
  from space 13824K, 41% used [0x00000007be400000,0x00000007be990000,0x00000007bf180000)
  to   space 13312K, 0% used [0x00000007bf300000,0x00000007bf300000,0x00000007c0000000)
 ParOldGen       total 177152K, used 148347K [0x0000000700000000, 0x000000070ad00000, 0x00000007bc400000)
  object space 177152K, 83% used [0x0000000700000000,0x00000007090dedc8,0x000000070ad00000)
 Metaspace       used 73054K, capacity 73466K, committed 74240K, reserved 1112064K
  class space    used 10562K, capacity 10649K, committed 10752K, reserved 1048576K
Event: 2269.503 GC heap after
Heap after GC invocations=432 (full 62):
 PSYoungGen      total 48640K, used 3616K [0x00000007bc400000, 0x00000007c0000000, 0x00000007c0000000)
  eden space 35328K, 0% used [0x00000007bc400000,0x00000007bc400000,0x00000007be680000)
  from space 13312K, 27% used [0x00000007bf300000,0x00000007bf688000,0x00000007c0000000)
  to   space 12800K, 0% used [0x00000007be680000,0x00000007be680000,0x00000007bf300000)
 ParOldGen       total 177152K, used 151573K [0x0000000700000000, 0x000000070ad00000, 0x00000007bc400000)
  object space 177152K, 85% used [0x0000000700000000,0x00000007094055e8,0x000000070ad00000)
 Metaspace       used 73054K, capacity 73466K, committed 74240K, reserved 1112064K
  class space    used 10562K, capacity 10649K, committed 10752K, reserved 1048576K
}

