# JRE version: Java(TM) SE Runtime Environment (8.0_66-b18) (build 1.8.0_66-b18)
# Java VM: Java HotSpot(TM) 64-Bit Server VM (25.66-b18 mixed mode windows-amd64 compressed oops)
Heap:
 PSYoungGen      total 172544K, used 38740K [0x00000000f5580000, 0x0000000100000000, 0x0000000100000000)
  eden space 170496K, 22% used [0x00000000f5580000,0x00000000f7b550f8,0x00000000ffc00000)
  from space 2048K, 0% used [0x00000000ffc00000,0x00000000ffc00000,0x00000000ffe00000)
  to   space 2048K, 0% used [0x00000000ffe00000,0x00000000ffe00000,0x0000000100000000)
 ParOldGen       total 105472K, used 64945K [0x00000000e0000000, 0x00000000e6700000, 0x00000000f5580000)
  object space 105472K, 61% used [0x00000000e0000000,0x00000000e3f6c6a0,0x00000000e6700000)
 Metaspace       used 89906K, capacity 97362K, committed 97624K, reserved 1134592K
  class space    used 10621K, capacity 13069K, committed 13184K, reserved 1048576K
GC Heap History (10 events):
Event: 812.943 GC heap before
{Heap before GC invocations=191 (full 8):
 PSYoungGen      total 172544K, used 171383K [0x00000000f5580000, 0x0000000100000000, 0x0000000100000000)
  eden space 170496K, 100% used [0x00000000f5580000,0x00000000ffc00000,0x00000000ffc00000)
  from space 2048K, 43% used [0x00000000ffe00000,0x00000000ffeddea8,0x0000000100000000)
  to   space 2048K, 0% used [0x00000000ffc00000,0x00000000ffc00000,0x00000000ffe00000)
 ParOldGen       total 105472K, used 69177K [0x00000000e0000000, 0x00000000e6700000, 0x00000000f5580000)
  object space 105472K, 65% used [0x00000000e0000000,0x00000000e438e5f0,0x00000000e6700000)
 Metaspace       used 88980K, capacity 96456K, committed 96856K, reserved 1132544K
  class space    used 10519K, capacity 12876K, committed 12928K, reserved 1048576K
Event: 812.960 GC heap after
Heap after GC invocations=191 (full 8):
 PSYoungGen      total 172544K, used 1246K [0x00000000f5580000, 0x0000000100000000, 0x0000000100000000)
  eden space 170496K, 0% used [0x00000000f5580000,0x00000000f5580000,0x00000000ffc00000)
  from space 2048K, 60% used [0x00000000ffc00000,0x00000000ffd37968,0x00000000ffe00000)
  to   space 2048K, 0% used [0x00000000ffe00000,0x00000000ffe00000,0x0000000100000000)
 ParOldGen       total 105472K, used 69209K [0x00000000e0000000, 0x00000000e6700000, 0x00000000f5580000)
  object space 105472K, 65% used [0x00000000e0000000,0x00000000e43965f0,0x00000000e6700000)
 Metaspace       used 88980K, capacity 96456K, committed 96856K, reserved 1132544K
  class space    used 10519K, capacity 12876K, committed 12928K, reserved 1048576K
}
Event: 816.527 GC heap before
{Heap before GC invocations=192 (full 8):
 PSYoungGen      total 172544K, used 22867K [0x00000000f5580000, 0x0000000100000000, 0x0000000100000000)
  eden space 170496K, 12% used [0x00000000f5580000,0x00000000f6a9d5b0,0x00000000ffc00000)
  from space 2048K, 60% used [0x00000000ffc00000,0x00000000ffd37968,0x00000000ffe00000)
  to   space 2048K, 0% used [0x00000000ffe00000,0x00000000ffe00000,0x0000000100000000)
 ParOldGen       total 105472K, used 69209K [0x00000000e0000000, 0x00000000e6700000, 0x00000000f5580000)
  object space 105472K, 65% used [0x00000000e0000000,0x00000000e43965f0,0x00000000e6700000)
 Metaspace       used 88981K, capacity 96456K, committed 96856K, reserved 1132544K
  class space    used 10519K, capacity 12876K, committed 12928K, reserved 1048576K
Event: 816.531 GC heap after
Heap after GC invocations=192 (full 8):
 PSYoungGen      total 172544K, used 940K [0x00000000f5580000, 0x0000000100000000, 0x0000000100000000)
  eden space 170496K, 0% used [0x00000000f5580000,0x00000000f5580000,0x00000000ffc00000)
  from space 2048K, 45% used [0x00000000ffe00000,0x00000000ffeeb308,0x0000000100000000)
  to   space 2048K, 0% used [0x00000000ffc00000,0x00000000ffc00000,0x00000000ffe00000)
 ParOldGen       total 105472K, used 69233K [0x00000000e0000000, 0x00000000e6700000, 0x00000000f5580000)
  object space 105472K, 65% used [0x00000000e0000000,0x00000000e439c5f0,0x00000000e6700000)
 Metaspace       used 88981K, capacity 96456K, committed 96856K, reserved 1132544K
  class space    used 10519K, capacity 12876K, committed 12928K, reserved 1048576K
}
Event: 816.531 GC heap before
{Heap before GC invocations=193 (full 9):
 PSYoungGen      total 172544K, used 940K [0x00000000f5580000, 0x0000000100000000, 0x0000000100000000)
  eden space 170496K, 0% used [0x00000000f5580000,0x00000000f5580000,0x00000000ffc00000)
  from space 2048K, 45% used [0x00000000ffe00000,0x00000000ffeeb308,0x0000000100000000)
  to   space 2048K, 0% used [0x00000000ffc00000,0x00000000ffc00000,0x00000000ffe00000)
 ParOldGen       total 105472K, used 69233K [0x00000000e0000000, 0x00000000e6700000, 0x00000000f5580000)
  object space 105472K, 65% used [0x00000000e0000000,0x00000000e439c5f0,0x00000000e6700000)
 Metaspace       used 88981K, capacity 96456K, committed 96856K, reserved 1132544K
  class space    used 10519K, capacity 12876K, committed 12928K, reserved 1048576K
Event: 816.795 GC heap after
Heap after GC invocations=193 (full 9):
 PSYoungGen      total 172544K, used 0K [0x00000000f5580000, 0x0000000100000000, 0x0000000100000000)
  eden space 170496K, 0% used [0x00000000f5580000,0x00000000f5580000,0x00000000ffc00000)
  from space 2048K, 0% used [0x00000000ffe00000,0x00000000ffe00000,0x0000000100000000)
  to   space 2048K, 0% used [0x00000000ffc00000,0x00000000ffc00000,0x00000000ffe00000)
 ParOldGen       total 105472K, used 65278K [0x00000000e0000000, 0x00000000e6700000, 0x00000000f5580000)
  object space 105472K, 61% used [0x00000000e0000000,0x00000000e3fbf840,0x00000000e6700000)
 Metaspace       used 88981K, capacity 96456K, committed 96856K, reserved 1132544K
  class space    used 10519K, capacity 12876K, committed 12928K, reserved 1048576K
}
Event: 876.541 GC heap before
{Heap before GC invocations=194 (full 9):
 PSYoungGen      total 172544K, used 8546K [0x00000000f5580000, 0x0000000100000000, 0x0000000100000000)
  eden space 170496K, 5% used [0x00000000f5580000,0x00000000f5dd8940,0x00000000ffc00000)
  from space 2048K, 0% used [0x00000000ffe00000,0x00000000ffe00000,0x0000000100000000)
  to   space 2048K, 0% used [0x00000000ffc00000,0x00000000ffc00000,0x00000000ffe00000)
 ParOldGen       total 105472K, used 65278K [0x00000000e0000000, 0x00000000e6700000, 0x00000000f5580000)
  object space 105472K, 61% used [0x00000000e0000000,0x00000000e3fbf840,0x00000000e6700000)
 Metaspace       used 88998K, capacity 96456K, committed 96856K, reserved 1132544K
  class space    used 10520K, capacity 12876K, committed 12928K, reserved 1048576K
Event: 876.543 GC heap after
Heap after GC invocations=194 (full 9):
 PSYoungGen      total 172544K, used 224K [0x00000000f5580000, 0x0000000100000000, 0x0000000100000000)
  eden space 170496K, 0% used [0x00000000f5580000,0x00000000f5580000,0x00000000ffc00000)
  from space 2048K, 10% used [0x00000000ffc00000,0x00000000ffc38000,0x00000000ffe00000)
  to   space 2048K, 0% used [0x00000000ffe00000,0x00000000ffe00000,0x0000000100000000)
 ParOldGen       total 105472K, used 65278K [0x00000000e0000000, 0x00000000e6700000, 0x00000000f5580000)
  object space 105472K, 61% used [0x00000000e0000000,0x00000000e3fbf840,0x00000000e6700000)
 Metaspace       used 88998K, capacity 96456K, committed 96856K, reserved 1132544K
  class space    used 10520K, capacity 12876K, committed 12928K, reserved 1048576K
}
Event: 876.543 GC heap before
{Heap before GC invocations=195 (full 10):
 PSYoungGen      total 172544K, used 224K [0x00000000f5580000, 0x0000000100000000, 0x0000000100000000)
  eden space 170496K, 0% used [0x00000000f5580000,0x00000000f5580000,0x00000000ffc00000)
  from space 2048K, 10% used [0x00000000ffc00000,0x00000000ffc38000,0x00000000ffe00000)
  to   space 2048K, 0% used [0x00000000ffe00000,0x00000000ffe00000,0x0000000100000000)
 ParOldGen       total 105472K, used 65278K [0x00000000e0000000, 0x00000000e6700000, 0x00000000f5580000)
  object space 105472K, 61% used [0x00000000e0000000,0x00000000e3fbf840,0x00000000e6700000)
 Metaspace       used 88998K, capacity 96456K, committed 96856K, reserved 1132544K
  class space    used 10520K, capacity 12876K, committed 12928K, reserved 1048576K
Event: 876.702 GC heap after
Heap after GC invocations=195 (full 10):
 PSYoungGen      total 172544K, used 0K [0x00000000f5580000, 0x0000000100000000, 0x0000000100000000)
  eden space 170496K, 0% used [0x00000000f5580000,0x00000000f5580000,0x00000000ffc00000)
  from space 2048K, 0% used [0x00000000ffc00000,0x00000000ffc00000,0x00000000ffe00000)
  to   space 2048K, 0% used [0x00000000ffe00000,0x00000000ffe00000,0x0000000100000000)
 ParOldGen       total 105472K, used 64945K [0x00000000e0000000, 0x00000000e6700000, 0x00000000f5580000)
  object space 105472K, 61% used [0x00000000e0000000,0x00000000e3f6c6a0,0x00000000e6700000)
 Metaspace       used 88998K, capacity 96456K, committed 96856K, reserved 1132544K
  class space    used 10520K, capacity 12876K, committed 12928K, reserved 1048576K
}

