# JRE version: Java(TM) SE Runtime Environment (8.0_66-b18) (build 1.8.0_66-b18)
# Java VM: Java HotSpot(TM) 64-Bit Server VM (25.66-b18 mixed mode windows-amd64 compressed oops)
Heap:
 PSYoungGen      total 28672K, used 10273K [0x00000000f5580000, 0x00000000f9000000, 0x0000000100000000)
  eden space 28160K, 34% used [0x00000000f5580000,0x00000000f5f08520,0x00000000f7100000)
  from space 512K, 100% used [0x00000000f8f80000,0x00000000f9000000,0x00000000f9000000)
  to   space 2048K, 0% used [0x00000000f8c00000,0x00000000f8c00000,0x00000000f8e00000)
 ParOldGen       total 104960K, used 85095K [0x00000000e0000000, 0x00000000e6680000, 0x00000000f5580000)
  object space 104960K, 81% used [0x00000000e0000000,0x00000000e5319d18,0x00000000e6680000)
 Metaspace       used 100874K, capacity 108928K, committed 109080K, reserved 1144832K
  class space    used 11780K, capacity 14323K, committed 14384K, reserved 1048576K
GC Heap History (10 events):
Event: 9991.293 GC heap before
{Heap before GC invocations=1692 (full 140):
 PSYoungGen      total 30208K, used 28736K [0x00000000f5580000, 0x00000000f9280000, 0x0000000100000000)
  eden space 28160K, 100% used [0x00000000f5580000,0x00000000f7100000,0x00000000f7100000)
  from space 2048K, 28% used [0x00000000f8e80000,0x00000000f8f10000,0x00000000f9080000)
  to   space 2048K, 0% used [0x00000000f9080000,0x00000000f9080000,0x00000000f9280000)
 ParOldGen       total 104960K, used 83823K [0x00000000e0000000, 0x00000000e6680000, 0x00000000f5580000)
  object space 104960K, 79% used [0x00000000e0000000,0x00000000e51dbfc8,0x00000000e6680000)
 Metaspace       used 100172K, capacity 108034K, committed 108184K, reserved 1142784K
  class space    used 11700K, capacity 14157K, committed 14256K, reserved 1048576K
Event: 9991.296 GC heap after
Heap after GC invocations=1692 (full 140):
 PSYoungGen      total 29184K, used 704K [0x00000000f5580000, 0x00000000f9180000, 0x0000000100000000)
  eden space 28160K, 0% used [0x00000000f5580000,0x00000000f5580000,0x00000000f7100000)
  from space 1024K, 68% used [0x00000000f9080000,0x00000000f9130000,0x00000000f9180000)
  to   space 1536K, 0% used [0x00000000f8e80000,0x00000000f8e80000,0x00000000f9000000)
 ParOldGen       total 104960K, used 83823K [0x00000000e0000000, 0x00000000e6680000, 0x00000000f5580000)
  object space 104960K, 79% used [0x00000000e0000000,0x00000000e51dbfc8,0x00000000e6680000)
 Metaspace       used 100172K, capacity 108034K, committed 108184K, reserved 1142784K
  class space    used 11700K, capacity 14157K, committed 14256K, reserved 1048576K
}
Event: 9992.160 GC heap before
{Heap before GC invocations=1693 (full 140):
 PSYoungGen      total 29184K, used 28864K [0x00000000f5580000, 0x00000000f9180000, 0x0000000100000000)
  eden space 28160K, 100% used [0x00000000f5580000,0x00000000f7100000,0x00000000f7100000)
  from space 1024K, 68% used [0x00000000f9080000,0x00000000f9130000,0x00000000f9180000)
  to   space 1536K, 0% used [0x00000000f8e80000,0x00000000f8e80000,0x00000000f9000000)
 ParOldGen       total 104960K, used 83823K [0x00000000e0000000, 0x00000000e6680000, 0x00000000f5580000)
  object space 104960K, 79% used [0x00000000e0000000,0x00000000e51dbfc8,0x00000000e6680000)
 Metaspace       used 100221K, capacity 108130K, committed 108440K, reserved 1142784K
  class space    used 11706K, capacity 14189K, committed 14256K, reserved 1048576K
Event: 9992.163 GC heap after
Heap after GC invocations=1693 (full 140):
 PSYoungGen      total 29184K, used 787K [0x00000000f5580000, 0x00000000f9100000, 0x0000000100000000)
  eden space 28160K, 0% used [0x00000000f5580000,0x00000000f5580000,0x00000000f7100000)
  from space 1024K, 76% used [0x00000000f8e80000,0x00000000f8f44d30,0x00000000f8f80000)
  to   space 1536K, 0% used [0x00000000f8f80000,0x00000000f8f80000,0x00000000f9100000)
 ParOldGen       total 104960K, used 83823K [0x00000000e0000000, 0x00000000e6680000, 0x00000000f5580000)
  object space 104960K, 79% used [0x00000000e0000000,0x00000000e51dbfc8,0x00000000e6680000)
 Metaspace       used 100221K, capacity 108130K, committed 108440K, reserved 1142784K
  class space    used 11706K, capacity 14189K, committed 14256K, reserved 1048576K
}
Event: 9992.456 GC heap before
{Heap before GC invocations=1694 (full 140):
 PSYoungGen      total 29184K, used 28947K [0x00000000f5580000, 0x00000000f9100000, 0x0000000100000000)
  eden space 28160K, 100% used [0x00000000f5580000,0x00000000f7100000,0x00000000f7100000)
  from space 1024K, 76% used [0x00000000f8e80000,0x00000000f8f44d30,0x00000000f8f80000)
  to   space 1536K, 0% used [0x00000000f8f80000,0x00000000f8f80000,0x00000000f9100000)
 ParOldGen       total 104960K, used 83823K [0x00000000e0000000, 0x00000000e6680000, 0x00000000f5580000)
  object space 104960K, 79% used [0x00000000e0000000,0x00000000e51dbfc8,0x00000000e6680000)
 Metaspace       used 100443K, capacity 108514K, committed 108824K, reserved 1144832K
  class space    used 11732K, capacity 14253K, committed 14384K, reserved 1048576K
Event: 9992.459 GC heap after
Heap after GC invocations=1694 (full 140):
 PSYoungGen      total 29696K, used 1214K [0x00000000f5580000, 0x00000000f9100000, 0x0000000100000000)
  eden space 28160K, 0% used [0x00000000f5580000,0x00000000f5580000,0x00000000f7100000)
  from space 1536K, 79% used [0x00000000f8f80000,0x00000000f90afb38,0x00000000f9100000)
  to   space 1536K, 0% used [0x00000000f8e00000,0x00000000f8e00000,0x00000000f8f80000)
 ParOldGen       total 104960K, used 83847K [0x00000000e0000000, 0x00000000e6680000, 0x00000000f5580000)
  object space 104960K, 79% used [0x00000000e0000000,0x00000000e51e1fc8,0x00000000e6680000)
 Metaspace       used 100443K, capacity 108514K, committed 108824K, reserved 1144832K
  class space    used 11732K, capacity 14253K, committed 14384K, reserved 1048576K
}
Event: 9992.937 GC heap before
{Heap before GC invocations=1695 (full 140):
 PSYoungGen      total 29696K, used 29374K [0x00000000f5580000, 0x00000000f9100000, 0x0000000100000000)
  eden space 28160K, 100% used [0x00000000f5580000,0x00000000f7100000,0x00000000f7100000)
  from space 1536K, 79% used [0x00000000f8f80000,0x00000000f90afb38,0x00000000f9100000)
  to   space 1536K, 0% used [0x00000000f8e00000,0x00000000f8e00000,0x00000000f8f80000)
 ParOldGen       total 104960K, used 83847K [0x00000000e0000000, 0x00000000e6680000, 0x00000000f5580000)
  object space 104960K, 79% used [0x00000000e0000000,0x00000000e51e1fc8,0x00000000e6680000)
 Metaspace       used 100536K, capacity 108602K, committed 108824K, reserved 1144832K
  class space    used 11742K, capacity 14257K, committed 14384K, reserved 1048576K
Event: 9992.940 GC heap after
Heap after GC invocations=1695 (full 140):
 PSYoungGen      total 29696K, used 1216K [0x00000000f5580000, 0x00000000f9000000, 0x0000000100000000)
  eden space 28160K, 0% used [0x00000000f5580000,0x00000000f5580000,0x00000000f7100000)
  from space 1536K, 79% used [0x00000000f8e00000,0x00000000f8f30000,0x00000000f8f80000)
  to   space 512K, 0% used [0x00000000f8f80000,0x00000000f8f80000,0x00000000f9000000)
 ParOldGen       total 104960K, used 83951K [0x00000000e0000000, 0x00000000e6680000, 0x00000000f5580000)
  object space 104960K, 79% used [0x00000000e0000000,0x00000000e51fbfc8,0x00000000e6680000)
 Metaspace       used 100536K, capacity 108602K, committed 108824K, reserved 1144832K
  class space    used 11742K, capacity 14257K, committed 14384K, reserved 1048576K
}
Event: 9993.729 GC heap before
{Heap before GC invocations=1696 (full 140):
 PSYoungGen      total 29696K, used 29376K [0x00000000f5580000, 0x00000000f9000000, 0x0000000100000000)
  eden space 28160K, 100% used [0x00000000f5580000,0x00000000f7100000,0x00000000f7100000)
  from space 1536K, 79% used [0x00000000f8e00000,0x00000000f8f30000,0x00000000f8f80000)
  to   space 512K, 0% used [0x00000000f8f80000,0x00000000f8f80000,0x00000000f9000000)
 ParOldGen       total 104960K, used 83951K [0x00000000e0000000, 0x00000000e6680000, 0x00000000f5580000)
  object space 104960K, 79% used [0x00000000e0000000,0x00000000e51fbfc8,0x00000000e6680000)
 Metaspace       used 100710K, capacity 108798K, committed 109080K, reserved 1144832K
  class space    used 11762K, capacity 14321K, committed 14384K, reserved 1048576K
Event: 9993.734 GC heap after
Heap after GC invocations=1696 (full 140):
 PSYoungGen      total 28672K, used 512K [0x00000000f5580000, 0x00000000f9000000, 0x0000000100000000)
  eden space 28160K, 0% used [0x00000000f5580000,0x00000000f5580000,0x00000000f7100000)
  from space 512K, 100% used [0x00000000f8f80000,0x00000000f9000000,0x00000000f9000000)
  to   space 2048K, 0% used [0x00000000f8c00000,0x00000000f8c00000,0x00000000f8e00000)
 ParOldGen       total 104960K, used 85095K [0x00000000e0000000, 0x00000000e6680000, 0x00000000f5580000)
  object space 104960K, 81% used [0x00000000e0000000,0x00000000e5319d18,0x00000000e6680000)
 Metaspace       used 100710K, capacity 108798K, committed 109080K, reserved 1144832K
  class space    used 11762K, capacity 14321K, committed 14384K, reserved 1048576K
}

