# JRE version: Java(TM) SE Runtime Environment (8.0_66-b18) (build 1.8.0_66-b18)
# Java VM: Java HotSpot(TM) 64-Bit Server VM (25.66-b18 mixed mode windows-amd64 compressed oops)
Heap:
 PSYoungGen      total 137216K, used 114000K [0x00000000f5580000, 0x00000000ffa00000, 0x0000000100000000)
  eden space 121344K, 80% used [0x00000000f5580000,0x00000000fb56e8b8,0x00000000fcc00000)
  from space 15872K, 99% used [0x00000000fd000000,0x00000000fdf65b38,0x00000000fdf80000)
  to   space 23552K, 0% used [0x00000000fe300000,0x00000000fe300000,0x00000000ffa00000)
 ParOldGen       total 122880K, used 59988K [0x00000000e0000000, 0x00000000e7800000, 0x00000000f5580000)
  object space 122880K, 48% used [0x00000000e0000000,0x00000000e3a95198,0x00000000e7800000)
 Metaspace       used 89900K, capacity 97624K, committed 97880K, reserved 1134592K
  class space    used 10678K, capacity 13122K, committed 13184K, reserved 1048576K
GC Heap History (10 events):
Event: 134.988 GC heap before
{Heap before GC invocations=19 (full 4):
 PSYoungGen      total 142336K, used 130941K [0x00000000f5580000, 0x00000000ffd00000, 0x0000000100000000)
  eden space 117248K, 100% used [0x00000000f5580000,0x00000000fc800000,0x00000000fc800000)
  from space 25088K, 54% used [0x00000000fe480000,0x00000000ff1df430,0x00000000ffd00000)
  to   space 27136K, 0% used [0x00000000fc800000,0x00000000fc800000,0x00000000fe280000)
 ParOldGen       total 122880K, used 59956K [0x00000000e0000000, 0x00000000e7800000, 0x00000000f5580000)
  object space 122880K, 48% used [0x00000000e0000000,0x00000000e3a8d198,0x00000000e7800000)
 Metaspace       used 85248K, capacity 92558K, committed 92888K, reserved 1130496K
  class space    used 10364K, capacity 12727K, committed 12800K, reserved 1048576K
Event: 135.000 GC heap after
Heap after GC invocations=19 (full 4):
 PSYoungGen      total 144384K, used 10415K [0x00000000f5580000, 0x00000000fff00000, 0x0000000100000000)
  eden space 117248K, 0% used [0x00000000f5580000,0x00000000f5580000,0x00000000fc800000)
  from space 27136K, 38% used [0x00000000fc800000,0x00000000fd22bce8,0x00000000fe280000)
  to   space 25600K, 0% used [0x00000000fe600000,0x00000000fe600000,0x00000000fff00000)
 ParOldGen       total 122880K, used 59964K [0x00000000e0000000, 0x00000000e7800000, 0x00000000f5580000)
  object space 122880K, 48% used [0x00000000e0000000,0x00000000e3a8f198,0x00000000e7800000)
 Metaspace       used 85248K, capacity 92558K, committed 92888K, reserved 1130496K
  class space    used 10364K, capacity 12727K, committed 12800K, reserved 1048576K
}
Event: 167.182 GC heap before
{Heap before GC invocations=20 (full 4):
 PSYoungGen      total 144384K, used 127663K [0x00000000f5580000, 0x00000000fff00000, 0x0000000100000000)
  eden space 117248K, 100% used [0x00000000f5580000,0x00000000fc800000,0x00000000fc800000)
  from space 27136K, 38% used [0x00000000fc800000,0x00000000fd22bce8,0x00000000fe280000)
  to   space 25600K, 0% used [0x00000000fe600000,0x00000000fe600000,0x00000000fff00000)
 ParOldGen       total 122880K, used 59964K [0x00000000e0000000, 0x00000000e7800000, 0x00000000f5580000)
  object space 122880K, 48% used [0x00000000e0000000,0x00000000e3a8f198,0x00000000e7800000)
 Metaspace       used 86166K, capacity 93492K, committed 93656K, reserved 1130496K
  class space    used 10423K, capacity 12760K, committed 12800K, reserved 1048576K
Event: 167.213 GC heap after
Heap after GC invocations=20 (full 4):
 PSYoungGen      total 145920K, used 13142K [0x00000000f5580000, 0x00000000ffd80000, 0x0000000100000000)
  eden space 121856K, 0% used [0x00000000f5580000,0x00000000f5580000,0x00000000fcc80000)
  from space 24064K, 54% used [0x00000000fe600000,0x00000000ff2d5888,0x00000000ffd80000)
  to   space 25088K, 0% used [0x00000000fcc80000,0x00000000fcc80000,0x00000000fe500000)
 ParOldGen       total 122880K, used 59964K [0x00000000e0000000, 0x00000000e7800000, 0x00000000f5580000)
  object space 122880K, 48% used [0x00000000e0000000,0x00000000e3a8f198,0x00000000e7800000)
 Metaspace       used 86166K, capacity 93492K, committed 93656K, reserved 1130496K
  class space    used 10423K, capacity 12760K, committed 12800K, reserved 1048576K
}
Event: 175.092 GC heap before
{Heap before GC invocations=21 (full 4):
 PSYoungGen      total 145920K, used 134998K [0x00000000f5580000, 0x00000000ffd80000, 0x0000000100000000)
  eden space 121856K, 100% used [0x00000000f5580000,0x00000000fcc80000,0x00000000fcc80000)
  from space 24064K, 54% used [0x00000000fe600000,0x00000000ff2d5888,0x00000000ffd80000)
  to   space 25088K, 0% used [0x00000000fcc80000,0x00000000fcc80000,0x00000000fe500000)
 ParOldGen       total 122880K, used 59964K [0x00000000e0000000, 0x00000000e7800000, 0x00000000f5580000)
  object space 122880K, 48% used [0x00000000e0000000,0x00000000e3a8f198,0x00000000e7800000)
 Metaspace       used 87072K, capacity 94260K, committed 94552K, reserved 1130496K
  class space    used 10486K, capacity 12824K, committed 12928K, reserved 1048576K
Event: 175.100 GC heap after
Heap after GC invocations=21 (full 4):
 PSYoungGen      total 146944K, used 13465K [0x00000000f5580000, 0x00000000fff00000, 0x0000000100000000)
  eden space 121856K, 0% used [0x00000000f5580000,0x00000000f5580000,0x00000000fcc80000)
  from space 25088K, 53% used [0x00000000fcc80000,0x00000000fd9a6490,0x00000000fe500000)
  to   space 24064K, 0% used [0x00000000fe780000,0x00000000fe780000,0x00000000fff00000)
 ParOldGen       total 122880K, used 59972K [0x00000000e0000000, 0x00000000e7800000, 0x00000000f5580000)
  object space 122880K, 48% used [0x00000000e0000000,0x00000000e3a91198,0x00000000e7800000)
 Metaspace       used 87072K, capacity 94260K, committed 94552K, reserved 1130496K
  class space    used 10486K, capacity 12824K, committed 12928K, reserved 1048576K
}
Event: 180.282 GC heap before
{Heap before GC invocations=22 (full 4):
 PSYoungGen      total 146944K, used 135321K [0x00000000f5580000, 0x00000000fff00000, 0x0000000100000000)
  eden space 121856K, 100% used [0x00000000f5580000,0x00000000fcc80000,0x00000000fcc80000)
  from space 25088K, 53% used [0x00000000fcc80000,0x00000000fd9a6490,0x00000000fe500000)
  to   space 24064K, 0% used [0x00000000fe780000,0x00000000fe780000,0x00000000fff00000)
 ParOldGen       total 122880K, used 59972K [0x00000000e0000000, 0x00000000e7800000, 0x00000000f5580000)
  object space 122880K, 48% used [0x00000000e0000000,0x00000000e3a91198,0x00000000e7800000)
 Metaspace       used 87520K, capacity 94864K, committed 95064K, reserved 1132544K
  class space    used 10499K, capacity 12828K, committed 12928K, reserved 1048576K
Event: 180.289 GC heap after
Heap after GC invocations=22 (full 4):
 PSYoungGen      total 148480K, used 13212K [0x00000000f5580000, 0x00000000ffe00000, 0x0000000100000000)
  eden space 125440K, 0% used [0x00000000f5580000,0x00000000f5580000,0x00000000fd000000)
  from space 23040K, 57% used [0x00000000fe780000,0x00000000ff467208,0x00000000ffe00000)
  to   space 23552K, 0% used [0x00000000fd000000,0x00000000fd000000,0x00000000fe700000)
 ParOldGen       total 122880K, used 59980K [0x00000000e0000000, 0x00000000e7800000, 0x00000000f5580000)
  object space 122880K, 48% used [0x00000000e0000000,0x00000000e3a93198,0x00000000e7800000)
 Metaspace       used 87520K, capacity 94864K, committed 95064K, reserved 1132544K
  class space    used 10499K, capacity 12828K, committed 12928K, reserved 1048576K
}
Event: 694.624 GC heap before
{Heap before GC invocations=23 (full 4):
 PSYoungGen      total 148480K, used 138652K [0x00000000f5580000, 0x00000000ffe00000, 0x0000000100000000)
  eden space 125440K, 100% used [0x00000000f5580000,0x00000000fd000000,0x00000000fd000000)
  from space 23040K, 57% used [0x00000000fe780000,0x00000000ff467208,0x00000000ffe00000)
  to   space 23552K, 0% used [0x00000000fd000000,0x00000000fd000000,0x00000000fe700000)
 ParOldGen       total 122880K, used 59980K [0x00000000e0000000, 0x00000000e7800000, 0x00000000f5580000)
  object space 122880K, 48% used [0x00000000e0000000,0x00000000e3a93198,0x00000000e7800000)
 Metaspace       used 88743K, capacity 96374K, committed 96600K, reserved 1132544K
  class space    used 10570K, capacity 12925K, committed 12928K, reserved 1048576K
Event: 694.635 GC heap after
Heap after GC invocations=23 (full 4):
 PSYoungGen      total 137216K, used 15766K [0x00000000f5580000, 0x00000000ffa00000, 0x0000000100000000)
  eden space 121344K, 0% used [0x00000000f5580000,0x00000000f5580000,0x00000000fcc00000)
  from space 15872K, 99% used [0x00000000fd000000,0x00000000fdf65b38,0x00000000fdf80000)
  to   space 23552K, 0% used [0x00000000fe300000,0x00000000fe300000,0x00000000ffa00000)
 ParOldGen       total 122880K, used 59988K [0x00000000e0000000, 0x00000000e7800000, 0x00000000f5580000)
  object space 122880K, 48% used [0x00000000e0000000,0x00000000e3a95198,0x00000000e7800000)
 Metaspace       used 88743K, capacity 96374K, committed 96600K, reserved 1132544K
  class space    used 10570K, capacity 12925K, committed 12928K, reserved 1048576K
}

