# JRE version: Java(TM) SE Runtime Environment (8.0_66-b18) (build 1.8.0_66-b18)
# Java VM: Java HotSpot(TM) 64-Bit Server VM (25.66-b18 mixed mode windows-amd64 compressed oops)
Heap:
 PSYoungGen      total 54272K, used 13801K [0x00000000f5580000, 0x00000000f9100000, 0x0000000100000000)
  eden space 47616K, 22% used [0x00000000f5580000,0x00000000f601bbc8,0x00000000f8400000)
  from space 6656K, 44% used [0x00000000f8a80000,0x00000000f8d5eb80,0x00000000f9100000)
  to   space 6656K, 0% used [0x00000000f8400000,0x00000000f8400000,0x00000000f8a80000)
 ParOldGen       total 120320K, used 72355K [0x00000000e0000000, 0x00000000e7580000, 0x00000000f5580000)
  object space 120320K, 60% used [0x00000000e0000000,0x00000000e46a8ea8,0x00000000e7580000)
 Metaspace       used 108370K, capacity 116218K, committed 116520K, reserved 1150976K
  class space    used 12747K, capacity 15330K, committed 15408K, reserved 1048576K
GC Heap History (10 events):
Event: 3650.367 GC heap before
{Heap before GC invocations=242 (full 48):
 PSYoungGen      total 54784K, used 51288K [0x00000000f5580000, 0x00000000f9280000, 0x0000000100000000)
  eden space 47616K, 100% used [0x00000000f5580000,0x00000000f8400000,0x00000000f8400000)
  from space 7168K, 51% used [0x00000000f8400000,0x00000000f87963b0,0x00000000f8b00000)
  to   space 7168K, 0% used [0x00000000f8b80000,0x00000000f8b80000,0x00000000f9280000)
 ParOldGen       total 120320K, used 72355K [0x00000000e0000000, 0x00000000e7580000, 0x00000000f5580000)
  object space 120320K, 60% used [0x00000000e0000000,0x00000000e46a8ea8,0x00000000e7580000)
 Metaspace       used 107777K, capacity 115726K, committed 116136K, reserved 1150976K
  class space    used 12687K, capacity 15260K, committed 15280K, reserved 1048576K
Event: 3650.372 GC heap after
Heap after GC invocations=242 (full 48):
 PSYoungGen      total 55296K, used 4101K [0x00000000f5580000, 0x00000000f9280000, 0x0000000100000000)
  eden space 48128K, 0% used [0x00000000f5580000,0x00000000f5580000,0x00000000f8480000)
  from space 7168K, 57% used [0x00000000f8b80000,0x00000000f8f81580,0x00000000f9280000)
  to   space 7168K, 0% used [0x00000000f8480000,0x00000000f8480000,0x00000000f8b80000)
 ParOldGen       total 120320K, used 72355K [0x00000000e0000000, 0x00000000e7580000, 0x00000000f5580000)
  object space 120320K, 60% used [0x00000000e0000000,0x00000000e46a8ea8,0x00000000e7580000)
 Metaspace       used 107777K, capacity 115726K, committed 116136K, reserved 1150976K
  class space    used 12687K, capacity 15260K, committed 15280K, reserved 1048576K
}
Event: 3654.946 GC heap before
{Heap before GC invocations=243 (full 48):
 PSYoungGen      total 55296K, used 52229K [0x00000000f5580000, 0x00000000f9280000, 0x0000000100000000)
  eden space 48128K, 100% used [0x00000000f5580000,0x00000000f8480000,0x00000000f8480000)
  from space 7168K, 57% used [0x00000000f8b80000,0x00000000f8f81580,0x00000000f9280000)
  to   space 7168K, 0% used [0x00000000f8480000,0x00000000f8480000,0x00000000f8b80000)
 ParOldGen       total 120320K, used 72355K [0x00000000e0000000, 0x00000000e7580000, 0x00000000f5580000)
  object space 120320K, 60% used [0x00000000e0000000,0x00000000e46a8ea8,0x00000000e7580000)
 Metaspace       used 107803K, capacity 115726K, committed 116136K, reserved 1150976K
  class space    used 12687K, capacity 15260K, committed 15280K, reserved 1048576K
Event: 3654.952 GC heap after
Heap after GC invocations=243 (full 48):
 PSYoungGen      total 55296K, used 4236K [0x00000000f5580000, 0x00000000f9300000, 0x0000000100000000)
  eden space 48128K, 0% used [0x00000000f5580000,0x00000000f5580000,0x00000000f8480000)
  from space 7168K, 59% used [0x00000000f8480000,0x00000000f88a3200,0x00000000f8b80000)
  to   space 7168K, 0% used [0x00000000f8c00000,0x00000000f8c00000,0x00000000f9300000)
 ParOldGen       total 120320K, used 72355K [0x00000000e0000000, 0x00000000e7580000, 0x00000000f5580000)
  object space 120320K, 60% used [0x00000000e0000000,0x00000000e46a8ea8,0x00000000e7580000)
 Metaspace       used 107803K, capacity 115726K, committed 116136K, reserved 1150976K
  class space    used 12687K, capacity 15260K, committed 15280K, reserved 1048576K
}
Event: 3672.302 GC heap before
{Heap before GC invocations=244 (full 48):
 PSYoungGen      total 55296K, used 52364K [0x00000000f5580000, 0x00000000f9300000, 0x0000000100000000)
  eden space 48128K, 100% used [0x00000000f5580000,0x00000000f8480000,0x00000000f8480000)
  from space 7168K, 59% used [0x00000000f8480000,0x00000000f88a3200,0x00000000f8b80000)
  to   space 7168K, 0% used [0x00000000f8c00000,0x00000000f8c00000,0x00000000f9300000)
 ParOldGen       total 120320K, used 72355K [0x00000000e0000000, 0x00000000e7580000, 0x00000000f5580000)
  object space 120320K, 60% used [0x00000000e0000000,0x00000000e46a8ea8,0x00000000e7580000)
 Metaspace       used 107832K, capacity 115790K, committed 116136K, reserved 1150976K
  class space    used 12687K, capacity 15260K, committed 15280K, reserved 1048576K
Event: 3672.307 GC heap after
Heap after GC invocations=244 (full 48):
 PSYoungGen      total 53760K, used 3813K [0x00000000f5580000, 0x00000000f9200000, 0x0000000100000000)
  eden space 47616K, 0% used [0x00000000f5580000,0x00000000f5580000,0x00000000f8400000)
  from space 6144K, 62% used [0x00000000f8c00000,0x00000000f8fb95a0,0x00000000f9200000)
  to   space 7168K, 0% used [0x00000000f8400000,0x00000000f8400000,0x00000000f8b00000)
 ParOldGen       total 120320K, used 72355K [0x00000000e0000000, 0x00000000e7580000, 0x00000000f5580000)
  object space 120320K, 60% used [0x00000000e0000000,0x00000000e46a8ea8,0x00000000e7580000)
 Metaspace       used 107832K, capacity 115790K, committed 116136K, reserved 1150976K
  class space    used 12687K, capacity 15260K, committed 15280K, reserved 1048576K
}
Event: 3681.258 GC heap before
{Heap before GC invocations=245 (full 48):
 PSYoungGen      total 53760K, used 51429K [0x00000000f5580000, 0x00000000f9200000, 0x0000000100000000)
  eden space 47616K, 100% used [0x00000000f5580000,0x00000000f8400000,0x00000000f8400000)
  from space 6144K, 62% used [0x00000000f8c00000,0x00000000f8fb95a0,0x00000000f9200000)
  to   space 7168K, 0% used [0x00000000f8400000,0x00000000f8400000,0x00000000f8b00000)
 ParOldGen       total 120320K, used 72355K [0x00000000e0000000, 0x00000000e7580000, 0x00000000f5580000)
  object space 120320K, 60% used [0x00000000e0000000,0x00000000e46a8ea8,0x00000000e7580000)
 Metaspace       used 107893K, capacity 115802K, committed 116136K, reserved 1150976K
  class space    used 12692K, capacity 15262K, committed 15280K, reserved 1048576K
Event: 3681.265 GC heap after
Heap after GC invocations=245 (full 48):
 PSYoungGen      total 51712K, used 4337K [0x00000000f5580000, 0x00000000f9180000, 0x0000000100000000)
  eden space 47104K, 0% used [0x00000000f5580000,0x00000000f5580000,0x00000000f8380000)
  from space 4608K, 94% used [0x00000000f8400000,0x00000000f883c7b0,0x00000000f8880000)
  to   space 7168K, 0% used [0x00000000f8a80000,0x00000000f8a80000,0x00000000f9180000)
 ParOldGen       total 120320K, used 72355K [0x00000000e0000000, 0x00000000e7580000, 0x00000000f5580000)
  object space 120320K, 60% used [0x00000000e0000000,0x00000000e46a8ea8,0x00000000e7580000)
 Metaspace       used 107893K, capacity 115802K, committed 116136K, reserved 1150976K
  class space    used 12692K, capacity 15262K, committed 15280K, reserved 1048576K
}
Event: 3682.272 GC heap before
{Heap before GC invocations=246 (full 48):
 PSYoungGen      total 51712K, used 51441K [0x00000000f5580000, 0x00000000f9180000, 0x0000000100000000)
  eden space 47104K, 100% used [0x00000000f5580000,0x00000000f8380000,0x00000000f8380000)
  from space 4608K, 94% used [0x00000000f8400000,0x00000000f883c7b0,0x00000000f8880000)
  to   space 7168K, 0% used [0x00000000f8a80000,0x00000000f8a80000,0x00000000f9180000)
 ParOldGen       total 120320K, used 72355K [0x00000000e0000000, 0x00000000e7580000, 0x00000000f5580000)
  object space 120320K, 60% used [0x00000000e0000000,0x00000000e46a8ea8,0x00000000e7580000)
 Metaspace       used 108062K, capacity 116050K, committed 116520K, reserved 1150976K
  class space    used 12712K, capacity 15298K, committed 15408K, reserved 1048576K
Event: 3682.283 GC heap after
Heap after GC invocations=246 (full 48):
 PSYoungGen      total 54272K, used 2938K [0x00000000f5580000, 0x00000000f9100000, 0x0000000100000000)
  eden space 47616K, 0% used [0x00000000f5580000,0x00000000f5580000,0x00000000f8400000)
  from space 6656K, 44% used [0x00000000f8a80000,0x00000000f8d5eb80,0x00000000f9100000)
  to   space 6656K, 0% used [0x00000000f8400000,0x00000000f8400000,0x00000000f8a80000)
 ParOldGen       total 120320K, used 72355K [0x00000000e0000000, 0x00000000e7580000, 0x00000000f5580000)
  object space 120320K, 60% used [0x00000000e0000000,0x00000000e46a8ea8,0x00000000e7580000)
 Metaspace       used 108062K, capacity 116050K, committed 116520K, reserved 1150976K
  class space    used 12712K, capacity 15298K, committed 15408K, reserved 1048576K
}

