# JRE version: Java(TM) SE Runtime Environment (8.0_66-b18) (build 1.8.0_66-b18)
# Java VM: Java HotSpot(TM) 64-Bit Server VM (25.66-b18 mixed mode windows-amd64 compressed oops)
Heap:
 PSYoungGen      total 44032K, used 29019K [0x00000007bc400000, 0x00000007c0000000, 0x00000007c0000000)
  eden space 26624K, 77% used [0x00000007bc400000,0x00000007bd81c7c0,0x00000007bde00000)
  from space 17408K, 48% used [0x00000007bde00000,0x00000007be63a4e0,0x00000007bef00000)
  to   space 17408K, 0% used [0x00000007bef00000,0x00000007bef00000,0x00000007c0000000)
 ParOldGen       total 175104K, used 99883K [0x0000000700000000, 0x000000070ab00000, 0x00000007bc400000)
  object space 175104K, 57% used [0x0000000700000000,0x000000070618ac48,0x000000070ab00000)
 Metaspace       used 65340K, capacity 65762K, committed 66432K, reserved 1105920K
  class space    used 9658K, capacity 9775K, committed 9856K, reserved 1048576K
GC Heap History (10 events):
Event: 953.752 GC heap before
{Heap before GC invocations=164 (full 11):
 PSYoungGen      total 44032K, used 39269K [0x00000007bc400000, 0x00000007c0000000, 0x00000007c0000000)
  eden space 26624K, 100% used [0x00000007bc400000,0x00000007bde00000,0x00000007bde00000)
  from space 17408K, 72% used [0x00000007bef00000,0x00000007bfb597f8,0x00000007c0000000)
  to   space 17408K, 0% used [0x00000007bde00000,0x00000007bde00000,0x00000007bef00000)
 ParOldGen       total 175104K, used 92870K [0x0000000700000000, 0x000000070ab00000, 0x00000007bc400000)
  object space 175104K, 53% used [0x0000000700000000,0x0000000705ab1bf8,0x000000070ab00000)
 Metaspace       used 65194K, capacity 65634K, committed 66176K, reserved 1105920K
  class space    used 9658K, capacity 9775K, committed 9856K, reserved 1048576K
Event: 953.759 GC heap after
Heap after GC invocations=164 (full 11):
 PSYoungGen      total 39424K, used 12346K [0x00000007bc400000, 0x00000007c0000000, 0x00000007c0000000)
  eden space 26624K, 0% used [0x00000007bc400000,0x00000007bc400000,0x00000007bde00000)
  from space 12800K, 96% used [0x00000007bde00000,0x00000007bea0e940,0x00000007bea80000)
  to   space 17920K, 0% used [0x00000007bee80000,0x00000007bee80000,0x00000007c0000000)
 ParOldGen       total 175104K, used 92878K [0x0000000700000000, 0x000000070ab00000, 0x00000007bc400000)
  object space 175104K, 53% used [0x0000000700000000,0x0000000705ab3bf8,0x000000070ab00000)
 Metaspace       used 65194K, capacity 65634K, committed 66176K, reserved 1105920K
  class space    used 9658K, capacity 9775K, committed 9856K, reserved 1048576K
}
Event: 954.064 GC heap before
{Heap before GC invocations=165 (full 11):
 PSYoungGen      total 39424K, used 38970K [0x00000007bc400000, 0x00000007c0000000, 0x00000007c0000000)
  eden space 26624K, 100% used [0x00000007bc400000,0x00000007bde00000,0x00000007bde00000)
  from space 12800K, 96% used [0x00000007bde00000,0x00000007bea0e940,0x00000007bea80000)
  to   space 17920K, 0% used [0x00000007bee80000,0x00000007bee80000,0x00000007c0000000)
 ParOldGen       total 175104K, used 92878K [0x0000000700000000, 0x000000070ab00000, 0x00000007bc400000)
  object space 175104K, 53% used [0x0000000700000000,0x0000000705ab3bf8,0x000000070ab00000)
 Metaspace       used 65216K, capacity 65634K, committed 66176K, reserved 1105920K
  class space    used 9658K, capacity 9775K, committed 9856K, reserved 1048576K
Event: 954.071 GC heap after
Heap after GC invocations=165 (full 11):
 PSYoungGen      total 43520K, used 13071K [0x00000007bc400000, 0x00000007c0000000, 0x00000007c0000000)
  eden space 25600K, 0% used [0x00000007bc400000,0x00000007bc400000,0x00000007bdd00000)
  from space 17920K, 72% used [0x00000007bee80000,0x00000007bfb43d40,0x00000007c0000000)
  to   space 17920K, 0% used [0x00000007bdd00000,0x00000007bdd00000,0x00000007bee80000)
 ParOldGen       total 175104K, used 93075K [0x0000000700000000, 0x000000070ab00000, 0x00000007bc400000)
  object space 175104K, 53% used [0x0000000700000000,0x0000000705ae4c28,0x000000070ab00000)
 Metaspace       used 65216K, capacity 65634K, committed 66176K, reserved 1105920K
  class space    used 9658K, capacity 9775K, committed 9856K, reserved 1048576K
}
Event: 954.557 GC heap before
{Heap before GC invocations=166 (full 11):
 PSYoungGen      total 43520K, used 38671K [0x00000007bc400000, 0x00000007c0000000, 0x00000007c0000000)
  eden space 25600K, 100% used [0x00000007bc400000,0x00000007bdd00000,0x00000007bdd00000)
  from space 17920K, 72% used [0x00000007bee80000,0x00000007bfb43d40,0x00000007c0000000)
  to   space 17920K, 0% used [0x00000007bdd00000,0x00000007bdd00000,0x00000007bee80000)
 ParOldGen       total 175104K, used 93075K [0x0000000700000000, 0x000000070ab00000, 0x00000007bc400000)
  object space 175104K, 53% used [0x0000000700000000,0x0000000705ae4c28,0x000000070ab00000)
 Metaspace       used 65221K, capacity 65634K, committed 66176K, reserved 1105920K
  class space    used 9658K, capacity 9775K, committed 9856K, reserved 1048576K
Event: 954.565 GC heap after
Heap after GC invocations=166 (full 11):
 PSYoungGen      total 43520K, used 8767K [0x00000007bc400000, 0x00000007c0000000, 0x00000007c0000000)
  eden space 25600K, 0% used [0x00000007bc400000,0x00000007bc400000,0x00000007bdd00000)
  from space 17920K, 48% used [0x00000007bdd00000,0x00000007be58ff48,0x00000007bee80000)
  to   space 17408K, 0% used [0x00000007bef00000,0x00000007bef00000,0x00000007c0000000)
 ParOldGen       total 175104K, used 97363K [0x0000000700000000, 0x000000070ab00000, 0x00000007bc400000)
  object space 175104K, 55% used [0x0000000700000000,0x0000000705f14c48,0x000000070ab00000)
 Metaspace       used 65221K, capacity 65634K, committed 66176K, reserved 1105920K
  class space    used 9658K, capacity 9775K, committed 9856K, reserved 1048576K
}
Event: 960.334 GC heap before
{Heap before GC invocations=167 (full 11):
 PSYoungGen      total 43520K, used 34367K [0x00000007bc400000, 0x00000007c0000000, 0x00000007c0000000)
  eden space 25600K, 100% used [0x00000007bc400000,0x00000007bdd00000,0x00000007bdd00000)
  from space 17920K, 48% used [0x00000007bdd00000,0x00000007be58ff48,0x00000007bee80000)
  to   space 17408K, 0% used [0x00000007bef00000,0x00000007bef00000,0x00000007c0000000)
 ParOldGen       total 175104K, used 97363K [0x0000000700000000, 0x000000070ab00000, 0x00000007bc400000)
  object space 175104K, 55% used [0x0000000700000000,0x0000000705f14c48,0x000000070ab00000)
 Metaspace       used 65232K, capacity 65634K, committed 66176K, reserved 1105920K
  class space    used 9658K, capacity 9775K, committed 9856K, reserved 1048576K
Event: 960.340 GC heap after
Heap after GC invocations=167 (full 11):
 PSYoungGen      total 44032K, used 6278K [0x00000007bc400000, 0x00000007c0000000, 0x00000007c0000000)
  eden space 26624K, 0% used [0x00000007bc400000,0x00000007bc400000,0x00000007bde00000)
  from space 17408K, 36% used [0x00000007bef00000,0x00000007bf521b80,0x00000007c0000000)
  to   space 17408K, 0% used [0x00000007bde00000,0x00000007bde00000,0x00000007bef00000)
 ParOldGen       total 175104K, used 99883K [0x0000000700000000, 0x000000070ab00000, 0x00000007bc400000)
  object space 175104K, 57% used [0x0000000700000000,0x000000070618ac48,0x000000070ab00000)
 Metaspace       used 65232K, capacity 65634K, committed 66176K, reserved 1105920K
  class space    used 9658K, capacity 9775K, committed 9856K, reserved 1048576K
}
Event: 962.474 GC heap before
{Heap before GC invocations=168 (full 11):
 PSYoungGen      total 44032K, used 32902K [0x00000007bc400000, 0x00000007c0000000, 0x00000007c0000000)
  eden space 26624K, 100% used [0x00000007bc400000,0x00000007bde00000,0x00000007bde00000)
  from space 17408K, 36% used [0x00000007bef00000,0x00000007bf521b80,0x00000007c0000000)
  to   space 17408K, 0% used [0x00000007bde00000,0x00000007bde00000,0x00000007bef00000)
 ParOldGen       total 175104K, used 99883K [0x0000000700000000, 0x000000070ab00000, 0x00000007bc400000)
  object space 175104K, 57% used [0x0000000700000000,0x000000070618ac48,0x000000070ab00000)
 Metaspace       used 65328K, capacity 65762K, committed 66432K, reserved 1105920K
  class space    used 9658K, capacity 9775K, committed 9856K, reserved 1048576K
Event: 962.481 GC heap after
Heap after GC invocations=168 (full 11):
 PSYoungGen      total 44032K, used 8425K [0x00000007bc400000, 0x00000007c0000000, 0x00000007c0000000)
  eden space 26624K, 0% used [0x00000007bc400000,0x00000007bc400000,0x00000007bde00000)
  from space 17408K, 48% used [0x00000007bde00000,0x00000007be63a4e0,0x00000007bef00000)
  to   space 17408K, 0% used [0x00000007bef00000,0x00000007bef00000,0x00000007c0000000)
 ParOldGen       total 175104K, used 99883K [0x0000000700000000, 0x000000070ab00000, 0x00000007bc400000)
  object space 175104K, 57% used [0x0000000700000000,0x000000070618ac48,0x000000070ab00000)
 Metaspace       used 65328K, capacity 65762K, committed 66432K, reserved 1105920K
  class space    used 9658K, capacity 9775K, committed 9856K, reserved 1048576K
}

