# JRE version: Java(TM) SE Runtime Environment (8.0_66-b18) (build 1.8.0_66-b18)
# Java VM: Java HotSpot(TM) 64-Bit Server VM (25.66-b18 mixed mode windows-amd64 compressed oops)
Heap:
 PSYoungGen      total 112640K, used 48818K [0x00000000f5580000, 0x00000000fd800000, 0x0000000100000000)
  eden space 93184K, 52% used [0x00000000f5580000,0x00000000f852c920,0x00000000fb080000)
  from space 19456K, 0% used [0x00000000fc400000,0x00000000fc400000,0x00000000fd700000)
  to   space 19968K, 0% used [0x00000000fb080000,0x00000000fb080000,0x00000000fc400000)
 ParOldGen       total 81408K, used 57448K [0x00000000e0000000, 0x00000000e4f80000, 0x00000000f5580000)
  object space 81408K, 70% used [0x00000000e0000000,0x00000000e381a3b8,0x00000000e4f80000)
 Metaspace       used 85148K, capacity 92394K, committed 92440K, reserved 1128448K
  class space    used 10356K, capacity 12823K, committed 12848K, reserved 1048576K
GC Heap History (10 events):
Event: 46.464 GC heap before
{Heap before GC invocations=19 (full 3):
 PSYoungGen      total 86528K, used 80393K [0x00000000f5580000, 0x00000000fd780000, 0x0000000100000000)
  eden space 68096K, 100% used [0x00000000f5580000,0x00000000f9800000,0x00000000f9800000)
  from space 18432K, 66% used [0x00000000f9800000,0x00000000fa402758,0x00000000faa00000)
  to   space 18432K, 0% used [0x00000000fc580000,0x00000000fc580000,0x00000000fd780000)
 ParOldGen       total 81408K, used 46708K [0x00000000e0000000, 0x00000000e4f80000, 0x00000000f5580000)
  object space 81408K, 57% used [0x00000000e0000000,0x00000000e2d9d190,0x00000000e4f80000)
 Metaspace       used 77834K, capacity 84246K, committed 84376K, reserved 1122304K
  class space    used 9537K, capacity 11659K, committed 11696K, reserved 1048576K
Event: 46.479 GC heap after
Heap after GC invocations=19 (full 3):
 PSYoungGen      total 111616K, used 15008K [0x00000000f5580000, 0x00000000fd700000, 0x0000000100000000)
  eden space 93696K, 0% used [0x00000000f5580000,0x00000000f5580000,0x00000000fb100000)
  from space 17920K, 83% used [0x00000000fc580000,0x00000000fd428300,0x00000000fd700000)
  to   space 19456K, 0% used [0x00000000fb100000,0x00000000fb100000,0x00000000fc400000)
 ParOldGen       total 81408K, used 55375K [0x00000000e0000000, 0x00000000e4f80000, 0x00000000f5580000)
  object space 81408K, 68% used [0x00000000e0000000,0x00000000e3613e00,0x00000000e4f80000)
 Metaspace       used 77834K, capacity 84246K, committed 84376K, reserved 1122304K
  class space    used 9537K, capacity 11659K, committed 11696K, reserved 1048576K
}
Event: 71.282 GC heap before
{Heap before GC invocations=20 (full 3):
 PSYoungGen      total 111616K, used 75682K [0x00000000f5580000, 0x00000000fd700000, 0x0000000100000000)
  eden space 93696K, 64% used [0x00000000f5580000,0x00000000f90c06e8,0x00000000fb100000)
  from space 17920K, 83% used [0x00000000fc580000,0x00000000fd428300,0x00000000fd700000)
  to   space 19456K, 0% used [0x00000000fb100000,0x00000000fb100000,0x00000000fc400000)
 ParOldGen       total 81408K, used 55375K [0x00000000e0000000, 0x00000000e4f80000, 0x00000000f5580000)
  object space 81408K, 68% used [0x00000000e0000000,0x00000000e3613e00,0x00000000e4f80000)
 Metaspace       used 81808K, capacity 89046K, committed 89240K, reserved 1126400K
  class space    used 10039K, capacity 12372K, committed 12464K, reserved 1048576K
Event: 71.292 GC heap after
Heap after GC invocations=20 (full 3):
 PSYoungGen      total 113152K, used 5475K [0x00000000f5580000, 0x00000000fd700000, 0x0000000100000000)
  eden space 93696K, 0% used [0x00000000f5580000,0x00000000f5580000,0x00000000fb100000)
  from space 19456K, 28% used [0x00000000fb100000,0x00000000fb658fa8,0x00000000fc400000)
  to   space 19456K, 0% used [0x00000000fc400000,0x00000000fc400000,0x00000000fd700000)
 ParOldGen       total 81408K, used 61924K [0x00000000e0000000, 0x00000000e4f80000, 0x00000000f5580000)
  object space 81408K, 76% used [0x00000000e0000000,0x00000000e3c79200,0x00000000e4f80000)
 Metaspace       used 81808K, capacity 89046K, committed 89240K, reserved 1126400K
  class space    used 10039K, capacity 12372K, committed 12464K, reserved 1048576K
}
Event: 71.292 GC heap before
{Heap before GC invocations=21 (full 4):
 PSYoungGen      total 113152K, used 5475K [0x00000000f5580000, 0x00000000fd700000, 0x0000000100000000)
  eden space 93696K, 0% used [0x00000000f5580000,0x00000000f5580000,0x00000000fb100000)
  from space 19456K, 28% used [0x00000000fb100000,0x00000000fb658fa8,0x00000000fc400000)
  to   space 19456K, 0% used [0x00000000fc400000,0x00000000fc400000,0x00000000fd700000)
 ParOldGen       total 81408K, used 61924K [0x00000000e0000000, 0x00000000e4f80000, 0x00000000f5580000)
  object space 81408K, 76% used [0x00000000e0000000,0x00000000e3c79200,0x00000000e4f80000)
 Metaspace       used 81808K, capacity 89046K, committed 89240K, reserved 1126400K
  class space    used 10039K, capacity 12372K, committed 12464K, reserved 1048576K
Event: 71.691 GC heap after
Heap after GC invocations=21 (full 4):
 PSYoungGen      total 113152K, used 0K [0x00000000f5580000, 0x00000000fd700000, 0x0000000100000000)
  eden space 93696K, 0% used [0x00000000f5580000,0x00000000f5580000,0x00000000fb100000)
  from space 19456K, 0% used [0x00000000fb100000,0x00000000fb100000,0x00000000fc400000)
  to   space 19456K, 0% used [0x00000000fc400000,0x00000000fc400000,0x00000000fd700000)
 ParOldGen       total 81408K, used 59656K [0x00000000e0000000, 0x00000000e4f80000, 0x00000000f5580000)
  object space 81408K, 73% used [0x00000000e0000000,0x00000000e3a421e8,0x00000000e4f80000)
 Metaspace       used 81808K, capacity 89046K, committed 89240K, reserved 1126400K
  class space    used 10039K, capacity 12372K, committed 12464K, reserved 1048576K
}
Event: 134.410 GC heap before
{Heap before GC invocations=22 (full 4):
 PSYoungGen      total 113152K, used 51164K [0x00000000f5580000, 0x00000000fd700000, 0x0000000100000000)
  eden space 93696K, 54% used [0x00000000f5580000,0x00000000f8777160,0x00000000fb100000)
  from space 19456K, 0% used [0x00000000fb100000,0x00000000fb100000,0x00000000fc400000)
  to   space 19456K, 0% used [0x00000000fc400000,0x00000000fc400000,0x00000000fd700000)
 ParOldGen       total 81408K, used 59656K [0x00000000e0000000, 0x00000000e4f80000, 0x00000000f5580000)
  object space 81408K, 73% used [0x00000000e0000000,0x00000000e3a421e8,0x00000000e4f80000)
 Metaspace       used 83763K, capacity 90886K, committed 91032K, reserved 1128448K
  class space    used 10239K, capacity 12599K, committed 12720K, reserved 1048576K
Event: 134.415 GC heap after
Heap after GC invocations=22 (full 4):
 PSYoungGen      total 112640K, used 2932K [0x00000000f5580000, 0x00000000fd800000, 0x0000000100000000)
  eden space 93184K, 0% used [0x00000000f5580000,0x00000000f5580000,0x00000000fb080000)
  from space 19456K, 15% used [0x00000000fc400000,0x00000000fc6dd050,0x00000000fd700000)
  to   space 19968K, 0% used [0x00000000fb080000,0x00000000fb080000,0x00000000fc400000)
 ParOldGen       total 81408K, used 59656K [0x00000000e0000000, 0x00000000e4f80000, 0x00000000f5580000)
  object space 81408K, 73% used [0x00000000e0000000,0x00000000e3a421e8,0x00000000e4f80000)
 Metaspace       used 83763K, capacity 90886K, committed 91032K, reserved 1128448K
  class space    used 10239K, capacity 12599K, committed 12720K, reserved 1048576K
}
Event: 134.415 GC heap before
{Heap before GC invocations=23 (full 5):
 PSYoungGen      total 112640K, used 2932K [0x00000000f5580000, 0x00000000fd800000, 0x0000000100000000)
  eden space 93184K, 0% used [0x00000000f5580000,0x00000000f5580000,0x00000000fb080000)
  from space 19456K, 15% used [0x00000000fc400000,0x00000000fc6dd050,0x00000000fd700000)
  to   space 19968K, 0% used [0x00000000fb080000,0x00000000fb080000,0x00000000fc400000)
 ParOldGen       total 81408K, used 59656K [0x00000000e0000000, 0x00000000e4f80000, 0x00000000f5580000)
  object space 81408K, 73% used [0x00000000e0000000,0x00000000e3a421e8,0x00000000e4f80000)
 Metaspace       used 83763K, capacity 90886K, committed 91032K, reserved 1128448K
  class space    used 10239K, capacity 12599K, committed 12720K, reserved 1048576K
Event: 134.786 GC heap after
Heap after GC invocations=23 (full 5):
 PSYoungGen      total 112640K, used 0K [0x00000000f5580000, 0x00000000fd800000, 0x0000000100000000)
  eden space 93184K, 0% used [0x00000000f5580000,0x00000000f5580000,0x00000000fb080000)
  from space 19456K, 0% used [0x00000000fc400000,0x00000000fc400000,0x00000000fd700000)
  to   space 19968K, 0% used [0x00000000fb080000,0x00000000fb080000,0x00000000fc400000)
 ParOldGen       total 81408K, used 57448K [0x00000000e0000000, 0x00000000e4f80000, 0x00000000f5580000)
  object space 81408K, 70% used [0x00000000e0000000,0x00000000e381a3b8,0x00000000e4f80000)
 Metaspace       used 83763K, capacity 90886K, committed 91032K, reserved 1128448K
  class space    used 10239K, capacity 12599K, committed 12720K, reserved 1048576K
}

