# JRE version: Java(TM) SE Runtime Environment (8.0_66-b18) (build 1.8.0_66-b18)
# Java VM: Java HotSpot(TM) 64-Bit Server VM (25.66-b18 mixed mode windows-amd64 compressed oops)
Heap:
 PSYoungGen      total 142848K, used 117838K [0x00000000f5580000, 0x00000000fff00000, 0x0000000100000000)
  eden space 113664K, 96% used [0x00000000f5580000,0x00000000fc0c60f0,0x00000000fc480000)
  from space 29184K, 27% used [0x00000000fc480000,0x00000000fcc4d7d0,0x00000000fe100000)
  to   space 28672K, 0% used [0x00000000fe300000,0x00000000fe300000,0x00000000fff00000)
 ParOldGen       total 101376K, used 74658K [0x00000000e0000000, 0x00000000e6300000, 0x00000000f5580000)
  object space 101376K, 73% used [0x00000000e0000000,0x00000000e48e8960,0x00000000e6300000)
 Metaspace       used 90791K, capacity 98126K, committed 98432K, reserved 1134592K
  class space    used 10881K, capacity 13315K, committed 13440K, reserved 1048576K
GC Heap History (10 events):
Event: 191.979 GC heap before
{Heap before GC invocations=19 (full 5):
 PSYoungGen      total 133120K, used 101303K [0x00000000f5580000, 0x00000000ff800000, 0x0000000100000000)
  eden space 101888K, 99% used [0x00000000f5580000,0x00000000fb86def0,0x00000000fb900000)
  from space 31232K, 0% used [0x00000000fb900000,0x00000000fb900000,0x00000000fd780000)
  to   space 31232K, 0% used [0x00000000fd980000,0x00000000fd980000,0x00000000ff800000)
 ParOldGen       total 101376K, used 59818K [0x00000000e0000000, 0x00000000e6300000, 0x00000000f5580000)
  object space 101376K, 59% used [0x00000000e0000000,0x00000000e3a6aa90,0x00000000e6300000)
 Metaspace       used 83205K, capacity 89620K, committed 89728K, reserved 1126400K
  class space    used 10035K, capacity 12112K, committed 12160K, reserved 1048576K
Event: 191.986 GC heap after
Heap after GC invocations=19 (full 5):
 PSYoungGen      total 136704K, used 12037K [0x00000000f5580000, 0x00000000ffd00000, 0x0000000100000000)
  eden space 105472K, 0% used [0x00000000f5580000,0x00000000f5580000,0x00000000fbc80000)
  from space 31232K, 38% used [0x00000000fd980000,0x00000000fe541700,0x00000000ff800000)
  to   space 29696K, 0% used [0x00000000fbc80000,0x00000000fbc80000,0x00000000fd980000)
 ParOldGen       total 101376K, used 59826K [0x00000000e0000000, 0x00000000e6300000, 0x00000000f5580000)
  object space 101376K, 59% used [0x00000000e0000000,0x00000000e3a6ca90,0x00000000e6300000)
 Metaspace       used 83205K, capacity 89620K, committed 89728K, reserved 1126400K
  class space    used 10035K, capacity 12112K, committed 12160K, reserved 1048576K
}
Event: 195.254 GC heap before
{Heap before GC invocations=20 (full 5):
 PSYoungGen      total 136704K, used 117509K [0x00000000f5580000, 0x00000000ffd00000, 0x0000000100000000)
  eden space 105472K, 100% used [0x00000000f5580000,0x00000000fbc80000,0x00000000fbc80000)
  from space 31232K, 38% used [0x00000000fd980000,0x00000000fe541700,0x00000000ff800000)
  to   space 29696K, 0% used [0x00000000fbc80000,0x00000000fbc80000,0x00000000fd980000)
 ParOldGen       total 101376K, used 59826K [0x00000000e0000000, 0x00000000e6300000, 0x00000000f5580000)
  object space 101376K, 59% used [0x00000000e0000000,0x00000000e3a6ca90,0x00000000e6300000)
 Metaspace       used 83754K, capacity 90068K, committed 90240K, reserved 1128448K
  class space    used 10053K, capacity 12112K, committed 12160K, reserved 1048576K
Event: 195.265 GC heap after
Heap after GC invocations=20 (full 5):
 PSYoungGen      total 135168K, used 16314K [0x00000000f5580000, 0x00000000ffd80000, 0x0000000100000000)
  eden space 105472K, 0% used [0x00000000f5580000,0x00000000f5580000,0x00000000fbc80000)
  from space 29696K, 54% used [0x00000000fbc80000,0x00000000fcc6eb80,0x00000000fd980000)
  to   space 29184K, 0% used [0x00000000fe100000,0x00000000fe100000,0x00000000ffd80000)
 ParOldGen       total 101376K, used 59834K [0x00000000e0000000, 0x00000000e6300000, 0x00000000f5580000)
  object space 101376K, 59% used [0x00000000e0000000,0x00000000e3a6ea90,0x00000000e6300000)
 Metaspace       used 83754K, capacity 90068K, committed 90240K, reserved 1128448K
  class space    used 10053K, capacity 12112K, committed 12160K, reserved 1048576K
}
Event: 198.921 GC heap before
{Heap before GC invocations=21 (full 5):
 PSYoungGen      total 135168K, used 32039K [0x00000000f5580000, 0x00000000ffd80000, 0x0000000100000000)
  eden space 105472K, 14% used [0x00000000f5580000,0x00000000f64db0b8,0x00000000fbc80000)
  from space 29696K, 54% used [0x00000000fbc80000,0x00000000fcc6eb80,0x00000000fd980000)
  to   space 29184K, 0% used [0x00000000fe100000,0x00000000fe100000,0x00000000ffd80000)
 ParOldGen       total 101376K, used 59834K [0x00000000e0000000, 0x00000000e6300000, 0x00000000f5580000)
  object space 101376K, 59% used [0x00000000e0000000,0x00000000e3a6ea90,0x00000000e6300000)
 Metaspace       used 85407K, capacity 91936K, committed 92160K, reserved 1128448K
  class space    used 10278K, capacity 12417K, committed 12544K, reserved 1048576K
Event: 198.933 GC heap after
Heap after GC invocations=21 (full 5):
 PSYoungGen      total 142848K, used 18365K [0x00000000f5580000, 0x00000000ffd80000, 0x0000000100000000)
  eden space 113664K, 0% used [0x00000000f5580000,0x00000000f5580000,0x00000000fc480000)
  from space 29184K, 62% used [0x00000000fe100000,0x00000000ff2ef458,0x00000000ffd80000)
  to   space 29184K, 0% used [0x00000000fc480000,0x00000000fc480000,0x00000000fe100000)
 ParOldGen       total 101376K, used 59842K [0x00000000e0000000, 0x00000000e6300000, 0x00000000f5580000)
  object space 101376K, 59% used [0x00000000e0000000,0x00000000e3a70a90,0x00000000e6300000)
 Metaspace       used 85407K, capacity 91936K, committed 92160K, reserved 1128448K
  class space    used 10278K, capacity 12417K, committed 12544K, reserved 1048576K
}
Event: 198.933 GC heap before
{Heap before GC invocations=22 (full 6):
 PSYoungGen      total 142848K, used 18365K [0x00000000f5580000, 0x00000000ffd80000, 0x0000000100000000)
  eden space 113664K, 0% used [0x00000000f5580000,0x00000000f5580000,0x00000000fc480000)
  from space 29184K, 62% used [0x00000000fe100000,0x00000000ff2ef458,0x00000000ffd80000)
  to   space 29184K, 0% used [0x00000000fc480000,0x00000000fc480000,0x00000000fe100000)
 ParOldGen       total 101376K, used 59842K [0x00000000e0000000, 0x00000000e6300000, 0x00000000f5580000)
  object space 101376K, 59% used [0x00000000e0000000,0x00000000e3a70a90,0x00000000e6300000)
 Metaspace       used 85407K, capacity 91936K, committed 92160K, reserved 1128448K
  class space    used 10278K, capacity 12417K, committed 12544K, reserved 1048576K
Event: 199.388 GC heap after
Heap after GC invocations=22 (full 6):
 PSYoungGen      total 142848K, used 0K [0x00000000f5580000, 0x00000000ffd80000, 0x0000000100000000)
  eden space 113664K, 0% used [0x00000000f5580000,0x00000000f5580000,0x00000000fc480000)
  from space 29184K, 0% used [0x00000000fe100000,0x00000000fe100000,0x00000000ffd80000)
  to   space 29184K, 0% used [0x00000000fc480000,0x00000000fc480000,0x00000000fe100000)
 ParOldGen       total 101376K, used 74650K [0x00000000e0000000, 0x00000000e6300000, 0x00000000f5580000)
  object space 101376K, 73% used [0x00000000e0000000,0x00000000e48e6960,0x00000000e6300000)
 Metaspace       used 85407K, capacity 91936K, committed 92160K, reserved 1128448K
  class space    used 10278K, capacity 12417K, committed 12544K, reserved 1048576K
}
Event: 319.495 GC heap before
{Heap before GC invocations=23 (full 6):
 PSYoungGen      total 142848K, used 113664K [0x00000000f5580000, 0x00000000ffd80000, 0x0000000100000000)
  eden space 113664K, 100% used [0x00000000f5580000,0x00000000fc480000,0x00000000fc480000)
  from space 29184K, 0% used [0x00000000fe100000,0x00000000fe100000,0x00000000ffd80000)
  to   space 29184K, 0% used [0x00000000fc480000,0x00000000fc480000,0x00000000fe100000)
 ParOldGen       total 101376K, used 74650K [0x00000000e0000000, 0x00000000e6300000, 0x00000000f5580000)
  object space 101376K, 73% used [0x00000000e0000000,0x00000000e48e6960,0x00000000e6300000)
 Metaspace       used 89480K, capacity 96962K, committed 97152K, reserved 1132544K
  class space    used 10766K, capacity 13149K, committed 13184K, reserved 1048576K
Event: 319.518 GC heap after
Heap after GC invocations=23 (full 6):
 PSYoungGen      total 142848K, used 7989K [0x00000000f5580000, 0x00000000fff00000, 0x0000000100000000)
  eden space 113664K, 0% used [0x00000000f5580000,0x00000000f5580000,0x00000000fc480000)
  from space 29184K, 27% used [0x00000000fc480000,0x00000000fcc4d7d0,0x00000000fe100000)
  to   space 28672K, 0% used [0x00000000fe300000,0x00000000fe300000,0x00000000fff00000)
 ParOldGen       total 101376K, used 74658K [0x00000000e0000000, 0x00000000e6300000, 0x00000000f5580000)
  object space 101376K, 73% used [0x00000000e0000000,0x00000000e48e8960,0x00000000e6300000)
 Metaspace       used 89480K, capacity 96962K, committed 97152K, reserved 1132544K
  class space    used 10766K, capacity 13149K, committed 13184K, reserved 1048576K
}

