# JRE version: Java(TM) SE Runtime Environment (8.0_66-b18) (build 1.8.0_66-b18)
# Java VM: Java HotSpot(TM) 64-Bit Server VM (25.66-b18 mixed mode windows-amd64 compressed oops)
Heap:
 PSYoungGen      total 113152K, used 40331K [0x00000000f5580000, 0x00000000fd600000, 0x0000000100000000)
  eden space 95232K, 42% used [0x00000000f5580000,0x00000000f7ce2cf8,0x00000000fb280000)
  from space 17920K, 0% used [0x00000000fb280000,0x00000000fb280000,0x00000000fc400000)
  to   space 17920K, 0% used [0x00000000fc480000,0x00000000fc480000,0x00000000fd600000)
 ParOldGen       total 154624K, used 65051K [0x00000000e0000000, 0x00000000e9700000, 0x00000000f5580000)
  object space 154624K, 42% used [0x00000000e0000000,0x00000000e3f86cd0,0x00000000e9700000)
 Metaspace       used 98924K, capacity 106568K, committed 106904K, reserved 1142784K
  class space    used 11516K, capacity 14139K, committed 14240K, reserved 1048576K
GC Heap History (10 events):
Event: 2751.278 GC heap before
{Heap before GC invocations=70 (full 15):
 PSYoungGen      total 112640K, used 480K [0x00000000f5580000, 0x00000000fd500000, 0x0000000100000000)
  eden space 95744K, 0% used [0x00000000f5580000,0x00000000f5580000,0x00000000fb300000)
  from space 16896K, 2% used [0x00000000fb300000,0x00000000fb378000,0x00000000fc380000)
  to   space 17408K, 0% used [0x00000000fc400000,0x00000000fc400000,0x00000000fd500000)
 ParOldGen       total 154624K, used 65443K [0x00000000e0000000, 0x00000000e9700000, 0x00000000f5580000)
  object space 154624K, 42% used [0x00000000e0000000,0x00000000e3fe8f68,0x00000000e9700000)
 Metaspace       used 97972K, capacity 105454K, committed 105624K, reserved 1140736K
  class space    used 11405K, capacity 13944K, committed 13984K, reserved 1048576K
Event: 2751.528 GC heap after
Heap after GC invocations=70 (full 15):
 PSYoungGen      total 112640K, used 0K [0x00000000f5580000, 0x00000000fd500000, 0x0000000100000000)
  eden space 95744K, 0% used [0x00000000f5580000,0x00000000f5580000,0x00000000fb300000)
  from space 16896K, 0% used [0x00000000fb300000,0x00000000fb300000,0x00000000fc380000)
  to   space 17408K, 0% used [0x00000000fc400000,0x00000000fc400000,0x00000000fd500000)
 ParOldGen       total 154624K, used 65202K [0x00000000e0000000, 0x00000000e9700000, 0x00000000f5580000)
  object space 154624K, 42% used [0x00000000e0000000,0x00000000e3fac900,0x00000000e9700000)
 Metaspace       used 97972K, capacity 105454K, committed 105624K, reserved 1140736K
  class space    used 11405K, capacity 13944K, committed 13984K, reserved 1048576K
}
Event: 2811.284 GC heap before
{Heap before GC invocations=71 (full 15):
 PSYoungGen      total 112640K, used 2636K [0x00000000f5580000, 0x00000000fd500000, 0x0000000100000000)
  eden space 95744K, 2% used [0x00000000f5580000,0x00000000f58133b0,0x00000000fb300000)
  from space 16896K, 0% used [0x00000000fb300000,0x00000000fb300000,0x00000000fc380000)
  to   space 17408K, 0% used [0x00000000fc400000,0x00000000fc400000,0x00000000fd500000)
 ParOldGen       total 154624K, used 65202K [0x00000000e0000000, 0x00000000e9700000, 0x00000000f5580000)
  object space 154624K, 42% used [0x00000000e0000000,0x00000000e3fac900,0x00000000e9700000)
 Metaspace       used 97973K, capacity 105454K, committed 105624K, reserved 1140736K
  class space    used 11405K, capacity 13944K, committed 13984K, reserved 1048576K
Event: 2811.287 GC heap after
Heap after GC invocations=71 (full 15):
 PSYoungGen      total 112640K, used 192K [0x00000000f5580000, 0x00000000fd600000, 0x0000000100000000)
  eden space 95232K, 0% used [0x00000000f5580000,0x00000000f5580000,0x00000000fb280000)
  from space 17408K, 1% used [0x00000000fc400000,0x00000000fc430000,0x00000000fd500000)
  to   space 17920K, 0% used [0x00000000fb280000,0x00000000fb280000,0x00000000fc400000)
 ParOldGen       total 154624K, used 65202K [0x00000000e0000000, 0x00000000e9700000, 0x00000000f5580000)
  object space 154624K, 42% used [0x00000000e0000000,0x00000000e3fac900,0x00000000e9700000)
 Metaspace       used 97973K, capacity 105454K, committed 105624K, reserved 1140736K
  class space    used 11405K, capacity 13944K, committed 13984K, reserved 1048576K
}
Event: 2811.287 GC heap before
{Heap before GC invocations=72 (full 16):
 PSYoungGen      total 112640K, used 192K [0x00000000f5580000, 0x00000000fd600000, 0x0000000100000000)
  eden space 95232K, 0% used [0x00000000f5580000,0x00000000f5580000,0x00000000fb280000)
  from space 17408K, 1% used [0x00000000fc400000,0x00000000fc430000,0x00000000fd500000)
  to   space 17920K, 0% used [0x00000000fb280000,0x00000000fb280000,0x00000000fc400000)
 ParOldGen       total 154624K, used 65202K [0x00000000e0000000, 0x00000000e9700000, 0x00000000f5580000)
  object space 154624K, 42% used [0x00000000e0000000,0x00000000e3fac900,0x00000000e9700000)
 Metaspace       used 97973K, capacity 105454K, committed 105624K, reserved 1140736K
  class space    used 11405K, capacity 13944K, committed 13984K, reserved 1048576K
Event: 2811.409 GC heap after
Heap after GC invocations=72 (full 16):
 PSYoungGen      total 112640K, used 0K [0x00000000f5580000, 0x00000000fd600000, 0x0000000100000000)
  eden space 95232K, 0% used [0x00000000f5580000,0x00000000f5580000,0x00000000fb280000)
  from space 17408K, 0% used [0x00000000fc400000,0x00000000fc400000,0x00000000fd500000)
  to   space 17920K, 0% used [0x00000000fb280000,0x00000000fb280000,0x00000000fc400000)
 ParOldGen       total 154624K, used 65055K [0x00000000e0000000, 0x00000000e9700000, 0x00000000f5580000)
  object space 154624K, 42% used [0x00000000e0000000,0x00000000e3f87d88,0x00000000e9700000)
 Metaspace       used 97973K, capacity 105454K, committed 105624K, reserved 1140736K
  class space    used 11405K, capacity 13944K, committed 13984K, reserved 1048576K
}
Event: 2871.295 GC heap before
{Heap before GC invocations=73 (full 16):
 PSYoungGen      total 112640K, used 2599K [0x00000000f5580000, 0x00000000fd600000, 0x0000000100000000)
  eden space 95232K, 2% used [0x00000000f5580000,0x00000000f5809df8,0x00000000fb280000)
  from space 17408K, 0% used [0x00000000fc400000,0x00000000fc400000,0x00000000fd500000)
  to   space 17920K, 0% used [0x00000000fb280000,0x00000000fb280000,0x00000000fc400000)
 ParOldGen       total 154624K, used 65055K [0x00000000e0000000, 0x00000000e9700000, 0x00000000f5580000)
  object space 154624K, 42% used [0x00000000e0000000,0x00000000e3f87d88,0x00000000e9700000)
 Metaspace       used 97973K, capacity 105454K, committed 105624K, reserved 1140736K
  class space    used 11405K, capacity 13944K, committed 13984K, reserved 1048576K
Event: 2871.298 GC heap after
Heap after GC invocations=73 (full 16):
 PSYoungGen      total 113152K, used 128K [0x00000000f5580000, 0x00000000fd600000, 0x0000000100000000)
  eden space 95232K, 0% used [0x00000000f5580000,0x00000000f5580000,0x00000000fb280000)
  from space 17920K, 0% used [0x00000000fb280000,0x00000000fb2a0000,0x00000000fc400000)
  to   space 17920K, 0% used [0x00000000fc480000,0x00000000fc480000,0x00000000fd600000)
 ParOldGen       total 154624K, used 65055K [0x00000000e0000000, 0x00000000e9700000, 0x00000000f5580000)
  object space 154624K, 42% used [0x00000000e0000000,0x00000000e3f87d88,0x00000000e9700000)
 Metaspace       used 97973K, capacity 105454K, committed 105624K, reserved 1140736K
  class space    used 11405K, capacity 13944K, committed 13984K, reserved 1048576K
}
Event: 2871.298 GC heap before
{Heap before GC invocations=74 (full 17):
 PSYoungGen      total 113152K, used 128K [0x00000000f5580000, 0x00000000fd600000, 0x0000000100000000)
  eden space 95232K, 0% used [0x00000000f5580000,0x00000000f5580000,0x00000000fb280000)
  from space 17920K, 0% used [0x00000000fb280000,0x00000000fb2a0000,0x00000000fc400000)
  to   space 17920K, 0% used [0x00000000fc480000,0x00000000fc480000,0x00000000fd600000)
 ParOldGen       total 154624K, used 65055K [0x00000000e0000000, 0x00000000e9700000, 0x00000000f5580000)
  object space 154624K, 42% used [0x00000000e0000000,0x00000000e3f87d88,0x00000000e9700000)
 Metaspace       used 97973K, capacity 105454K, committed 105624K, reserved 1140736K
  class space    used 11405K, capacity 13944K, committed 13984K, reserved 1048576K
Event: 2871.425 GC heap after
Heap after GC invocations=74 (full 17):
 PSYoungGen      total 113152K, used 0K [0x00000000f5580000, 0x00000000fd600000, 0x0000000100000000)
  eden space 95232K, 0% used [0x00000000f5580000,0x00000000f5580000,0x00000000fb280000)
  from space 17920K, 0% used [0x00000000fb280000,0x00000000fb280000,0x00000000fc400000)
  to   space 17920K, 0% used [0x00000000fc480000,0x00000000fc480000,0x00000000fd600000)
 ParOldGen       total 154624K, used 65051K [0x00000000e0000000, 0x00000000e9700000, 0x00000000f5580000)
  object space 154624K, 42% used [0x00000000e0000000,0x00000000e3f86cd0,0x00000000e9700000)
 Metaspace       used 97973K, capacity 105454K, committed 105624K, reserved 1140736K
  class space    used 11405K, capacity 13944K, committed 13984K, reserved 1048576K
}

