# JRE version: Java(TM) SE Runtime Environment (8.0_66-b18) (build 1.8.0_66-b18)
# Java VM: Java HotSpot(TM) 64-Bit Server VM (25.66-b18 mixed mode windows-amd64 compressed oops)
Heap:
 PSYoungGen      total 109568K, used 76899K [0x00000000f5580000, 0x00000000fc980000, 0x0000000100000000)
  eden space 107008K, 69% used [0x00000000f5580000,0x00000000f9e1ea50,0x00000000fbe00000)
  from space 2560K, 99% used [0x00000000fc700000,0x00000000fc97a388,0x00000000fc980000)
  to   space 5120K, 0% used [0x00000000fbf80000,0x00000000fbf80000,0x00000000fc480000)
 ParOldGen       total 87552K, used 58468K [0x00000000e0000000, 0x00000000e5580000, 0x00000000f5580000)
  object space 87552K, 66% used [0x00000000e0000000,0x00000000e39193f0,0x00000000e5580000)
 Metaspace       used 94250K, capacity 101990K, committed 102168K, reserved 1138688K
  class space    used 10889K, capacity 13310K, committed 13344K, reserved 1048576K
GC Heap History (10 events):
Event: 1022.467 GC heap before
{Heap before GC invocations=114 (full 9):
 PSYoungGen      total 107520K, used 106901K [0x00000000f5580000, 0x00000000fce80000, 0x0000000100000000)
  eden space 105472K, 99% used [0x00000000f5580000,0x00000000fbc34540,0x00000000fbc80000)
  from space 2048K, 84% used [0x00000000fcc80000,0x00000000fce30ec8,0x00000000fce80000)
  to   space 4608K, 0% used [0x00000000fc580000,0x00000000fc580000,0x00000000fca00000)
 ParOldGen       total 87552K, used 63346K [0x00000000e0000000, 0x00000000e5580000, 0x00000000f5580000)
  object space 87552K, 72% used [0x00000000e0000000,0x00000000e3ddca90,0x00000000e5580000)
 Metaspace       used 93100K, capacity 100576K, committed 100760K, reserved 1136640K
  class space    used 10785K, capacity 13180K, committed 13216K, reserved 1048576K
Event: 1022.471 GC heap after
Heap after GC invocations=114 (full 9):
 PSYoungGen      total 107520K, used 1818K [0x00000000f5580000, 0x00000000fcd00000, 0x0000000100000000)
  eden space 105472K, 0% used [0x00000000f5580000,0x00000000f5580000,0x00000000fbc80000)
  from space 2048K, 88% used [0x00000000fc580000,0x00000000fc746a10,0x00000000fc780000)
  to   space 4096K, 0% used [0x00000000fc900000,0x00000000fc900000,0x00000000fcd00000)
 ParOldGen       total 87552K, used 63346K [0x00000000e0000000, 0x00000000e5580000, 0x00000000f5580000)
  object space 87552K, 72% used [0x00000000e0000000,0x00000000e3ddca90,0x00000000e5580000)
 Metaspace       used 93100K, capacity 100576K, committed 100760K, reserved 1136640K
  class space    used 10785K, capacity 13180K, committed 13216K, reserved 1048576K
}
Event: 1022.471 GC heap before
{Heap before GC invocations=115 (full 10):
 PSYoungGen      total 107520K, used 1818K [0x00000000f5580000, 0x00000000fcd00000, 0x0000000100000000)
  eden space 105472K, 0% used [0x00000000f5580000,0x00000000f5580000,0x00000000fbc80000)
  from space 2048K, 88% used [0x00000000fc580000,0x00000000fc746a10,0x00000000fc780000)
  to   space 4096K, 0% used [0x00000000fc900000,0x00000000fc900000,0x00000000fcd00000)
 ParOldGen       total 87552K, used 63346K [0x00000000e0000000, 0x00000000e5580000, 0x00000000f5580000)
  object space 87552K, 72% used [0x00000000e0000000,0x00000000e3ddca90,0x00000000e5580000)
 Metaspace       used 93100K, capacity 100576K, committed 100760K, reserved 1136640K
  class space    used 10785K, capacity 13180K, committed 13216K, reserved 1048576K
Event: 1022.774 GC heap after
Heap after GC invocations=115 (full 10):
 PSYoungGen      total 107520K, used 0K [0x00000000f5580000, 0x00000000fcd00000, 0x0000000100000000)
  eden space 105472K, 0% used [0x00000000f5580000,0x00000000f5580000,0x00000000fbc80000)
  from space 2048K, 0% used [0x00000000fc580000,0x00000000fc580000,0x00000000fc780000)
  to   space 4096K, 0% used [0x00000000fc900000,0x00000000fc900000,0x00000000fcd00000)
 ParOldGen       total 87552K, used 57516K [0x00000000e0000000, 0x00000000e5580000, 0x00000000f5580000)
  object space 87552K, 65% used [0x00000000e0000000,0x00000000e382b3e0,0x00000000e5580000)
 Metaspace       used 93090K, capacity 100558K, committed 100760K, reserved 1136640K
  class space    used 10784K, capacity 13177K, committed 13216K, reserved 1048576K
}
Event: 1098.698 GC heap before
{Heap before GC invocations=116 (full 10):
 PSYoungGen      total 107520K, used 105472K [0x00000000f5580000, 0x00000000fcd00000, 0x0000000100000000)
  eden space 105472K, 100% used [0x00000000f5580000,0x00000000fbc80000,0x00000000fbc80000)
  from space 2048K, 0% used [0x00000000fc580000,0x00000000fc580000,0x00000000fc780000)
  to   space 4096K, 0% used [0x00000000fc900000,0x00000000fc900000,0x00000000fcd00000)
 ParOldGen       total 87552K, used 57516K [0x00000000e0000000, 0x00000000e5580000, 0x00000000f5580000)
  object space 87552K, 65% used [0x00000000e0000000,0x00000000e382b3e0,0x00000000e5580000)
 Metaspace       used 93164K, capacity 100750K, committed 101016K, reserved 1136640K
  class space    used 10784K, capacity 13177K, committed 13216K, reserved 1048576K
Event: 1098.703 GC heap after
Heap after GC invocations=116 (full 10):
 PSYoungGen      total 108544K, used 2392K [0x00000000f5580000, 0x00000000fcb80000, 0x0000000100000000)
  eden space 105984K, 0% used [0x00000000f5580000,0x00000000f5580000,0x00000000fbd00000)
  from space 2560K, 93% used [0x00000000fc900000,0x00000000fcb56088,0x00000000fcb80000)
  to   space 4096K, 0% used [0x00000000fc380000,0x00000000fc380000,0x00000000fc780000)
 ParOldGen       total 87552K, used 57524K [0x00000000e0000000, 0x00000000e5580000, 0x00000000f5580000)
  object space 87552K, 65% used [0x00000000e0000000,0x00000000e382d3e0,0x00000000e5580000)
 Metaspace       used 93164K, capacity 100750K, committed 101016K, reserved 1136640K
  class space    used 10784K, capacity 13177K, committed 13216K, reserved 1048576K
}
Event: 1138.451 GC heap before
{Heap before GC invocations=117 (full 10):
 PSYoungGen      total 108544K, used 108376K [0x00000000f5580000, 0x00000000fcb80000, 0x0000000100000000)
  eden space 105984K, 100% used [0x00000000f5580000,0x00000000fbd00000,0x00000000fbd00000)
  from space 2560K, 93% used [0x00000000fc900000,0x00000000fcb56088,0x00000000fcb80000)
  to   space 4096K, 0% used [0x00000000fc380000,0x00000000fc380000,0x00000000fc780000)
 ParOldGen       total 87552K, used 57524K [0x00000000e0000000, 0x00000000e5580000, 0x00000000f5580000)
  object space 87552K, 65% used [0x00000000e0000000,0x00000000e382d3e0,0x00000000e5580000)
 Metaspace       used 93356K, capacity 100814K, committed 101016K, reserved 1136640K
  class space    used 10789K, capacity 13177K, committed 13216K, reserved 1048576K
Event: 1138.456 GC heap after
Heap after GC invocations=117 (full 10):
 PSYoungGen      total 110080K, used 3420K [0x00000000f5580000, 0x00000000fc980000, 0x0000000100000000)
  eden space 106496K, 0% used [0x00000000f5580000,0x00000000f5580000,0x00000000fbd80000)
  from space 3584K, 95% used [0x00000000fc380000,0x00000000fc6d7198,0x00000000fc700000)
  to   space 2560K, 0% used [0x00000000fc700000,0x00000000fc700000,0x00000000fc980000)
 ParOldGen       total 87552K, used 57524K [0x00000000e0000000, 0x00000000e5580000, 0x00000000f5580000)
  object space 87552K, 65% used [0x00000000e0000000,0x00000000e382d3e0,0x00000000e5580000)
 Metaspace       used 93356K, capacity 100814K, committed 101016K, reserved 1136640K
  class space    used 10789K, capacity 13177K, committed 13216K, reserved 1048576K
}
Event: 1156.617 GC heap before
{Heap before GC invocations=118 (full 10):
 PSYoungGen      total 110080K, used 109916K [0x00000000f5580000, 0x00000000fc980000, 0x0000000100000000)
  eden space 106496K, 100% used [0x00000000f5580000,0x00000000fbd80000,0x00000000fbd80000)
  from space 3584K, 95% used [0x00000000fc380000,0x00000000fc6d7198,0x00000000fc700000)
  to   space 2560K, 0% used [0x00000000fc700000,0x00000000fc700000,0x00000000fc980000)
 ParOldGen       total 87552K, used 57524K [0x00000000e0000000, 0x00000000e5580000, 0x00000000f5580000)
  object space 87552K, 65% used [0x00000000e0000000,0x00000000e382d3e0,0x00000000e5580000)
 Metaspace       used 93431K, capacity 100816K, committed 101016K, reserved 1136640K
  class space    used 10796K, capacity 13179K, committed 13216K, reserved 1048576K
Event: 1156.622 GC heap after
Heap after GC invocations=118 (full 10):
 PSYoungGen      total 109568K, used 2536K [0x00000000f5580000, 0x00000000fc980000, 0x0000000100000000)
  eden space 107008K, 0% used [0x00000000f5580000,0x00000000f5580000,0x00000000fbe00000)
  from space 2560K, 99% used [0x00000000fc700000,0x00000000fc97a388,0x00000000fc980000)
  to   space 5120K, 0% used [0x00000000fbf80000,0x00000000fbf80000,0x00000000fc480000)
 ParOldGen       total 87552K, used 58468K [0x00000000e0000000, 0x00000000e5580000, 0x00000000f5580000)
  object space 87552K, 66% used [0x00000000e0000000,0x00000000e39193f0,0x00000000e5580000)
 Metaspace       used 93431K, capacity 100816K, committed 101016K, reserved 1136640K
  class space    used 10796K, capacity 13179K, committed 13216K, reserved 1048576K
}

