# JRE version: Java(TM) SE Runtime Environment (8.0_66-b18) (build 1.8.0_66-b18)
# Java VM: Java HotSpot(TM) 64-Bit Server VM (25.66-b18 mixed mode windows-amd64 compressed oops)
Heap:
 PSYoungGen      total 71168K, used 50529K [0x00000000f5580000, 0x00000000ff080000, 0x0000000100000000)
  eden space 66048K, 69% used [0x00000000f5580000,0x00000000f8246438,0x00000000f9600000)
  from space 5120K, 91% used [0x00000000f9600000,0x00000000f9a92348,0x00000000f9b00000)
  to   space 46080K, 0% used [0x00000000fc380000,0x00000000fc380000,0x00000000ff080000)
 ParOldGen       total 197632K, used 77184K [0x00000000e0000000, 0x00000000ec100000, 0x00000000f5580000)
  object space 197632K, 39% used [0x00000000e0000000,0x00000000e4b600a0,0x00000000ec100000)
 Metaspace       used 94110K, capacity 101828K, committed 101928K, reserved 1138688K
  class space    used 11113K, capacity 13605K, committed 13616K, reserved 1048576K
GC Heap History (10 events):
Event: 313.228 GC heap before
{Heap before GC invocations=29 (full 4):
 PSYoungGen      total 117760K, used 67453K [0x00000000f5580000, 0x00000000ffd80000, 0x0000000100000000)
  eden space 64512K, 100% used [0x00000000f5580000,0x00000000f9480000,0x00000000f9480000)
  from space 53248K, 5% used [0x00000000fc980000,0x00000000fcc5f7b0,0x00000000ffd80000)
  to   space 53760K, 0% used [0x00000000f9480000,0x00000000f9480000,0x00000000fc900000)
 ParOldGen       total 197632K, used 77096K [0x00000000e0000000, 0x00000000ec100000, 0x00000000f5580000)
  object space 197632K, 39% used [0x00000000e0000000,0x00000000e4b4a090,0x00000000ec100000)
 Metaspace       used 92713K, capacity 100290K, committed 100648K, reserved 1136640K
  class space    used 10975K, capacity 13248K, committed 13360K, reserved 1048576K
Event: 313.232 GC heap after
Heap after GC invocations=29 (full 4):
 PSYoungGen      total 118272K, used 3493K [0x00000000f5580000, 0x00000000ffc80000, 0x0000000100000000)
  eden space 64512K, 0% used [0x00000000f5580000,0x00000000f5580000,0x00000000f9480000)
  from space 53760K, 6% used [0x00000000f9480000,0x00000000f97e94c8,0x00000000fc900000)
  to   space 52736K, 0% used [0x00000000fc900000,0x00000000fc900000,0x00000000ffc80000)
 ParOldGen       total 197632K, used 77168K [0x00000000e0000000, 0x00000000ec100000, 0x00000000f5580000)
  object space 197632K, 39% used [0x00000000e0000000,0x00000000e4b5c0a0,0x00000000ec100000)
 Metaspace       used 92713K, capacity 100290K, committed 100648K, reserved 1136640K
  class space    used 10975K, capacity 13248K, committed 13360K, reserved 1048576K
}
Event: 317.643 GC heap before
{Heap before GC invocations=30 (full 4):
 PSYoungGen      total 118272K, used 68005K [0x00000000f5580000, 0x00000000ffc80000, 0x0000000100000000)
  eden space 64512K, 100% used [0x00000000f5580000,0x00000000f9480000,0x00000000f9480000)
  from space 53760K, 6% used [0x00000000f9480000,0x00000000f97e94c8,0x00000000fc900000)
  to   space 52736K, 0% used [0x00000000fc900000,0x00000000fc900000,0x00000000ffc80000)
 ParOldGen       total 197632K, used 77168K [0x00000000e0000000, 0x00000000ec100000, 0x00000000f5580000)
  object space 197632K, 39% used [0x00000000e0000000,0x00000000e4b5c0a0,0x00000000ec100000)
 Metaspace       used 92850K, capacity 100482K, committed 100648K, reserved 1136640K
  class space    used 10979K, capacity 13312K, committed 13360K, reserved 1048576K
Event: 317.649 GC heap after
Heap after GC invocations=30 (full 4):
 PSYoungGen      total 115200K, used 4136K [0x00000000f5580000, 0x00000000ff980000, 0x0000000100000000)
  eden space 65536K, 0% used [0x00000000f5580000,0x00000000f5580000,0x00000000f9580000)
  from space 49664K, 8% used [0x00000000fc900000,0x00000000fcd0a0c8,0x00000000ff980000)
  to   space 51200K, 0% used [0x00000000f9580000,0x00000000f9580000,0x00000000fc780000)
 ParOldGen       total 197632K, used 77168K [0x00000000e0000000, 0x00000000ec100000, 0x00000000f5580000)
  object space 197632K, 39% used [0x00000000e0000000,0x00000000e4b5c0a0,0x00000000ec100000)
 Metaspace       used 92850K, capacity 100482K, committed 100648K, reserved 1136640K
  class space    used 10979K, capacity 13312K, committed 13360K, reserved 1048576K
}
Event: 331.611 GC heap before
{Heap before GC invocations=31 (full 4):
 PSYoungGen      total 115200K, used 69672K [0x00000000f5580000, 0x00000000ff980000, 0x0000000100000000)
  eden space 65536K, 100% used [0x00000000f5580000,0x00000000f9580000,0x00000000f9580000)
  from space 49664K, 8% used [0x00000000fc900000,0x00000000fcd0a0c8,0x00000000ff980000)
  to   space 51200K, 0% used [0x00000000f9580000,0x00000000f9580000,0x00000000fc780000)
 ParOldGen       total 197632K, used 77168K [0x00000000e0000000, 0x00000000ec100000, 0x00000000f5580000)
  object space 197632K, 39% used [0x00000000e0000000,0x00000000e4b5c0a0,0x00000000ec100000)
 Metaspace       used 92902K, capacity 100482K, committed 100648K, reserved 1136640K
  class space    used 10979K, capacity 13312K, committed 13360K, reserved 1048576K
Event: 331.615 GC heap after
Heap after GC invocations=31 (full 4):
 PSYoungGen      total 69632K, used 3859K [0x00000000f5580000, 0x00000000ff700000, 0x0000000100000000)
  eden space 65536K, 0% used [0x00000000f5580000,0x00000000f5580000,0x00000000f9580000)
  from space 4096K, 94% used [0x00000000f9580000,0x00000000f9944f78,0x00000000f9980000)
  to   space 49664K, 0% used [0x00000000fc680000,0x00000000fc680000,0x00000000ff700000)
 ParOldGen       total 197632K, used 77176K [0x00000000e0000000, 0x00000000ec100000, 0x00000000f5580000)
  object space 197632K, 39% used [0x00000000e0000000,0x00000000e4b5e0a0,0x00000000ec100000)
 Metaspace       used 92902K, capacity 100482K, committed 100648K, reserved 1136640K
  class space    used 10979K, capacity 13312K, committed 13360K, reserved 1048576K
}
Event: 352.333 GC heap before
{Heap before GC invocations=32 (full 4):
 PSYoungGen      total 69632K, used 69395K [0x00000000f5580000, 0x00000000ff700000, 0x0000000100000000)
  eden space 65536K, 100% used [0x00000000f5580000,0x00000000f9580000,0x00000000f9580000)
  from space 4096K, 94% used [0x00000000f9580000,0x00000000f9944f78,0x00000000f9980000)
  to   space 49664K, 0% used [0x00000000fc680000,0x00000000fc680000,0x00000000ff700000)
 ParOldGen       total 197632K, used 77176K [0x00000000e0000000, 0x00000000ec100000, 0x00000000f5580000)
  object space 197632K, 39% used [0x00000000e0000000,0x00000000e4b5e0a0,0x00000000ec100000)
 Metaspace       used 92996K, capacity 100552K, committed 100648K, reserved 1136640K
  class space    used 10984K, capacity 13313K, committed 13360K, reserved 1048576K
Event: 352.338 GC heap after
Heap after GC invocations=32 (full 4):
 PSYoungGen      total 112640K, used 2879K [0x00000000f5580000, 0x00000000ff400000, 0x0000000100000000)
  eden space 66048K, 0% used [0x00000000f5580000,0x00000000f5580000,0x00000000f9600000)
  from space 46592K, 6% used [0x00000000fc680000,0x00000000fc94ff48,0x00000000ff400000)
  to   space 48128K, 0% used [0x00000000f9600000,0x00000000f9600000,0x00000000fc500000)
 ParOldGen       total 197632K, used 77176K [0x00000000e0000000, 0x00000000ec100000, 0x00000000f5580000)
  object space 197632K, 39% used [0x00000000e0000000,0x00000000e4b5e0a0,0x00000000ec100000)
 Metaspace       used 92996K, capacity 100552K, committed 100648K, reserved 1136640K
  class space    used 10984K, capacity 13313K, committed 13360K, reserved 1048576K
}
Event: 378.909 GC heap before
{Heap before GC invocations=33 (full 4):
 PSYoungGen      total 112640K, used 68927K [0x00000000f5580000, 0x00000000ff400000, 0x0000000100000000)
  eden space 66048K, 100% used [0x00000000f5580000,0x00000000f9600000,0x00000000f9600000)
  from space 46592K, 6% used [0x00000000fc680000,0x00000000fc94ff48,0x00000000ff400000)
  to   space 48128K, 0% used [0x00000000f9600000,0x00000000f9600000,0x00000000fc500000)
 ParOldGen       total 197632K, used 77176K [0x00000000e0000000, 0x00000000ec100000, 0x00000000f5580000)
  object space 197632K, 39% used [0x00000000e0000000,0x00000000e4b5e0a0,0x00000000ec100000)
 Metaspace       used 93212K, capacity 100910K, committed 101160K, reserved 1136640K
  class space    used 11011K, capacity 13346K, committed 13360K, reserved 1048576K
Event: 378.916 GC heap after
Heap after GC invocations=33 (full 4):
 PSYoungGen      total 71168K, used 4680K [0x00000000f5580000, 0x00000000ff080000, 0x0000000100000000)
  eden space 66048K, 0% used [0x00000000f5580000,0x00000000f5580000,0x00000000f9600000)
  from space 5120K, 91% used [0x00000000f9600000,0x00000000f9a92348,0x00000000f9b00000)
  to   space 46080K, 0% used [0x00000000fc380000,0x00000000fc380000,0x00000000ff080000)
 ParOldGen       total 197632K, used 77184K [0x00000000e0000000, 0x00000000ec100000, 0x00000000f5580000)
  object space 197632K, 39% used [0x00000000e0000000,0x00000000e4b600a0,0x00000000ec100000)
 Metaspace       used 93212K, capacity 100910K, committed 101160K, reserved 1136640K
  class space    used 11011K, capacity 13346K, committed 13360K, reserved 1048576K
}

