# JRE version: Java(TM) SE Runtime Environment (8.0_66-b18) (build 1.8.0_66-b18)
# Java VM: Java HotSpot(TM) 64-Bit Server VM (25.66-b18 mixed mode windows-amd64 compressed oops)
Heap:
 PSYoungGen      total 134144K, used 113388K [0x00000000f5580000, 0x00000000fe380000, 0x0000000100000000)
  eden space 122880K, 86% used [0x00000000f5580000,0x00000000fbcf41a8,0x00000000fcd80000)
  from space 11264K, 66% used [0x00000000fd880000,0x00000000fdfc7248,0x00000000fe380000)
  to   space 11264K, 0% used [0x00000000fcd80000,0x00000000fcd80000,0x00000000fd880000)
 ParOldGen       total 98304K, used 66868K [0x00000000e0000000, 0x00000000e6000000, 0x00000000f5580000)
  object space 98304K, 68% used [0x00000000e0000000,0x00000000e414d238,0x00000000e6000000)
 Metaspace       used 95772K, capacity 103528K, committed 103768K, reserved 1138688K
  class space    used 11278K, capacity 13655K, committed 13696K, reserved 1048576K
GC Heap History (10 events):
Event: 671.092 GC heap before
{Heap before GC invocations=64 (full 12):
 PSYoungGen      total 133120K, used 125836K [0x00000000f5580000, 0x00000000fe480000, 0x0000000100000000)
  eden space 119808K, 99% used [0x00000000f5580000,0x00000000fca5df30,0x00000000fca80000)
  from space 13312K, 46% used [0x00000000fca80000,0x00000000fd085480,0x00000000fd780000)
  to   space 12800K, 0% used [0x00000000fd800000,0x00000000fd800000,0x00000000fe480000)
 ParOldGen       total 98304K, used 66852K [0x00000000e0000000, 0x00000000e6000000, 0x00000000f5580000)
  object space 98304K, 68% used [0x00000000e0000000,0x00000000e4149238,0x00000000e6000000)
 Metaspace       used 94412K, capacity 102184K, committed 102488K, reserved 1138688K
  class space    used 11166K, capacity 13555K, committed 13696K, reserved 1048576K
Event: 671.098 GC heap after
Heap after GC invocations=64 (full 12):
 PSYoungGen      total 132608K, used 6680K [0x00000000f5580000, 0x00000000fe380000, 0x0000000100000000)
  eden space 120832K, 0% used [0x00000000f5580000,0x00000000f5580000,0x00000000fcb80000)
  from space 11776K, 56% used [0x00000000fd800000,0x00000000fde862d0,0x00000000fe380000)
  to   space 12288K, 0% used [0x00000000fcb80000,0x00000000fcb80000,0x00000000fd780000)
 ParOldGen       total 98304K, used 66860K [0x00000000e0000000, 0x00000000e6000000, 0x00000000f5580000)
  object space 98304K, 68% used [0x00000000e0000000,0x00000000e414b238,0x00000000e6000000)
 Metaspace       used 94412K, capacity 102184K, committed 102488K, reserved 1138688K
  class space    used 11166K, capacity 13555K, committed 13696K, reserved 1048576K
}
Event: 676.960 GC heap before
{Heap before GC invocations=65 (full 12):
 PSYoungGen      total 132608K, used 127512K [0x00000000f5580000, 0x00000000fe380000, 0x0000000100000000)
  eden space 120832K, 100% used [0x00000000f5580000,0x00000000fcb80000,0x00000000fcb80000)
  from space 11776K, 56% used [0x00000000fd800000,0x00000000fde862d0,0x00000000fe380000)
  to   space 12288K, 0% used [0x00000000fcb80000,0x00000000fcb80000,0x00000000fd780000)
 ParOldGen       total 98304K, used 66860K [0x00000000e0000000, 0x00000000e6000000, 0x00000000f5580000)
  object space 98304K, 68% used [0x00000000e0000000,0x00000000e414b238,0x00000000e6000000)
 Metaspace       used 94552K, capacity 102318K, committed 102744K, reserved 1138688K
  class space    used 11168K, capacity 13556K, committed 13696K, reserved 1048576K
Event: 676.964 GC heap after
Heap after GC invocations=65 (full 12):
 PSYoungGen      total 133120K, used 6389K [0x00000000f5580000, 0x00000000fe380000, 0x0000000100000000)
  eden space 120832K, 0% used [0x00000000f5580000,0x00000000f5580000,0x00000000fcb80000)
  from space 12288K, 51% used [0x00000000fcb80000,0x00000000fd1bd4b0,0x00000000fd780000)
  to   space 11776K, 0% used [0x00000000fd800000,0x00000000fd800000,0x00000000fe380000)
 ParOldGen       total 98304K, used 66860K [0x00000000e0000000, 0x00000000e6000000, 0x00000000f5580000)
  object space 98304K, 68% used [0x00000000e0000000,0x00000000e414b238,0x00000000e6000000)
 Metaspace       used 94552K, capacity 102318K, committed 102744K, reserved 1138688K
  class space    used 11168K, capacity 13556K, committed 13696K, reserved 1048576K
}
Event: 692.873 GC heap before
{Heap before GC invocations=66 (full 12):
 PSYoungGen      total 133120K, used 127221K [0x00000000f5580000, 0x00000000fe380000, 0x0000000100000000)
  eden space 120832K, 100% used [0x00000000f5580000,0x00000000fcb80000,0x00000000fcb80000)
  from space 12288K, 51% used [0x00000000fcb80000,0x00000000fd1bd4b0,0x00000000fd780000)
  to   space 11776K, 0% used [0x00000000fd800000,0x00000000fd800000,0x00000000fe380000)
 ParOldGen       total 98304K, used 66860K [0x00000000e0000000, 0x00000000e6000000, 0x00000000f5580000)
  object space 98304K, 68% used [0x00000000e0000000,0x00000000e414b238,0x00000000e6000000)
 Metaspace       used 94689K, capacity 102510K, committed 102744K, reserved 1138688K
  class space    used 11172K, capacity 13556K, committed 13696K, reserved 1048576K
Event: 692.878 GC heap after
Heap after GC invocations=66 (full 12):
 PSYoungGen      total 132608K, used 6807K [0x00000000f5580000, 0x00000000fe280000, 0x0000000100000000)
  eden space 121856K, 0% used [0x00000000f5580000,0x00000000f5580000,0x00000000fcc80000)
  from space 10752K, 63% used [0x00000000fd800000,0x00000000fdea5e00,0x00000000fe280000)
  to   space 11264K, 0% used [0x00000000fcc80000,0x00000000fcc80000,0x00000000fd780000)
 ParOldGen       total 98304K, used 66860K [0x00000000e0000000, 0x00000000e6000000, 0x00000000f5580000)
  object space 98304K, 68% used [0x00000000e0000000,0x00000000e414b238,0x00000000e6000000)
 Metaspace       used 94689K, capacity 102510K, committed 102744K, reserved 1138688K
  class space    used 11172K, capacity 13556K, committed 13696K, reserved 1048576K
}
Event: 698.704 GC heap before
{Heap before GC invocations=67 (full 12):
 PSYoungGen      total 132608K, used 127981K [0x00000000f5580000, 0x00000000fe280000, 0x0000000100000000)
  eden space 121856K, 99% used [0x00000000f5580000,0x00000000fcbd56b0,0x00000000fcc80000)
  from space 10752K, 63% used [0x00000000fd800000,0x00000000fdea5e00,0x00000000fe280000)
  to   space 11264K, 0% used [0x00000000fcc80000,0x00000000fcc80000,0x00000000fd780000)
 ParOldGen       total 98304K, used 66860K [0x00000000e0000000, 0x00000000e6000000, 0x00000000f5580000)
  object space 98304K, 68% used [0x00000000e0000000,0x00000000e414b238,0x00000000e6000000)
 Metaspace       used 94762K, capacity 102574K, committed 103000K, reserved 1138688K
  class space    used 11178K, capacity 13556K, committed 13696K, reserved 1048576K
Event: 698.708 GC heap after
Heap after GC invocations=67 (full 12):
 PSYoungGen      total 133120K, used 7129K [0x00000000f5580000, 0x00000000fe380000, 0x0000000100000000)
  eden space 121856K, 0% used [0x00000000f5580000,0x00000000f5580000,0x00000000fcc80000)
  from space 11264K, 63% used [0x00000000fcc80000,0x00000000fd376478,0x00000000fd780000)
  to   space 11264K, 0% used [0x00000000fd880000,0x00000000fd880000,0x00000000fe380000)
 ParOldGen       total 98304K, used 66868K [0x00000000e0000000, 0x00000000e6000000, 0x00000000f5580000)
  object space 98304K, 68% used [0x00000000e0000000,0x00000000e414d238,0x00000000e6000000)
 Metaspace       used 94762K, capacity 102574K, committed 103000K, reserved 1138688K
  class space    used 11178K, capacity 13556K, committed 13696K, reserved 1048576K
}
Event: 765.188 GC heap before
{Heap before GC invocations=68 (full 12):
 PSYoungGen      total 133120K, used 128944K [0x00000000f5580000, 0x00000000fe380000, 0x0000000100000000)
  eden space 121856K, 99% used [0x00000000f5580000,0x00000000fcc75d30,0x00000000fcc80000)
  from space 11264K, 63% used [0x00000000fcc80000,0x00000000fd376478,0x00000000fd780000)
  to   space 11264K, 0% used [0x00000000fd880000,0x00000000fd880000,0x00000000fe380000)
 ParOldGen       total 98304K, used 66868K [0x00000000e0000000, 0x00000000e6000000, 0x00000000f5580000)
  object space 98304K, 68% used [0x00000000e0000000,0x00000000e414d238,0x00000000e6000000)
 Metaspace       used 94859K, capacity 102574K, committed 103000K, reserved 1138688K
  class space    used 11178K, capacity 13556K, committed 13696K, reserved 1048576K
Event: 765.205 GC heap after
Heap after GC invocations=68 (full 12):
 PSYoungGen      total 134144K, used 7452K [0x00000000f5580000, 0x00000000fe380000, 0x0000000100000000)
  eden space 122880K, 0% used [0x00000000f5580000,0x00000000f5580000,0x00000000fcd80000)
  from space 11264K, 66% used [0x00000000fd880000,0x00000000fdfc7248,0x00000000fe380000)
  to   space 11264K, 0% used [0x00000000fcd80000,0x00000000fcd80000,0x00000000fd880000)
 ParOldGen       total 98304K, used 66868K [0x00000000e0000000, 0x00000000e6000000, 0x00000000f5580000)
  object space 98304K, 68% used [0x00000000e0000000,0x00000000e414d238,0x00000000e6000000)
 Metaspace       used 94859K, capacity 102574K, committed 103000K, reserved 1138688K
  class space    used 11178K, capacity 13556K, committed 13696K, reserved 1048576K
}

