# JRE version: Java(TM) SE Runtime Environment (8.0_66-b18) (build 1.8.0_66-b18)
# Java VM: Java HotSpot(TM) 64-Bit Server VM (25.66-b18 mixed mode windows-amd64 compressed oops)
Heap:
 PSYoungGen      total 87552K, used 47483K [0x00000000f5580000, 0x00000000fcb80000, 0x0000000100000000)
  eden space 82944K, 51% used [0x00000000f5580000,0x00000000f7f887d0,0x00000000fa680000)
  from space 4608K, 96% used [0x00000000fa880000,0x00000000facd6480,0x00000000fad00000)
  to   space 18944K, 0% used [0x00000000fb900000,0x00000000fb900000,0x00000000fcb80000)
 ParOldGen       total 119296K, used 59861K [0x00000000e0000000, 0x00000000e7480000, 0x00000000f5580000)
  object space 119296K, 50% used [0x00000000e0000000,0x00000000e3a757e0,0x00000000e7480000)
 Metaspace       used 94882K, capacity 102482K, committed 102808K, reserved 1138688K
  class space    used 11074K, capacity 13624K, committed 13744K, reserved 1048576K
GC Heap History (10 events):
Event: 926.750 GC heap before
{Heap before GC invocations=65 (full 8):
 PSYoungGen      total 108032K, used 12273K [0x00000000f5580000, 0x00000000fd300000, 0x0000000100000000)
  eden space 87552K, 0% used [0x00000000f5580000,0x00000000f5580000,0x00000000fab00000)
  from space 20480K, 59% used [0x00000000fab00000,0x00000000fb6fc5e8,0x00000000fbf00000)
  to   space 20480K, 0% used [0x00000000fbf00000,0x00000000fbf00000,0x00000000fd300000)
 ParOldGen       total 119296K, used 65539K [0x00000000e0000000, 0x00000000e7480000, 0x00000000f5580000)
  object space 119296K, 54% used [0x00000000e0000000,0x00000000e4000f70,0x00000000e7480000)
 Metaspace       used 93460K, capacity 100998K, committed 101272K, reserved 1136640K
  class space    used 10955K, capacity 13434K, committed 13488K, reserved 1048576K
Event: 926.989 GC heap after
Heap after GC invocations=65 (full 8):
 PSYoungGen      total 108032K, used 0K [0x00000000f5580000, 0x00000000fd300000, 0x0000000100000000)
  eden space 87552K, 0% used [0x00000000f5580000,0x00000000f5580000,0x00000000fab00000)
  from space 20480K, 0% used [0x00000000fab00000,0x00000000fab00000,0x00000000fbf00000)
  to   space 20480K, 0% used [0x00000000fbf00000,0x00000000fbf00000,0x00000000fd300000)
 ParOldGen       total 119296K, used 59845K [0x00000000e0000000, 0x00000000e7480000, 0x00000000f5580000)
  object space 119296K, 50% used [0x00000000e0000000,0x00000000e3a717e0,0x00000000e7480000)
 Metaspace       used 93414K, capacity 100922K, committed 101272K, reserved 1136640K
  class space    used 10947K, capacity 13418K, committed 13488K, reserved 1048576K
}
Event: 972.666 GC heap before
{Heap before GC invocations=66 (full 8):
 PSYoungGen      total 108032K, used 87552K [0x00000000f5580000, 0x00000000fd300000, 0x0000000100000000)
  eden space 87552K, 100% used [0x00000000f5580000,0x00000000fab00000,0x00000000fab00000)
  from space 20480K, 0% used [0x00000000fab00000,0x00000000fab00000,0x00000000fbf00000)
  to   space 20480K, 0% used [0x00000000fbf00000,0x00000000fbf00000,0x00000000fd300000)
 ParOldGen       total 119296K, used 59845K [0x00000000e0000000, 0x00000000e7480000, 0x00000000f5580000)
  object space 119296K, 50% used [0x00000000e0000000,0x00000000e3a717e0,0x00000000e7480000)
 Metaspace       used 93693K, capacity 101184K, committed 101528K, reserved 1136640K
  class space    used 10983K, capacity 13419K, committed 13488K, reserved 1048576K
Event: 972.671 GC heap after
Heap after GC invocations=66 (full 8):
 PSYoungGen      total 107520K, used 1790K [0x00000000f5580000, 0x00000000fd480000, 0x0000000100000000)
  eden space 87040K, 0% used [0x00000000f5580000,0x00000000f5580000,0x00000000faa80000)
  from space 20480K, 8% used [0x00000000fbf00000,0x00000000fc0bfb28,0x00000000fd300000)
  to   space 20992K, 0% used [0x00000000faa80000,0x00000000faa80000,0x00000000fbf00000)
 ParOldGen       total 119296K, used 59845K [0x00000000e0000000, 0x00000000e7480000, 0x00000000f5580000)
  object space 119296K, 50% used [0x00000000e0000000,0x00000000e3a717e0,0x00000000e7480000)
 Metaspace       used 93693K, capacity 101184K, committed 101528K, reserved 1136640K
  class space    used 10983K, capacity 13419K, committed 13488K, reserved 1048576K
}
Event: 997.599 GC heap before
{Heap before GC invocations=67 (full 8):
 PSYoungGen      total 107520K, used 88830K [0x00000000f5580000, 0x00000000fd480000, 0x0000000100000000)
  eden space 87040K, 100% used [0x00000000f5580000,0x00000000faa80000,0x00000000faa80000)
  from space 20480K, 8% used [0x00000000fbf00000,0x00000000fc0bfb28,0x00000000fd300000)
  to   space 20992K, 0% used [0x00000000faa80000,0x00000000faa80000,0x00000000fbf00000)
 ParOldGen       total 119296K, used 59845K [0x00000000e0000000, 0x00000000e7480000, 0x00000000f5580000)
  object space 119296K, 50% used [0x00000000e0000000,0x00000000e3a717e0,0x00000000e7480000)
 Metaspace       used 93910K, capacity 101446K, committed 101784K, reserved 1138688K
  class space    used 10995K, capacity 13420K, committed 13488K, reserved 1048576K
Event: 997.605 GC heap after
Heap after GC invocations=67 (full 8):
 PSYoungGen      total 108032K, used 3022K [0x00000000f5580000, 0x00000000fd300000, 0x0000000100000000)
  eden space 87040K, 0% used [0x00000000f5580000,0x00000000f5580000,0x00000000faa80000)
  from space 20992K, 14% used [0x00000000faa80000,0x00000000fad738c0,0x00000000fbf00000)
  to   space 20480K, 0% used [0x00000000fbf00000,0x00000000fbf00000,0x00000000fd300000)
 ParOldGen       total 119296K, used 59853K [0x00000000e0000000, 0x00000000e7480000, 0x00000000f5580000)
  object space 119296K, 50% used [0x00000000e0000000,0x00000000e3a737e0,0x00000000e7480000)
 Metaspace       used 93910K, capacity 101446K, committed 101784K, reserved 1138688K
  class space    used 10995K, capacity 13420K, committed 13488K, reserved 1048576K
}
Event: 1029.337 GC heap before
{Heap before GC invocations=68 (full 8):
 PSYoungGen      total 108032K, used 90062K [0x00000000f5580000, 0x00000000fd300000, 0x0000000100000000)
  eden space 87040K, 100% used [0x00000000f5580000,0x00000000faa80000,0x00000000faa80000)
  from space 20992K, 14% used [0x00000000faa80000,0x00000000fad738c0,0x00000000fbf00000)
  to   space 20480K, 0% used [0x00000000fbf00000,0x00000000fbf00000,0x00000000fd300000)
 ParOldGen       total 119296K, used 59853K [0x00000000e0000000, 0x00000000e7480000, 0x00000000f5580000)
  object space 119296K, 50% used [0x00000000e0000000,0x00000000e3a737e0,0x00000000e7480000)
 Metaspace       used 94069K, capacity 101552K, committed 101784K, reserved 1138688K
  class space    used 11000K, capacity 13427K, committed 13488K, reserved 1048576K
Event: 1029.343 GC heap after
Heap after GC invocations=68 (full 8):
 PSYoungGen      total 101888K, used 4409K [0x00000000f5580000, 0x00000000fcf80000, 0x0000000100000000)
  eden space 84992K, 0% used [0x00000000f5580000,0x00000000f5580000,0x00000000fa880000)
  from space 16896K, 26% used [0x00000000fbf00000,0x00000000fc34e480,0x00000000fcf80000)
  to   space 19968K, 0% used [0x00000000fa880000,0x00000000fa880000,0x00000000fbc00000)
 ParOldGen       total 119296K, used 59861K [0x00000000e0000000, 0x00000000e7480000, 0x00000000f5580000)
  object space 119296K, 50% used [0x00000000e0000000,0x00000000e3a757e0,0x00000000e7480000)
 Metaspace       used 94069K, capacity 101552K, committed 101784K, reserved 1138688K
  class space    used 11000K, capacity 13427K, committed 13488K, reserved 1048576K
}
Event: 1072.165 GC heap before
{Heap before GC invocations=69 (full 8):
 PSYoungGen      total 101888K, used 89401K [0x00000000f5580000, 0x00000000fcf80000, 0x0000000100000000)
  eden space 84992K, 100% used [0x00000000f5580000,0x00000000fa880000,0x00000000fa880000)
  from space 16896K, 26% used [0x00000000fbf00000,0x00000000fc34e480,0x00000000fcf80000)
  to   space 19968K, 0% used [0x00000000fa880000,0x00000000fa880000,0x00000000fbc00000)
 ParOldGen       total 119296K, used 59861K [0x00000000e0000000, 0x00000000e7480000, 0x00000000f5580000)
  object space 119296K, 50% used [0x00000000e0000000,0x00000000e3a757e0,0x00000000e7480000)
 Metaspace       used 94211K, capacity 101750K, committed 102040K, reserved 1138688K
  class space    used 11001K, capacity 13428K, committed 13488K, reserved 1048576K
Event: 1072.171 GC heap after
Heap after GC invocations=69 (full 8):
 PSYoungGen      total 87552K, used 4441K [0x00000000f5580000, 0x00000000fcb80000, 0x0000000100000000)
  eden space 82944K, 0% used [0x00000000f5580000,0x00000000f5580000,0x00000000fa680000)
  from space 4608K, 96% used [0x00000000fa880000,0x00000000facd6480,0x00000000fad00000)
  to   space 18944K, 0% used [0x00000000fb900000,0x00000000fb900000,0x00000000fcb80000)
 ParOldGen       total 119296K, used 59861K [0x00000000e0000000, 0x00000000e7480000, 0x00000000f5580000)
  object space 119296K, 50% used [0x00000000e0000000,0x00000000e3a757e0,0x00000000e7480000)
 Metaspace       used 94211K, capacity 101750K, committed 102040K, reserved 1138688K
  class space    used 11001K, capacity 13428K, committed 13488K, reserved 1048576K
}

