# JRE version: Java(TM) SE Runtime Environment (8.0_66-b18) (build 1.8.0_66-b18)
# Java VM: Java HotSpot(TM) 64-Bit Server VM (25.66-b18 mixed mode windows-amd64 compressed oops)
Heap:
 PSYoungGen      total 143360K, used 61411K [0x00000000f5580000, 0x0000000100000000, 0x0000000100000000)
  eden space 115200K, 53% used [0x00000000f5580000,0x00000000f9178c20,0x00000000fc600000)
  from space 28160K, 0% used [0x00000000fe480000,0x00000000fe480000,0x0000000100000000)
  to   space 29696K, 0% used [0x00000000fc600000,0x00000000fc600000,0x00000000fe300000)
 ParOldGen       total 169984K, used 74417K [0x00000000e0000000, 0x00000000ea600000, 0x00000000f5580000)
  object space 169984K, 43% used [0x00000000e0000000,0x00000000e48ac730,0x00000000ea600000)
 Metaspace       used 103988K, capacity 111618K, committed 112024K, reserved 1146880K
  class space    used 12212K, capacity 14704K, committed 14768K, reserved 1048576K
GC Heap History (10 events):
Event: 2321.272 GC heap before
{Heap before GC invocations=954 (full 9):
 PSYoungGen      total 148992K, used 142158K [0x00000000f5580000, 0x0000000100000000, 0x0000000100000000)
  eden space 125440K, 99% used [0x00000000f5580000,0x00000000fcf86c80,0x00000000fd000000)
  from space 23552K, 73% used [0x00000000fe900000,0x00000000ff9ccdd0,0x0000000100000000)
  to   space 24576K, 0% used [0x00000000fd000000,0x00000000fd000000,0x00000000fe800000)
 ParOldGen       total 169984K, used 72719K [0x00000000e0000000, 0x00000000ea600000, 0x00000000f5580000)
  object space 169984K, 42% used [0x00000000e0000000,0x00000000e4703f28,0x00000000ea600000)
 Metaspace       used 103185K, capacity 110642K, committed 111128K, reserved 1146880K
  class space    used 12118K, capacity 14535K, committed 14640K, reserved 1048576K
Event: 2321.280 GC heap after
Heap after GC invocations=954 (full 9):
 PSYoungGen      total 142848K, used 17188K [0x00000000f5580000, 0x0000000100000000, 0x0000000100000000)
  eden space 125440K, 0% used [0x00000000f5580000,0x00000000f5580000,0x00000000fd000000)
  from space 17408K, 98% used [0x00000000fd000000,0x00000000fe0c9018,0x00000000fe100000)
  to   space 25088K, 0% used [0x00000000fe780000,0x00000000fe780000,0x0000000100000000)
 ParOldGen       total 169984K, used 72927K [0x00000000e0000000, 0x00000000ea600000, 0x00000000f5580000)
  object space 169984K, 42% used [0x00000000e0000000,0x00000000e4737f28,0x00000000ea600000)
 Metaspace       used 103185K, capacity 110642K, committed 111128K, reserved 1146880K
  class space    used 12118K, capacity 14535K, committed 14640K, reserved 1048576K
}
Event: 2324.201 GC heap before
{Heap before GC invocations=955 (full 9):
 PSYoungGen      total 142848K, used 141717K [0x00000000f5580000, 0x0000000100000000, 0x0000000100000000)
  eden space 125440K, 99% used [0x00000000f5580000,0x00000000fcf1c598,0x00000000fd000000)
  from space 17408K, 98% used [0x00000000fd000000,0x00000000fe0c9018,0x00000000fe100000)
  to   space 25088K, 0% used [0x00000000fe780000,0x00000000fe780000,0x0000000100000000)
 ParOldGen       total 169984K, used 72927K [0x00000000e0000000, 0x00000000ea600000, 0x00000000f5580000)
  object space 169984K, 42% used [0x00000000e0000000,0x00000000e4737f28,0x00000000ea600000)
 Metaspace       used 103198K, capacity 110642K, committed 111128K, reserved 1146880K
  class space    used 12118K, capacity 14535K, committed 14640K, reserved 1048576K
Event: 2324.208 GC heap after
Heap after GC invocations=955 (full 9):
 PSYoungGen      total 147456K, used 18268K [0x00000000f5580000, 0x0000000100000000, 0x0000000100000000)
  eden space 122368K, 0% used [0x00000000f5580000,0x00000000f5580000,0x00000000fcd00000)
  from space 25088K, 72% used [0x00000000fe780000,0x00000000ff957258,0x0000000100000000)
  to   space 26112K, 0% used [0x00000000fcd00000,0x00000000fcd00000,0x00000000fe680000)
 ParOldGen       total 169984K, used 72999K [0x00000000e0000000, 0x00000000ea600000, 0x00000000f5580000)
  object space 169984K, 42% used [0x00000000e0000000,0x00000000e4749f28,0x00000000ea600000)
 Metaspace       used 103198K, capacity 110642K, committed 111128K, reserved 1146880K
  class space    used 12118K, capacity 14535K, committed 14640K, reserved 1048576K
}
Event: 2326.296 GC heap before
{Heap before GC invocations=956 (full 9):
 PSYoungGen      total 147456K, used 140395K [0x00000000f5580000, 0x0000000100000000, 0x0000000100000000)
  eden space 122368K, 99% used [0x00000000f5580000,0x00000000fccc3aa8,0x00000000fcd00000)
  from space 25088K, 72% used [0x00000000fe780000,0x00000000ff957258,0x0000000100000000)
  to   space 26112K, 0% used [0x00000000fcd00000,0x00000000fcd00000,0x00000000fe680000)
 ParOldGen       total 169984K, used 72999K [0x00000000e0000000, 0x00000000ea600000, 0x00000000f5580000)
  object space 169984K, 42% used [0x00000000e0000000,0x00000000e4749f28,0x00000000ea600000)
 Metaspace       used 103206K, capacity 110642K, committed 111128K, reserved 1146880K
  class space    used 12118K, capacity 14535K, committed 14640K, reserved 1048576K
Event: 2326.303 GC heap after
Heap after GC invocations=956 (full 9):
 PSYoungGen      total 144896K, used 22267K [0x00000000f5580000, 0x0000000100000000, 0x0000000100000000)
  eden space 122368K, 0% used [0x00000000f5580000,0x00000000f5580000,0x00000000fcd00000)
  from space 22528K, 98% used [0x00000000fcd00000,0x00000000fe2bec20,0x00000000fe300000)
  to   space 28160K, 0% used [0x00000000fe480000,0x00000000fe480000,0x0000000100000000)
 ParOldGen       total 169984K, used 73039K [0x00000000e0000000, 0x00000000ea600000, 0x00000000f5580000)
  object space 169984K, 42% used [0x00000000e0000000,0x00000000e4753f28,0x00000000ea600000)
 Metaspace       used 103206K, capacity 110642K, committed 111128K, reserved 1146880K
  class space    used 12118K, capacity 14535K, committed 14640K, reserved 1048576K
}
Event: 2328.839 GC heap before
{Heap before GC invocations=957 (full 9):
 PSYoungGen      total 144896K, used 62440K [0x00000000f5580000, 0x0000000100000000, 0x0000000100000000)
  eden space 122368K, 32% used [0x00000000f5580000,0x00000000f7cbb4c8,0x00000000fcd00000)
  from space 22528K, 98% used [0x00000000fcd00000,0x00000000fe2bec20,0x00000000fe300000)
  to   space 28160K, 0% used [0x00000000fe480000,0x00000000fe480000,0x0000000100000000)
 ParOldGen       total 169984K, used 73039K [0x00000000e0000000, 0x00000000ea600000, 0x00000000f5580000)
  object space 169984K, 42% used [0x00000000e0000000,0x00000000e4753f28,0x00000000ea600000)
 Metaspace       used 103206K, capacity 110642K, committed 111128K, reserved 1146880K
  class space    used 12118K, capacity 14535K, committed 14640K, reserved 1048576K
Event: 2328.848 GC heap after
Heap after GC invocations=957 (full 9):
 PSYoungGen      total 143360K, used 21219K [0x00000000f5580000, 0x0000000100000000, 0x0000000100000000)
  eden space 115200K, 0% used [0x00000000f5580000,0x00000000f5580000,0x00000000fc600000)
  from space 28160K, 75% used [0x00000000fe480000,0x00000000ff938c30,0x0000000100000000)
  to   space 29696K, 0% used [0x00000000fc600000,0x00000000fc600000,0x00000000fe300000)
 ParOldGen       total 169984K, used 73079K [0x00000000e0000000, 0x00000000ea600000, 0x00000000f5580000)
  object space 169984K, 42% used [0x00000000e0000000,0x00000000e475df28,0x00000000ea600000)
 Metaspace       used 103206K, capacity 110642K, committed 111128K, reserved 1146880K
  class space    used 12118K, capacity 14535K, committed 14640K, reserved 1048576K
}
Event: 2328.848 GC heap before
{Heap before GC invocations=958 (full 10):
 PSYoungGen      total 143360K, used 21219K [0x00000000f5580000, 0x0000000100000000, 0x0000000100000000)
  eden space 115200K, 0% used [0x00000000f5580000,0x00000000f5580000,0x00000000fc600000)
  from space 28160K, 75% used [0x00000000fe480000,0x00000000ff938c30,0x0000000100000000)
  to   space 29696K, 0% used [0x00000000fc600000,0x00000000fc600000,0x00000000fe300000)
 ParOldGen       total 169984K, used 73079K [0x00000000e0000000, 0x00000000ea600000, 0x00000000f5580000)
  object space 169984K, 42% used [0x00000000e0000000,0x00000000e475df28,0x00000000ea600000)
 Metaspace       used 103206K, capacity 110642K, committed 111128K, reserved 1146880K
  class space    used 12118K, capacity 14535K, committed 14640K, reserved 1048576K
Event: 2329.146 GC heap after
Heap after GC invocations=958 (full 10):
 PSYoungGen      total 143360K, used 0K [0x00000000f5580000, 0x0000000100000000, 0x0000000100000000)
  eden space 115200K, 0% used [0x00000000f5580000,0x00000000f5580000,0x00000000fc600000)
  from space 28160K, 0% used [0x00000000fe480000,0x00000000fe480000,0x0000000100000000)
  to   space 29696K, 0% used [0x00000000fc600000,0x00000000fc600000,0x00000000fe300000)
 ParOldGen       total 169984K, used 74417K [0x00000000e0000000, 0x00000000ea600000, 0x00000000f5580000)
  object space 169984K, 43% used [0x00000000e0000000,0x00000000e48ac730,0x00000000ea600000)
 Metaspace       used 103206K, capacity 110642K, committed 111128K, reserved 1146880K
  class space    used 12118K, capacity 14535K, committed 14640K, reserved 1048576K
}

