# JRE version: Java(TM) SE Runtime Environment (8.0_66-b18) (build 1.8.0_66-b18)
# Java VM: Java HotSpot(TM) 64-Bit Server VM (25.66-b18 mixed mode windows-amd64 compressed oops)
Heap:
 PSYoungGen      total 143872K, used 76471K [0x00000000f5580000, 0x0000000100000000, 0x0000000100000000)
  eden space 113152K, 67% used [0x00000000f5580000,0x00000000fa02dca0,0x00000000fc400000)
  from space 30720K, 0% used [0x00000000fe200000,0x00000000fe200000,0x0000000100000000)
  to   space 30720K, 0% used [0x00000000fc400000,0x00000000fc400000,0x00000000fe200000)
 ParOldGen       total 115200K, used 64700K [0x00000000e0000000, 0x00000000e7080000, 0x00000000f5580000)
  object space 115200K, 56% used [0x00000000e0000000,0x00000000e3f2f348,0x00000000e7080000)
 Metaspace       used 87190K, capacity 94748K, committed 94936K, reserved 1130496K
  class space    used 10543K, capacity 12994K, committed 13056K, reserved 1048576K
GC Heap History (10 events):
Event: 12.722 GC heap before
{Heap before GC invocations=16 (full 3):
 PSYoungGen      total 130048K, used 130016K [0x00000000f5580000, 0x0000000100000000, 0x0000000100000000)
  eden space 115200K, 100% used [0x00000000f5580000,0x00000000fc600000,0x00000000fc600000)
  from space 14848K, 99% used [0x00000000ff180000,0x00000000ffff8388,0x0000000100000000)
  to   space 29696K, 0% used [0x00000000fc600000,0x00000000fc600000,0x00000000fe300000)
 ParOldGen       total 115200K, used 71405K [0x00000000e0000000, 0x00000000e7080000, 0x00000000f5580000)
  object space 115200K, 61% used [0x00000000e0000000,0x00000000e45bb6c0,0x00000000e7080000)
 Metaspace       used 79596K, capacity 86730K, committed 86872K, reserved 1124352K
  class space    used 9752K, capacity 12068K, committed 12160K, reserved 1048576K
Event: 12.741 GC heap after
Heap after GC invocations=16 (full 3):
 PSYoungGen      total 134144K, used 18620K [0x00000000f5580000, 0x0000000100000000, 0x0000000100000000)
  eden space 115200K, 0% used [0x00000000f5580000,0x00000000f5580000,0x00000000fc600000)
  from space 18944K, 98% used [0x00000000fc600000,0x00000000fd82f098,0x00000000fd880000)
  to   space 30208K, 0% used [0x00000000fe280000,0x00000000fe280000,0x0000000100000000)
 ParOldGen       total 115200K, used 85534K [0x00000000e0000000, 0x00000000e7080000, 0x00000000f5580000)
  object space 115200K, 74% used [0x00000000e0000000,0x00000000e53878d8,0x00000000e7080000)
 Metaspace       used 79596K, capacity 86730K, committed 86872K, reserved 1124352K
  class space    used 9752K, capacity 12068K, committed 12160K, reserved 1048576K
}
Event: 64.131 GC heap before
{Heap before GC invocations=17 (full 3):
 PSYoungGen      total 134144K, used 133820K [0x00000000f5580000, 0x0000000100000000, 0x0000000100000000)
  eden space 115200K, 100% used [0x00000000f5580000,0x00000000fc600000,0x00000000fc600000)
  from space 18944K, 98% used [0x00000000fc600000,0x00000000fd82f098,0x00000000fd880000)
  to   space 30208K, 0% used [0x00000000fe280000,0x00000000fe280000,0x0000000100000000)
 ParOldGen       total 115200K, used 85534K [0x00000000e0000000, 0x00000000e7080000, 0x00000000f5580000)
  object space 115200K, 74% used [0x00000000e0000000,0x00000000e53878d8,0x00000000e7080000)
 Metaspace       used 83227K, capacity 90686K, committed 90968K, reserved 1128448K
  class space    used 10209K, capacity 12632K, committed 12672K, reserved 1048576K
Event: 64.143 GC heap after
Heap after GC invocations=17 (full 3):
 PSYoungGen      total 142336K, used 19345K [0x00000000f5580000, 0x0000000100000000, 0x0000000100000000)
  eden space 112128K, 0% used [0x00000000f5580000,0x00000000f5580000,0x00000000fc300000)
  from space 30208K, 64% used [0x00000000fe280000,0x00000000ff564440,0x0000000100000000)
  to   space 31232K, 0% used [0x00000000fc300000,0x00000000fc300000,0x00000000fe180000)
 ParOldGen       total 115200K, used 85542K [0x00000000e0000000, 0x00000000e7080000, 0x00000000f5580000)
  object space 115200K, 74% used [0x00000000e0000000,0x00000000e53898d8,0x00000000e7080000)
 Metaspace       used 83227K, capacity 90686K, committed 90968K, reserved 1128448K
  class space    used 10209K, capacity 12632K, committed 12672K, reserved 1048576K
}
Event: 127.422 GC heap before
{Heap before GC invocations=18 (full 3):
 PSYoungGen      total 142336K, used 131473K [0x00000000f5580000, 0x0000000100000000, 0x0000000100000000)
  eden space 112128K, 100% used [0x00000000f5580000,0x00000000fc300000,0x00000000fc300000)
  from space 30208K, 64% used [0x00000000fe280000,0x00000000ff564440,0x0000000100000000)
  to   space 31232K, 0% used [0x00000000fc300000,0x00000000fc300000,0x00000000fe180000)
 ParOldGen       total 115200K, used 85542K [0x00000000e0000000, 0x00000000e7080000, 0x00000000f5580000)
  object space 115200K, 74% used [0x00000000e0000000,0x00000000e53898d8,0x00000000e7080000)
 Metaspace       used 83940K, capacity 91542K, committed 91736K, reserved 1128448K
  class space    used 10232K, capacity 12636K, committed 12672K, reserved 1048576K
Event: 127.435 GC heap after
Heap after GC invocations=18 (full 3):
 PSYoungGen      total 143360K, used 17870K [0x00000000f5580000, 0x0000000100000000, 0x0000000100000000)
  eden space 112128K, 0% used [0x00000000f5580000,0x00000000f5580000,0x00000000fc300000)
  from space 31232K, 57% used [0x00000000fc300000,0x00000000fd4738d8,0x00000000fe180000)
  to   space 30720K, 0% used [0x00000000fe200000,0x00000000fe200000,0x0000000100000000)
 ParOldGen       total 115200K, used 85550K [0x00000000e0000000, 0x00000000e7080000, 0x00000000f5580000)
  object space 115200K, 74% used [0x00000000e0000000,0x00000000e538b8d8,0x00000000e7080000)
 Metaspace       used 83940K, capacity 91542K, committed 91736K, reserved 1128448K
  class space    used 10232K, capacity 12636K, committed 12672K, reserved 1048576K
}
Event: 164.914 GC heap before
{Heap before GC invocations=19 (full 3):
 PSYoungGen      total 143360K, used 79712K [0x00000000f5580000, 0x0000000100000000, 0x0000000100000000)
  eden space 112128K, 55% used [0x00000000f5580000,0x00000000f91e4a20,0x00000000fc300000)
  from space 31232K, 57% used [0x00000000fc300000,0x00000000fd4738d8,0x00000000fe180000)
  to   space 30720K, 0% used [0x00000000fe200000,0x00000000fe200000,0x0000000100000000)
 ParOldGen       total 115200K, used 85550K [0x00000000e0000000, 0x00000000e7080000, 0x00000000f5580000)
  object space 115200K, 74% used [0x00000000e0000000,0x00000000e538b8d8,0x00000000e7080000)
 Metaspace       used 84351K, capacity 91812K, committed 92120K, reserved 1128448K
  class space    used 10246K, capacity 12704K, committed 12800K, reserved 1048576K
Event: 164.925 GC heap after
Heap after GC invocations=19 (full 3):
 PSYoungGen      total 143872K, used 17414K [0x00000000f5580000, 0x0000000100000000, 0x0000000100000000)
  eden space 113152K, 0% used [0x00000000f5580000,0x00000000f5580000,0x00000000fc400000)
  from space 30720K, 56% used [0x00000000fe200000,0x00000000ff301928,0x0000000100000000)
  to   space 30720K, 0% used [0x00000000fc400000,0x00000000fc400000,0x00000000fe200000)
 ParOldGen       total 115200K, used 85558K [0x00000000e0000000, 0x00000000e7080000, 0x00000000f5580000)
  object space 115200K, 74% used [0x00000000e0000000,0x00000000e538d8d8,0x00000000e7080000)
 Metaspace       used 84351K, capacity 91812K, committed 92120K, reserved 1128448K
  class space    used 10246K, capacity 12704K, committed 12800K, reserved 1048576K
}
Event: 164.925 GC heap before
{Heap before GC invocations=20 (full 4):
 PSYoungGen      total 143872K, used 17414K [0x00000000f5580000, 0x0000000100000000, 0x0000000100000000)
  eden space 113152K, 0% used [0x00000000f5580000,0x00000000f5580000,0x00000000fc400000)
  from space 30720K, 56% used [0x00000000fe200000,0x00000000ff301928,0x0000000100000000)
  to   space 30720K, 0% used [0x00000000fc400000,0x00000000fc400000,0x00000000fe200000)
 ParOldGen       total 115200K, used 85558K [0x00000000e0000000, 0x00000000e7080000, 0x00000000f5580000)
  object space 115200K, 74% used [0x00000000e0000000,0x00000000e538d8d8,0x00000000e7080000)
 Metaspace       used 84351K, capacity 91812K, committed 92120K, reserved 1128448K
  class space    used 10246K, capacity 12704K, committed 12800K, reserved 1048576K
Event: 165.203 GC heap after
Heap after GC invocations=20 (full 4):
 PSYoungGen      total 143872K, used 0K [0x00000000f5580000, 0x0000000100000000, 0x0000000100000000)
  eden space 113152K, 0% used [0x00000000f5580000,0x00000000f5580000,0x00000000fc400000)
  from space 30720K, 0% used [0x00000000fe200000,0x00000000fe200000,0x0000000100000000)
  to   space 30720K, 0% used [0x00000000fc400000,0x00000000fc400000,0x00000000fe200000)
 ParOldGen       total 115200K, used 64700K [0x00000000e0000000, 0x00000000e7080000, 0x00000000f5580000)
  object space 115200K, 56% used [0x00000000e0000000,0x00000000e3f2f348,0x00000000e7080000)
 Metaspace       used 84351K, capacity 91812K, committed 92120K, reserved 1128448K
  class space    used 10246K, capacity 12704K, committed 12800K, reserved 1048576K
}

