# JRE version: Java(TM) SE Runtime Environment (8.0_66-b18) (build 1.8.0_66-b18)
# Java VM: Java HotSpot(TM) 64-Bit Server VM (25.66-b18 mixed mode windows-amd64 compressed oops)
Heap:
 PSYoungGen      total 48128K, used 43749K [0x00000007bc400000, 0x00000007c0000000, 0x00000007c0000000)
  eden space 34816K, 87% used [0x00000007bc400000,0x00000007be1bae48,0x00000007be600000)
  from space 13312K, 99% used [0x00000007be600000,0x00000007bf2fe740,0x00000007bf300000)
  to   space 13312K, 0% used [0x00000007bf300000,0x00000007bf300000,0x00000007c0000000)
 ParOldGen       total 175104K, used 92918K [0x0000000700000000, 0x000000070ab00000, 0x00000007bc400000)
  object space 175104K, 53% used [0x0000000700000000,0x0000000705abd9a0,0x000000070ab00000)
 Metaspace       used 63015K, capacity 63454K, committed 63872K, reserved 1103872K
  class space    used 9229K, capacity 9325K, committed 9344K, reserved 1048576K
GC Heap History (10 events):
Event: 158.833 GC heap before
{Heap before GC invocations=85 (full 8):
 PSYoungGen      total 48128K, used 4074K [0x00000007bc400000, 0x00000007c0000000, 0x00000007c0000000)
  eden space 35328K, 0% used [0x00000007bc400000,0x00000007bc400000,0x00000007be680000)
  from space 12800K, 31% used [0x00000007be680000,0x00000007bea7a9d0,0x00000007bf300000)
  to   space 12800K, 0% used [0x00000007bf380000,0x00000007bf380000,0x00000007c0000000)
 ParOldGen       total 175104K, used 95454K [0x0000000700000000, 0x000000070ab00000, 0x00000007bc400000)
  object space 175104K, 54% used [0x0000000700000000,0x0000000705d37b50,0x000000070ab00000)
 Metaspace       used 62952K, capacity 63390K, committed 63872K, reserved 1103872K
  class space    used 9220K, capacity 9325K, committed 9344K, reserved 1048576K
Event: 159.029 GC heap after
Heap after GC invocations=85 (full 8):
 PSYoungGen      total 48128K, used 0K [0x00000007bc400000, 0x00000007c0000000, 0x00000007c0000000)
  eden space 35328K, 0% used [0x00000007bc400000,0x00000007bc400000,0x00000007be680000)
  from space 12800K, 0% used [0x00000007be680000,0x00000007be680000,0x00000007bf300000)
  to   space 12800K, 0% used [0x00000007bf380000,0x00000007bf380000,0x00000007c0000000)
 ParOldGen       total 175104K, used 92222K [0x0000000700000000, 0x000000070ab00000, 0x00000007bc400000)
  object space 175104K, 52% used [0x0000000700000000,0x0000000705a0f9a0,0x000000070ab00000)
 Metaspace       used 62952K, capacity 63390K, committed 63872K, reserved 1103872K
  class space    used 9220K, capacity 9325K, committed 9344K, reserved 1048576K
}
Event: 159.230 GC heap before
{Heap before GC invocations=86 (full 8):
 PSYoungGen      total 48128K, used 35328K [0x00000007bc400000, 0x00000007c0000000, 0x00000007c0000000)
  eden space 35328K, 100% used [0x00000007bc400000,0x00000007be680000,0x00000007be680000)
  from space 12800K, 0% used [0x00000007be680000,0x00000007be680000,0x00000007bf300000)
  to   space 12800K, 0% used [0x00000007bf380000,0x00000007bf380000,0x00000007c0000000)
 ParOldGen       total 175104K, used 92222K [0x0000000700000000, 0x000000070ab00000, 0x00000007bc400000)
  object space 175104K, 52% used [0x0000000700000000,0x0000000705a0f9a0,0x000000070ab00000)
 Metaspace       used 62996K, capacity 63390K, committed 63872K, reserved 1103872K
  class space    used 9227K, capacity 9325K, committed 9344K, reserved 1048576K
Event: 159.234 GC heap after
Heap after GC invocations=86 (full 8):
 PSYoungGen      total 49152K, used 3961K [0x00000007bc400000, 0x00000007c0000000, 0x00000007c0000000)
  eden space 36352K, 0% used [0x00000007bc400000,0x00000007bc400000,0x00000007be780000)
  from space 12800K, 30% used [0x00000007bf380000,0x00000007bf75e760,0x00000007c0000000)
  to   space 12288K, 0% used [0x00000007be780000,0x00000007be780000,0x00000007bf380000)
 ParOldGen       total 175104K, used 92222K [0x0000000700000000, 0x000000070ab00000, 0x00000007bc400000)
  object space 175104K, 52% used [0x0000000700000000,0x0000000705a0f9a0,0x000000070ab00000)
 Metaspace       used 62996K, capacity 63390K, committed 63872K, reserved 1103872K
  class space    used 9227K, capacity 9325K, committed 9344K, reserved 1048576K
}
Event: 159.343 GC heap before
{Heap before GC invocations=87 (full 8):
 PSYoungGen      total 49152K, used 40313K [0x00000007bc400000, 0x00000007c0000000, 0x00000007c0000000)
  eden space 36352K, 100% used [0x00000007bc400000,0x00000007be780000,0x00000007be780000)
  from space 12800K, 30% used [0x00000007bf380000,0x00000007bf75e760,0x00000007c0000000)
  to   space 12288K, 0% used [0x00000007be780000,0x00000007be780000,0x00000007bf380000)
 ParOldGen       total 175104K, used 92222K [0x0000000700000000, 0x000000070ab00000, 0x00000007bc400000)
  object space 175104K, 52% used [0x0000000700000000,0x0000000705a0f9a0,0x000000070ab00000)
 Metaspace       used 62997K, capacity 63390K, committed 63872K, reserved 1103872K
  class space    used 9227K, capacity 9325K, committed 9344K, reserved 1048576K
Event: 159.354 GC heap after
Heap after GC invocations=87 (full 8):
 PSYoungGen      total 48640K, used 7897K [0x00000007bc400000, 0x00000007c0000000, 0x00000007c0000000)
  eden space 36352K, 0% used [0x00000007bc400000,0x00000007bc400000,0x00000007be780000)
  from space 12288K, 64% used [0x00000007be780000,0x00000007bef36740,0x00000007bf380000)
  to   space 12800K, 0% used [0x00000007bf380000,0x00000007bf380000,0x00000007c0000000)
 ParOldGen       total 175104K, used 92222K [0x0000000700000000, 0x000000070ab00000, 0x00000007bc400000)
  object space 175104K, 52% used [0x0000000700000000,0x0000000705a0f9a0,0x000000070ab00000)
 Metaspace       used 62997K, capacity 63390K, committed 63872K, reserved 1103872K
  class space    used 9227K, capacity 9325K, committed 9344K, reserved 1048576K
}
Event: 159.538 GC heap before
{Heap before GC invocations=88 (full 8):
 PSYoungGen      total 48640K, used 44249K [0x00000007bc400000, 0x00000007c0000000, 0x00000007c0000000)
  eden space 36352K, 100% used [0x00000007bc400000,0x00000007be780000,0x00000007be780000)
  from space 12288K, 64% used [0x00000007be780000,0x00000007bef36740,0x00000007bf380000)
  to   space 12800K, 0% used [0x00000007bf380000,0x00000007bf380000,0x00000007c0000000)
 ParOldGen       total 175104K, used 92222K [0x0000000700000000, 0x000000070ab00000, 0x00000007bc400000)
  object space 175104K, 52% used [0x0000000700000000,0x0000000705a0f9a0,0x000000070ab00000)
 Metaspace       used 62997K, capacity 63390K, committed 63872K, reserved 1103872K
  class space    used 9227K, capacity 9325K, committed 9344K, reserved 1048576K
Event: 159.547 GC heap after
Heap after GC invocations=88 (full 8):
 PSYoungGen      total 47616K, used 10233K [0x00000007bc400000, 0x00000007c0000000, 0x00000007c0000000)
  eden space 34816K, 0% used [0x00000007bc400000,0x00000007bc400000,0x00000007be600000)
  from space 12800K, 79% used [0x00000007bf380000,0x00000007bfd7e740,0x00000007c0000000)
  to   space 13312K, 0% used [0x00000007be600000,0x00000007be600000,0x00000007bf300000)
 ParOldGen       total 175104K, used 92222K [0x0000000700000000, 0x000000070ab00000, 0x00000007bc400000)
  object space 175104K, 52% used [0x0000000700000000,0x0000000705a0f9a0,0x000000070ab00000)
 Metaspace       used 62997K, capacity 63390K, committed 63872K, reserved 1103872K
  class space    used 9227K, capacity 9325K, committed 9344K, reserved 1048576K
}
Event: 159.702 GC heap before
{Heap before GC invocations=89 (full 8):
 PSYoungGen      total 47616K, used 45049K [0x00000007bc400000, 0x00000007c0000000, 0x00000007c0000000)
  eden space 34816K, 100% used [0x00000007bc400000,0x00000007be600000,0x00000007be600000)
  from space 12800K, 79% used [0x00000007bf380000,0x00000007bfd7e740,0x00000007c0000000)
  to   space 13312K, 0% used [0x00000007be600000,0x00000007be600000,0x00000007bf300000)
 ParOldGen       total 175104K, used 92222K [0x0000000700000000, 0x000000070ab00000, 0x00000007bc400000)
  object space 175104K, 52% used [0x0000000700000000,0x0000000705a0f9a0,0x000000070ab00000)
 Metaspace       used 62999K, capacity 63390K, committed 63872K, reserved 1103872K
  class space    used 9227K, capacity 9325K, committed 9344K, reserved 1048576K
Event: 159.729 GC heap after
Heap after GC invocations=89 (full 8):
 PSYoungGen      total 48128K, used 13305K [0x00000007bc400000, 0x00000007c0000000, 0x00000007c0000000)
  eden space 34816K, 0% used [0x00000007bc400000,0x00000007bc400000,0x00000007be600000)
  from space 13312K, 99% used [0x00000007be600000,0x00000007bf2fe740,0x00000007bf300000)
  to   space 13312K, 0% used [0x00000007bf300000,0x00000007bf300000,0x00000007c0000000)
 ParOldGen       total 175104K, used 92918K [0x0000000700000000, 0x000000070ab00000, 0x00000007bc400000)
  object space 175104K, 53% used [0x0000000700000000,0x0000000705abd9a0,0x000000070ab00000)
 Metaspace       used 62999K, capacity 63390K, committed 63872K, reserved 1103872K
  class space    used 9227K, capacity 9325K, committed 9344K, reserved 1048576K
}

