# JRE version: Java(TM) SE Runtime Environment (8.0_66-b18) (build 1.8.0_66-b18)
# Java VM: Java HotSpot(TM) 64-Bit Server VM (25.66-b18 mixed mode windows-amd64 compressed oops)
Heap:
 PSYoungGen      total 100864K, used 74435K [0x00000000f5580000, 0x00000000fbf80000, 0x0000000100000000)
  eden space 93184K, 74% used [0x00000000f5580000,0x00000000f99aa218,0x00000000fb080000)
  from space 7680K, 60% used [0x00000000fb800000,0x00000000fbc86b90,0x00000000fbf80000)
  to   space 7680K, 0% used [0x00000000fb080000,0x00000000fb080000,0x00000000fb800000)
 ParOldGen       total 126976K, used 86696K [0x00000000e0000000, 0x00000000e7c00000, 0x00000000f5580000)
  object space 126976K, 68% used [0x00000000e0000000,0x00000000e54aa130,0x00000000e7c00000)
 Metaspace       used 95214K, capacity 102878K, committed 103000K, reserved 1138688K
  class space    used 11026K, capacity 13409K, committed 13440K, reserved 1048576K
GC Heap History (10 events):
Event: 968.969 GC heap before
{Heap before GC invocations=180 (full 6):
 PSYoungGen      total 99328K, used 98163K [0x00000000f5580000, 0x00000000fbf80000, 0x0000000100000000)
  eden space 91648K, 100% used [0x00000000f5580000,0x00000000faf00000,0x00000000faf00000)
  from space 7680K, 84% used [0x00000000faf00000,0x00000000fb55cd08,0x00000000fb680000)
  to   space 8192K, 0% used [0x00000000fb780000,0x00000000fb780000,0x00000000fbf80000)
 ParOldGen       total 126976K, used 85302K [0x00000000e0000000, 0x00000000e7c00000, 0x00000000f5580000)
  object space 126976K, 67% used [0x00000000e0000000,0x00000000e534d910,0x00000000e7c00000)
 Metaspace       used 94083K, capacity 101512K, committed 101848K, reserved 1138688K
  class space    used 10906K, capacity 13214K, committed 13312K, reserved 1048576K
Event: 968.973 GC heap after
Heap after GC invocations=180 (full 6):
 PSYoungGen      total 100352K, used 5812K [0x00000000f5580000, 0x00000000fbf80000, 0x0000000100000000)
  eden space 92160K, 0% used [0x00000000f5580000,0x00000000f5580000,0x00000000faf80000)
  from space 8192K, 70% used [0x00000000fb780000,0x00000000fbd2d318,0x00000000fbf80000)
  to   space 8192K, 0% used [0x00000000faf80000,0x00000000faf80000,0x00000000fb780000)
 ParOldGen       total 126976K, used 85310K [0x00000000e0000000, 0x00000000e7c00000, 0x00000000f5580000)
  object space 126976K, 67% used [0x00000000e0000000,0x00000000e534f910,0x00000000e7c00000)
 Metaspace       used 94083K, capacity 101512K, committed 101848K, reserved 1138688K
  class space    used 10906K, capacity 13214K, committed 13312K, reserved 1048576K
}
Event: 980.776 GC heap before
{Heap before GC invocations=181 (full 6):
 PSYoungGen      total 100352K, used 97972K [0x00000000f5580000, 0x00000000fbf80000, 0x0000000100000000)
  eden space 92160K, 100% used [0x00000000f5580000,0x00000000faf80000,0x00000000faf80000)
  from space 8192K, 70% used [0x00000000fb780000,0x00000000fbd2d318,0x00000000fbf80000)
  to   space 8192K, 0% used [0x00000000faf80000,0x00000000faf80000,0x00000000fb780000)
 ParOldGen       total 126976K, used 85310K [0x00000000e0000000, 0x00000000e7c00000, 0x00000000f5580000)
  object space 126976K, 67% used [0x00000000e0000000,0x00000000e534f910,0x00000000e7c00000)
 Metaspace       used 94083K, capacity 101512K, committed 101848K, reserved 1138688K
  class space    used 10906K, capacity 13214K, committed 13312K, reserved 1048576K
Event: 980.780 GC heap after
Heap after GC invocations=181 (full 6):
 PSYoungGen      total 100352K, used 4821K [0x00000000f5580000, 0x00000000fc000000, 0x0000000100000000)
  eden space 92160K, 0% used [0x00000000f5580000,0x00000000f5580000,0x00000000faf80000)
  from space 8192K, 58% used [0x00000000faf80000,0x00000000fb435510,0x00000000fb780000)
  to   space 8192K, 0% used [0x00000000fb800000,0x00000000fb800000,0x00000000fc000000)
 ParOldGen       total 126976K, used 86470K [0x00000000e0000000, 0x00000000e7c00000, 0x00000000f5580000)
  object space 126976K, 68% used [0x00000000e0000000,0x00000000e5471920,0x00000000e7c00000)
 Metaspace       used 94083K, capacity 101512K, committed 101848K, reserved 1138688K
  class space    used 10906K, capacity 13214K, committed 13312K, reserved 1048576K
}
Event: 993.623 GC heap before
{Heap before GC invocations=182 (full 6):
 PSYoungGen      total 100352K, used 96981K [0x00000000f5580000, 0x00000000fc000000, 0x0000000100000000)
  eden space 92160K, 100% used [0x00000000f5580000,0x00000000faf80000,0x00000000faf80000)
  from space 8192K, 58% used [0x00000000faf80000,0x00000000fb435510,0x00000000fb780000)
  to   space 8192K, 0% used [0x00000000fb800000,0x00000000fb800000,0x00000000fc000000)
 ParOldGen       total 126976K, used 86470K [0x00000000e0000000, 0x00000000e7c00000, 0x00000000f5580000)
  object space 126976K, 68% used [0x00000000e0000000,0x00000000e5471920,0x00000000e7c00000)
 Metaspace       used 94084K, capacity 101512K, committed 101848K, reserved 1138688K
  class space    used 10906K, capacity 13214K, committed 13312K, reserved 1048576K
Event: 993.627 GC heap after
Heap after GC invocations=182 (full 6):
 PSYoungGen      total 99840K, used 4982K [0x00000000f5580000, 0x00000000fbf00000, 0x0000000100000000)
  eden space 92672K, 0% used [0x00000000f5580000,0x00000000f5580000,0x00000000fb000000)
  from space 7168K, 69% used [0x00000000fb800000,0x00000000fbcdd920,0x00000000fbf00000)
  to   space 7680K, 0% used [0x00000000fb000000,0x00000000fb000000,0x00000000fb780000)
 ParOldGen       total 126976K, used 86486K [0x00000000e0000000, 0x00000000e7c00000, 0x00000000f5580000)
  object space 126976K, 68% used [0x00000000e0000000,0x00000000e5475920,0x00000000e7c00000)
 Metaspace       used 94084K, capacity 101512K, committed 101848K, reserved 1138688K
  class space    used 10906K, capacity 13214K, committed 13312K, reserved 1048576K
}
Event: 1001.879 GC heap before
{Heap before GC invocations=183 (full 6):
 PSYoungGen      total 99840K, used 97569K [0x00000000f5580000, 0x00000000fbf00000, 0x0000000100000000)
  eden space 92672K, 99% used [0x00000000f5580000,0x00000000fafeae30,0x00000000fb000000)
  from space 7168K, 69% used [0x00000000fb800000,0x00000000fbcdd920,0x00000000fbf00000)
  to   space 7680K, 0% used [0x00000000fb000000,0x00000000fb000000,0x00000000fb780000)
 ParOldGen       total 126976K, used 86486K [0x00000000e0000000, 0x00000000e7c00000, 0x00000000f5580000)
  object space 126976K, 68% used [0x00000000e0000000,0x00000000e5475920,0x00000000e7c00000)
 Metaspace       used 94138K, capacity 101768K, committed 102104K, reserved 1138688K
  class space    used 10909K, capacity 13214K, committed 13312K, reserved 1048576K
Event: 1001.885 GC heap after
Heap after GC invocations=183 (full 6):
 PSYoungGen      total 100352K, used 5538K [0x00000000f5580000, 0x00000000fbf80000, 0x0000000100000000)
  eden space 92672K, 0% used [0x00000000f5580000,0x00000000f5580000,0x00000000fb000000)
  from space 7680K, 72% used [0x00000000fb000000,0x00000000fb568af0,0x00000000fb780000)
  to   space 7680K, 0% used [0x00000000fb800000,0x00000000fb800000,0x00000000fbf80000)
 ParOldGen       total 126976K, used 86494K [0x00000000e0000000, 0x00000000e7c00000, 0x00000000f5580000)
  object space 126976K, 68% used [0x00000000e0000000,0x00000000e5477920,0x00000000e7c00000)
 Metaspace       used 94138K, capacity 101768K, committed 102104K, reserved 1138688K
  class space    used 10909K, capacity 13214K, committed 13312K, reserved 1048576K
}
Event: 1018.517 GC heap before
{Heap before GC invocations=184 (full 6):
 PSYoungGen      total 100352K, used 98210K [0x00000000f5580000, 0x00000000fbf80000, 0x0000000100000000)
  eden space 92672K, 100% used [0x00000000f5580000,0x00000000fb000000,0x00000000fb000000)
  from space 7680K, 72% used [0x00000000fb000000,0x00000000fb568af0,0x00000000fb780000)
  to   space 7680K, 0% used [0x00000000fb800000,0x00000000fb800000,0x00000000fbf80000)
 ParOldGen       total 126976K, used 86494K [0x00000000e0000000, 0x00000000e7c00000, 0x00000000f5580000)
  object space 126976K, 68% used [0x00000000e0000000,0x00000000e5477920,0x00000000e7c00000)
 Metaspace       used 94152K, capacity 101768K, committed 102104K, reserved 1138688K
  class space    used 10910K, capacity 13214K, committed 13312K, reserved 1048576K
Event: 1018.522 GC heap after
Heap after GC invocations=184 (full 6):
 PSYoungGen      total 100864K, used 4634K [0x00000000f5580000, 0x00000000fbf80000, 0x0000000100000000)
  eden space 93184K, 0% used [0x00000000f5580000,0x00000000f5580000,0x00000000fb080000)
  from space 7680K, 60% used [0x00000000fb800000,0x00000000fbc86b90,0x00000000fbf80000)
  to   space 7680K, 0% used [0x00000000fb080000,0x00000000fb080000,0x00000000fb800000)
 ParOldGen       total 126976K, used 86696K [0x00000000e0000000, 0x00000000e7c00000, 0x00000000f5580000)
  object space 126976K, 68% used [0x00000000e0000000,0x00000000e54aa130,0x00000000e7c00000)
 Metaspace       used 94152K, capacity 101768K, committed 102104K, reserved 1138688K
  class space    used 10910K, capacity 13214K, committed 13312K, reserved 1048576K
}

