# JRE version: Java(TM) SE Runtime Environment (8.0_66-b18) (build 1.8.0_66-b18)
# Java VM: Java HotSpot(TM) 64-Bit Server VM (25.66-b18 mixed mode windows-amd64 compressed oops)
Heap:
 PSYoungGen      total 143360K, used 54281K [0x00000000f5580000, 0x00000000ffc80000, 0x0000000100000000)
  eden space 114688K, 43% used [0x00000000f5580000,0x00000000f85f8768,0x00000000fc580000)
  from space 28672K, 16% used [0x00000000fc580000,0x00000000fca09f08,0x00000000fe180000)
  to   space 27136K, 0% used [0x00000000fe200000,0x00000000fe200000,0x00000000ffc80000)
 ParOldGen       total 98816K, used 63313K [0x00000000e0000000, 0x00000000e6080000, 0x00000000f5580000)
  object space 98816K, 64% used [0x00000000e0000000,0x00000000e3dd4620,0x00000000e6080000)
 Metaspace       used 91715K, capacity 99294K, committed 99608K, reserved 1134592K
  class space    used 11059K, capacity 13497K, committed 13600K, reserved 1048576K
GC Heap History (10 events):
Event: 281.601 GC heap before
{Heap before GC invocations=22 (full 6):
 PSYoungGen      total 138752K, used 24319K [0x00000000f5580000, 0x0000000100000000, 0x0000000100000000)
  eden space 108544K, 19% used [0x00000000f5580000,0x00000000f6a7e528,0x00000000fbf80000)
  from space 30208K, 9% used [0x00000000fbf80000,0x00000000fc2416f0,0x00000000fdd00000)
  to   space 30208K, 0% used [0x00000000fe280000,0x00000000fe280000,0x0000000100000000)
 ParOldGen       total 98816K, used 66367K [0x00000000e0000000, 0x00000000e6080000, 0x00000000f5580000)
  object space 98816K, 67% used [0x00000000e0000000,0x00000000e40cfc98,0x00000000e6080000)
 Metaspace       used 88176K, capacity 95654K, committed 95896K, reserved 1132544K
  class space    used 10780K, capacity 13123K, committed 13216K, reserved 1048576K
Event: 281.606 GC heap after
Heap after GC invocations=22 (full 6):
 PSYoungGen      total 144384K, used 2506K [0x00000000f5580000, 0x0000000100000000, 0x0000000100000000)
  eden space 114176K, 0% used [0x00000000f5580000,0x00000000f5580000,0x00000000fc500000)
  from space 30208K, 8% used [0x00000000fe280000,0x00000000fe4f29a0,0x0000000100000000)
  to   space 30208K, 0% used [0x00000000fc500000,0x00000000fc500000,0x00000000fe280000)
 ParOldGen       total 98816K, used 66375K [0x00000000e0000000, 0x00000000e6080000, 0x00000000f5580000)
  object space 98816K, 67% used [0x00000000e0000000,0x00000000e40d1c98,0x00000000e6080000)
 Metaspace       used 88176K, capacity 95654K, committed 95896K, reserved 1132544K
  class space    used 10780K, capacity 13123K, committed 13216K, reserved 1048576K
}
Event: 281.606 GC heap before
{Heap before GC invocations=23 (full 7):
 PSYoungGen      total 144384K, used 2506K [0x00000000f5580000, 0x0000000100000000, 0x0000000100000000)
  eden space 114176K, 0% used [0x00000000f5580000,0x00000000f5580000,0x00000000fc500000)
  from space 30208K, 8% used [0x00000000fe280000,0x00000000fe4f29a0,0x0000000100000000)
  to   space 30208K, 0% used [0x00000000fc500000,0x00000000fc500000,0x00000000fe280000)
 ParOldGen       total 98816K, used 66375K [0x00000000e0000000, 0x00000000e6080000, 0x00000000f5580000)
  object space 98816K, 67% used [0x00000000e0000000,0x00000000e40d1c98,0x00000000e6080000)
 Metaspace       used 88176K, capacity 95654K, committed 95896K, reserved 1132544K
  class space    used 10780K, capacity 13123K, committed 13216K, reserved 1048576K
Event: 281.848 GC heap after
Heap after GC invocations=23 (full 7):
 PSYoungGen      total 144384K, used 0K [0x00000000f5580000, 0x0000000100000000, 0x0000000100000000)
  eden space 114176K, 0% used [0x00000000f5580000,0x00000000f5580000,0x00000000fc500000)
  from space 30208K, 0% used [0x00000000fe280000,0x00000000fe280000,0x0000000100000000)
  to   space 30208K, 0% used [0x00000000fc500000,0x00000000fc500000,0x00000000fe280000)
 ParOldGen       total 98816K, used 63241K [0x00000000e0000000, 0x00000000e6080000, 0x00000000f5580000)
  object space 98816K, 63% used [0x00000000e0000000,0x00000000e3dc2610,0x00000000e6080000)
 Metaspace       used 88176K, capacity 95654K, committed 95896K, reserved 1132544K
  class space    used 10780K, capacity 13123K, committed 13216K, reserved 1048576K
}
Event: 344.792 GC heap before
{Heap before GC invocations=24 (full 7):
 PSYoungGen      total 144384K, used 114176K [0x00000000f5580000, 0x0000000100000000, 0x0000000100000000)
  eden space 114176K, 100% used [0x00000000f5580000,0x00000000fc500000,0x00000000fc500000)
  from space 30208K, 0% used [0x00000000fe280000,0x00000000fe280000,0x0000000100000000)
  to   space 30208K, 0% used [0x00000000fc500000,0x00000000fc500000,0x00000000fe280000)
 ParOldGen       total 98816K, used 63241K [0x00000000e0000000, 0x00000000e6080000, 0x00000000f5580000)
  object space 98816K, 63% used [0x00000000e0000000,0x00000000e3dc2610,0x00000000e6080000)
 Metaspace       used 90249K, capacity 98012K, committed 98328K, reserved 1134592K
  class space    used 10952K, capacity 13332K, committed 13344K, reserved 1048576K
Event: 344.797 GC heap after
Heap after GC invocations=24 (full 7):
 PSYoungGen      total 117760K, used 3489K [0x00000000f5580000, 0x00000000ffe00000, 0x0000000100000000)
  eden space 114176K, 0% used [0x00000000f5580000,0x00000000f5580000,0x00000000fc500000)
  from space 3584K, 97% used [0x00000000fc500000,0x00000000fc868608,0x00000000fc880000)
  to   space 29184K, 0% used [0x00000000fe180000,0x00000000fe180000,0x00000000ffe00000)
 ParOldGen       total 98816K, used 63313K [0x00000000e0000000, 0x00000000e6080000, 0x00000000f5580000)
  object space 98816K, 64% used [0x00000000e0000000,0x00000000e3dd4620,0x00000000e6080000)
 Metaspace       used 90249K, capacity 98012K, committed 98328K, reserved 1134592K
  class space    used 10952K, capacity 13332K, committed 13344K, reserved 1048576K
}
Event: 366.255 GC heap before
{Heap before GC invocations=25 (full 7):
 PSYoungGen      total 117760K, used 117665K [0x00000000f5580000, 0x00000000ffe00000, 0x0000000100000000)
  eden space 114176K, 100% used [0x00000000f5580000,0x00000000fc500000,0x00000000fc500000)
  from space 3584K, 97% used [0x00000000fc500000,0x00000000fc868608,0x00000000fc880000)
  to   space 29184K, 0% used [0x00000000fe180000,0x00000000fe180000,0x00000000ffe00000)
 ParOldGen       total 98816K, used 63313K [0x00000000e0000000, 0x00000000e6080000, 0x00000000f5580000)
  object space 98816K, 64% used [0x00000000e0000000,0x00000000e3dd4620,0x00000000e6080000)
 Metaspace       used 90566K, capacity 98088K, committed 98328K, reserved 1134592K
  class space    used 10957K, capacity 13334K, committed 13344K, reserved 1048576K
Event: 366.261 GC heap after
Heap after GC invocations=25 (full 7):
 PSYoungGen      total 143872K, used 3923K [0x00000000f5580000, 0x0000000100000000, 0x0000000100000000)
  eden space 114688K, 0% used [0x00000000f5580000,0x00000000f5580000,0x00000000fc580000)
  from space 29184K, 13% used [0x00000000fe180000,0x00000000fe554ea8,0x00000000ffe00000)
  to   space 28672K, 0% used [0x00000000fc580000,0x00000000fc580000,0x00000000fe180000)
 ParOldGen       total 98816K, used 63313K [0x00000000e0000000, 0x00000000e6080000, 0x00000000f5580000)
  object space 98816K, 64% used [0x00000000e0000000,0x00000000e3dd4620,0x00000000e6080000)
 Metaspace       used 90566K, capacity 98088K, committed 98328K, reserved 1134592K
  class space    used 10957K, capacity 13334K, committed 13344K, reserved 1048576K
}
Event: 397.815 GC heap before
{Heap before GC invocations=26 (full 7):
 PSYoungGen      total 143872K, used 118611K [0x00000000f5580000, 0x0000000100000000, 0x0000000100000000)
  eden space 114688K, 100% used [0x00000000f5580000,0x00000000fc580000,0x00000000fc580000)
  from space 29184K, 13% used [0x00000000fe180000,0x00000000fe554ea8,0x00000000ffe00000)
  to   space 28672K, 0% used [0x00000000fc580000,0x00000000fc580000,0x00000000fe180000)
 ParOldGen       total 98816K, used 63313K [0x00000000e0000000, 0x00000000e6080000, 0x00000000f5580000)
  object space 98816K, 64% used [0x00000000e0000000,0x00000000e3dd4620,0x00000000e6080000)
 Metaspace       used 90808K, capacity 98472K, committed 98840K, reserved 1134592K
  class space    used 10957K, capacity 13334K, committed 13344K, reserved 1048576K
Event: 397.822 GC heap after
Heap after GC invocations=26 (full 7):
 PSYoungGen      total 143360K, used 4647K [0x00000000f5580000, 0x00000000ffc80000, 0x0000000100000000)
  eden space 114688K, 0% used [0x00000000f5580000,0x00000000f5580000,0x00000000fc580000)
  from space 28672K, 16% used [0x00000000fc580000,0x00000000fca09f08,0x00000000fe180000)
  to   space 27136K, 0% used [0x00000000fe200000,0x00000000fe200000,0x00000000ffc80000)
 ParOldGen       total 98816K, used 63313K [0x00000000e0000000, 0x00000000e6080000, 0x00000000f5580000)
  object space 98816K, 64% used [0x00000000e0000000,0x00000000e3dd4620,0x00000000e6080000)
 Metaspace       used 90808K, capacity 98472K, committed 98840K, reserved 1134592K
  class space    used 10957K, capacity 13334K, committed 13344K, reserved 1048576K
}

