# JRE version: Java(TM) SE Runtime Environment (8.0_66-b18) (build 1.8.0_66-b18)
# Java VM: Java HotSpot(TM) 64-Bit Server VM (25.66-b18 mixed mode windows-amd64 compressed oops)
Heap:
 PSYoungGen      total 43008K, used 14658K [0x00000000f5580000, 0x00000000f9080000, 0x0000000100000000)
  eden space 26624K, 19% used [0x00000000f5580000,0x00000000f5a7b918,0x00000000f6f80000)
  from space 16384K, 58% used [0x00000000f8080000,0x00000000f89d50b8,0x00000000f9080000)
  to   space 16896K, 0% used [0x00000000f6f80000,0x00000000f6f80000,0x00000000f8000000)
 ParOldGen       total 99840K, used 86936K [0x00000000e0000000, 0x00000000e6180000, 0x00000000f5580000)
  object space 99840K, 87% used [0x00000000e0000000,0x00000000e54e6390,0x00000000e6180000)
 Metaspace       used 107693K, capacity 115572K, committed 115840K, reserved 1150976K
  class space    used 12374K, capacity 14962K, committed 14976K, reserved 1048576K
GC Heap History (10 events):
Event: 5590.706 GC heap before
{Heap before GC invocations=148 (full 10):
 PSYoungGen      total 43520K, used 39745K [0x00000000f5580000, 0x00000000f9100000, 0x0000000100000000)
  eden space 28160K, 100% used [0x00000000f5580000,0x00000000f7100000,0x00000000f7100000)
  from space 15360K, 75% used [0x00000000f7180000,0x00000000f7cd0600,0x00000000f8080000)
  to   space 16384K, 0% used [0x00000000f8100000,0x00000000f8100000,0x00000000f9100000)
 ParOldGen       total 99840K, used 86840K [0x00000000e0000000, 0x00000000e6180000, 0x00000000f5580000)
  object space 99840K, 86% used [0x00000000e0000000,0x00000000e54ce390,0x00000000e6180000)
 Metaspace       used 107100K, capacity 114974K, committed 115200K, reserved 1148928K
  class space    used 12311K, capacity 14831K, committed 14848K, reserved 1048576K
Event: 5590.712 GC heap after
Heap after GC invocations=148 (full 10):
 PSYoungGen      total 43520K, used 9664K [0x00000000f5580000, 0x00000000f9080000, 0x0000000100000000)
  eden space 27648K, 0% used [0x00000000f5580000,0x00000000f5580000,0x00000000f7080000)
  from space 15872K, 60% used [0x00000000f8100000,0x00000000f8a700b8,0x00000000f9080000)
  to   space 16384K, 0% used [0x00000000f7080000,0x00000000f7080000,0x00000000f8080000)
 ParOldGen       total 99840K, used 86848K [0x00000000e0000000, 0x00000000e6180000, 0x00000000f5580000)
  object space 99840K, 86% used [0x00000000e0000000,0x00000000e54d0390,0x00000000e6180000)
 Metaspace       used 107100K, capacity 114974K, committed 115200K, reserved 1148928K
  class space    used 12311K, capacity 14831K, committed 14848K, reserved 1048576K
}
Event: 5592.227 GC heap before
{Heap before GC invocations=149 (full 10):
 PSYoungGen      total 43520K, used 37312K [0x00000000f5580000, 0x00000000f9080000, 0x0000000100000000)
  eden space 27648K, 100% used [0x00000000f5580000,0x00000000f7080000,0x00000000f7080000)
  from space 15872K, 60% used [0x00000000f8100000,0x00000000f8a700b8,0x00000000f9080000)
  to   space 16384K, 0% used [0x00000000f7080000,0x00000000f7080000,0x00000000f8080000)
 ParOldGen       total 99840K, used 86848K [0x00000000e0000000, 0x00000000e6180000, 0x00000000f5580000)
  object space 99840K, 86% used [0x00000000e0000000,0x00000000e54d0390,0x00000000e6180000)
 Metaspace       used 107133K, capacity 114974K, committed 115200K, reserved 1148928K
  class space    used 12311K, capacity 14831K, committed 14848K, reserved 1048576K
Event: 5592.234 GC heap after
Heap after GC invocations=149 (full 10):
 PSYoungGen      total 43520K, used 11103K [0x00000000f5580000, 0x00000000f9100000, 0x0000000100000000)
  eden space 27136K, 0% used [0x00000000f5580000,0x00000000f5580000,0x00000000f7000000)
  from space 16384K, 67% used [0x00000000f7080000,0x00000000f7b57cd0,0x00000000f8080000)
  to   space 16896K, 0% used [0x00000000f8080000,0x00000000f8080000,0x00000000f9100000)
 ParOldGen       total 99840K, used 86872K [0x00000000e0000000, 0x00000000e6180000, 0x00000000f5580000)
  object space 99840K, 87% used [0x00000000e0000000,0x00000000e54d6390,0x00000000e6180000)
 Metaspace       used 107133K, capacity 114974K, committed 115200K, reserved 1148928K
  class space    used 12311K, capacity 14831K, committed 14848K, reserved 1048576K
}
Event: 5594.099 GC heap before
{Heap before GC invocations=150 (full 10):
 PSYoungGen      total 43520K, used 38239K [0x00000000f5580000, 0x00000000f9100000, 0x0000000100000000)
  eden space 27136K, 100% used [0x00000000f5580000,0x00000000f7000000,0x00000000f7000000)
  from space 16384K, 67% used [0x00000000f7080000,0x00000000f7b57cd0,0x00000000f8080000)
  to   space 16896K, 0% used [0x00000000f8080000,0x00000000f8080000,0x00000000f9100000)
 ParOldGen       total 99840K, used 86872K [0x00000000e0000000, 0x00000000e6180000, 0x00000000f5580000)
  object space 99840K, 87% used [0x00000000e0000000,0x00000000e54d6390,0x00000000e6180000)
 Metaspace       used 107155K, capacity 115038K, committed 115200K, reserved 1148928K
  class space    used 12312K, capacity 14831K, committed 14848K, reserved 1048576K
Event: 5594.106 GC heap after
Heap after GC invocations=150 (full 10):
 PSYoungGen      total 43520K, used 11587K [0x00000000f5580000, 0x00000000f9180000, 0x0000000100000000)
  eden space 26624K, 0% used [0x00000000f5580000,0x00000000f5580000,0x00000000f6f80000)
  from space 16896K, 68% used [0x00000000f8080000,0x00000000f8bd0db8,0x00000000f9100000)
  to   space 17408K, 0% used [0x00000000f6f80000,0x00000000f6f80000,0x00000000f8080000)
 ParOldGen       total 99840K, used 86880K [0x00000000e0000000, 0x00000000e6180000, 0x00000000f5580000)
  object space 99840K, 87% used [0x00000000e0000000,0x00000000e54d8390,0x00000000e6180000)
 Metaspace       used 107155K, capacity 115038K, committed 115200K, reserved 1148928K
  class space    used 12312K, capacity 14831K, committed 14848K, reserved 1048576K
}
Event: 5597.391 GC heap before
{Heap before GC invocations=151 (full 10):
 PSYoungGen      total 43520K, used 38211K [0x00000000f5580000, 0x00000000f9180000, 0x0000000100000000)
  eden space 26624K, 100% used [0x00000000f5580000,0x00000000f6f80000,0x00000000f6f80000)
  from space 16896K, 68% used [0x00000000f8080000,0x00000000f8bd0db8,0x00000000f9100000)
  to   space 17408K, 0% used [0x00000000f6f80000,0x00000000f6f80000,0x00000000f8080000)
 ParOldGen       total 99840K, used 86880K [0x00000000e0000000, 0x00000000e6180000, 0x00000000f5580000)
  object space 99840K, 87% used [0x00000000e0000000,0x00000000e54d8390,0x00000000e6180000)
 Metaspace       used 107245K, capacity 115166K, committed 115328K, reserved 1148928K
  class space    used 12323K, capacity 14895K, committed 14976K, reserved 1048576K
Event: 5597.398 GC heap after
Heap after GC invocations=151 (full 10):
 PSYoungGen      total 44032K, used 11042K [0x00000000f5580000, 0x00000000f9180000, 0x0000000100000000)
  eden space 26624K, 0% used [0x00000000f5580000,0x00000000f5580000,0x00000000f6f80000)
  from space 17408K, 63% used [0x00000000f6f80000,0x00000000f7a48818,0x00000000f8080000)
  to   space 17408K, 0% used [0x00000000f8080000,0x00000000f8080000,0x00000000f9180000)
 ParOldGen       total 99840K, used 86888K [0x00000000e0000000, 0x00000000e6180000, 0x00000000f5580000)
  object space 99840K, 87% used [0x00000000e0000000,0x00000000e54da390,0x00000000e6180000)
 Metaspace       used 107245K, capacity 115166K, committed 115328K, reserved 1148928K
  class space    used 12323K, capacity 14895K, committed 14976K, reserved 1048576K
}
Event: 5598.347 GC heap before
{Heap before GC invocations=152 (full 10):
 PSYoungGen      total 44032K, used 37666K [0x00000000f5580000, 0x00000000f9180000, 0x0000000100000000)
  eden space 26624K, 100% used [0x00000000f5580000,0x00000000f6f80000,0x00000000f6f80000)
  from space 17408K, 63% used [0x00000000f6f80000,0x00000000f7a48818,0x00000000f8080000)
  to   space 17408K, 0% used [0x00000000f8080000,0x00000000f8080000,0x00000000f9180000)
 ParOldGen       total 99840K, used 86888K [0x00000000e0000000, 0x00000000e6180000, 0x00000000f5580000)
  object space 99840K, 87% used [0x00000000e0000000,0x00000000e54da390,0x00000000e6180000)
 Metaspace       used 107469K, capacity 115380K, committed 115584K, reserved 1150976K
  class space    used 12350K, capacity 14962K, committed 14976K, reserved 1048576K
Event: 5598.352 GC heap after
Heap after GC invocations=152 (full 10):
 PSYoungGen      total 43008K, used 9556K [0x00000000f5580000, 0x00000000f9080000, 0x0000000100000000)
  eden space 26624K, 0% used [0x00000000f5580000,0x00000000f5580000,0x00000000f6f80000)
  from space 16384K, 58% used [0x00000000f8080000,0x00000000f89d50b8,0x00000000f9080000)
  to   space 16896K, 0% used [0x00000000f6f80000,0x00000000f6f80000,0x00000000f8000000)
 ParOldGen       total 99840K, used 86936K [0x00000000e0000000, 0x00000000e6180000, 0x00000000f5580000)
  object space 99840K, 87% used [0x00000000e0000000,0x00000000e54e6390,0x00000000e6180000)
 Metaspace       used 107469K, capacity 115380K, committed 115584K, reserved 1150976K
  class space    used 12350K, capacity 14962K, committed 14976K, reserved 1048576K
}

