# JRE version: Java(TM) SE Runtime Environment (8.0_66-b18) (build 1.8.0_66-b18)
# Java VM: Java HotSpot(TM) 64-Bit Server VM (25.66-b18 mixed mode windows-amd64 compressed oops)
Heap:
 PSYoungGen      total 143872K, used 60023K [0x00000000f5580000, 0x0000000100000000, 0x0000000100000000)
  eden space 113152K, 38% used [0x00000000f5580000,0x00000000f8042100,0x00000000fc400000)
  from space 30720K, 52% used [0x00000000fc400000,0x00000000fd3dbdb0,0x00000000fe200000)
  to   space 30208K, 0% used [0x00000000fe280000,0x00000000fe280000,0x0000000100000000)
 ParOldGen       total 94208K, used 46694K [0x00000000e0000000, 0x00000000e5c00000, 0x00000000f5580000)
  object space 94208K, 49% used [0x00000000e0000000,0x00000000e2d999b8,0x00000000e5c00000)
 Metaspace       used 82145K, capacity 89244K, committed 89472K, reserved 1126400K
  class space    used 10042K, capacity 12387K, committed 12416K, reserved 1048576K
GC Heap History (10 events):
Event: 4.304 GC heap before
{Heap before GC invocations=10 (full 2):
 PSYoungGen      total 118784K, used 28067K [0x00000000f5580000, 0x0000000100000000, 0x0000000100000000)
  eden space 98304K, 7% used [0x00000000f5580000,0x00000000f5ceee18,0x00000000fb580000)
  from space 20480K, 99% used [0x00000000fb580000,0x00000000fc979f58,0x00000000fc980000)
  to   space 26112K, 0% used [0x00000000fe680000,0x00000000fe680000,0x0000000100000000)
 ParOldGen       total 87552K, used 38221K [0x00000000e0000000, 0x00000000e5580000, 0x00000000f5580000)
  object space 87552K, 43% used [0x00000000e0000000,0x00000000e2553690,0x00000000e5580000)
 Metaspace       used 54229K, capacity 58968K, committed 59008K, reserved 1099776K
  class space    used 6490K, capacity 8060K, committed 8064K, reserved 1048576K
Event: 4.337 GC heap after
Heap after GC invocations=10 (full 2):
 PSYoungGen      total 149504K, used 9434K [0x00000000f5580000, 0x0000000100000000, 0x0000000100000000)
  eden space 123392K, 0% used [0x00000000f5580000,0x00000000f5580000,0x00000000fce00000)
  from space 26112K, 36% used [0x00000000fe680000,0x00000000fefb6880,0x0000000100000000)
  to   space 25088K, 0% used [0x00000000fce00000,0x00000000fce00000,0x00000000fe680000)
 ParOldGen       total 87552K, used 38229K [0x00000000e0000000, 0x00000000e5580000, 0x00000000f5580000)
  object space 87552K, 43% used [0x00000000e0000000,0x00000000e2555690,0x00000000e5580000)
 Metaspace       used 54229K, capacity 58968K, committed 59008K, reserved 1099776K
  class space    used 6490K, capacity 8060K, committed 8064K, reserved 1048576K
}
Event: 4.337 GC heap before
{Heap before GC invocations=11 (full 3):
 PSYoungGen      total 149504K, used 9434K [0x00000000f5580000, 0x0000000100000000, 0x0000000100000000)
  eden space 123392K, 0% used [0x00000000f5580000,0x00000000f5580000,0x00000000fce00000)
  from space 26112K, 36% used [0x00000000fe680000,0x00000000fefb6880,0x0000000100000000)
  to   space 25088K, 0% used [0x00000000fce00000,0x00000000fce00000,0x00000000fe680000)
 ParOldGen       total 87552K, used 38229K [0x00000000e0000000, 0x00000000e5580000, 0x00000000f5580000)
  object space 87552K, 43% used [0x00000000e0000000,0x00000000e2555690,0x00000000e5580000)
 Metaspace       used 54229K, capacity 58968K, committed 59008K, reserved 1099776K
  class space    used 6490K, capacity 8060K, committed 8064K, reserved 1048576K
Event: 4.501 GC heap after
Heap after GC invocations=11 (full 3):
 PSYoungGen      total 149504K, used 0K [0x00000000f5580000, 0x0000000100000000, 0x0000000100000000)
  eden space 123392K, 0% used [0x00000000f5580000,0x00000000f5580000,0x00000000fce00000)
  from space 26112K, 0% used [0x00000000fe680000,0x00000000fe680000,0x0000000100000000)
  to   space 25088K, 0% used [0x00000000fce00000,0x00000000fce00000,0x00000000fe680000)
 ParOldGen       total 94208K, used 34704K [0x00000000e0000000, 0x00000000e5c00000, 0x00000000f5580000)
  object space 94208K, 36% used [0x00000000e0000000,0x00000000e21e4370,0x00000000e5c00000)
 Metaspace       used 54229K, capacity 58968K, committed 59008K, reserved 1099776K
  class space    used 6490K, capacity 8060K, committed 8064K, reserved 1048576K
}
Event: 5.457 GC heap before
{Heap before GC invocations=12 (full 3):
 PSYoungGen      total 149504K, used 123392K [0x00000000f5580000, 0x0000000100000000, 0x0000000100000000)
  eden space 123392K, 100% used [0x00000000f5580000,0x00000000fce00000,0x00000000fce00000)
  from space 26112K, 0% used [0x00000000fe680000,0x00000000fe680000,0x0000000100000000)
  to   space 25088K, 0% used [0x00000000fce00000,0x00000000fce00000,0x00000000fe680000)
 ParOldGen       total 94208K, used 34704K [0x00000000e0000000, 0x00000000e5c00000, 0x00000000f5580000)
  object space 94208K, 36% used [0x00000000e0000000,0x00000000e21e4370,0x00000000e5c00000)
 Metaspace       used 63906K, capacity 69856K, committed 70144K, reserved 1110016K
  class space    used 7873K, capacity 9688K, committed 9728K, reserved 1048576K
Event: 5.495 GC heap after
Heap after GC invocations=12 (full 3):
 PSYoungGen      total 148480K, used 16755K [0x00000000f5580000, 0x0000000100000000, 0x0000000100000000)
  eden space 123392K, 0% used [0x00000000f5580000,0x00000000f5580000,0x00000000fce00000)
  from space 25088K, 66% used [0x00000000fce00000,0x00000000fde5cff8,0x00000000fe680000)
  to   space 25600K, 0% used [0x00000000fe700000,0x00000000fe700000,0x0000000100000000)
 ParOldGen       total 94208K, used 34712K [0x00000000e0000000, 0x00000000e5c00000, 0x00000000f5580000)
  object space 94208K, 36% used [0x00000000e0000000,0x00000000e21e6370,0x00000000e5c00000)
 Metaspace       used 63906K, capacity 69856K, committed 70144K, reserved 1110016K
  class space    used 7873K, capacity 9688K, committed 9728K, reserved 1048576K
}
Event: 22.279 GC heap before
{Heap before GC invocations=13 (full 3):
 PSYoungGen      total 148480K, used 140147K [0x00000000f5580000, 0x0000000100000000, 0x0000000100000000)
  eden space 123392K, 100% used [0x00000000f5580000,0x00000000fce00000,0x00000000fce00000)
  from space 25088K, 66% used [0x00000000fce00000,0x00000000fde5cff8,0x00000000fe680000)
  to   space 25600K, 0% used [0x00000000fe700000,0x00000000fe700000,0x0000000100000000)
 ParOldGen       total 94208K, used 34712K [0x00000000e0000000, 0x00000000e5c00000, 0x00000000f5580000)
  object space 94208K, 36% used [0x00000000e0000000,0x00000000e21e6370,0x00000000e5c00000)
 Metaspace       used 76748K, capacity 83528K, committed 83840K, reserved 1122304K
  class space    used 9386K, capacity 11602K, committed 11648K, reserved 1048576K
Event: 22.303 GC heap after
Heap after GC invocations=13 (full 3):
 PSYoungGen      total 138752K, used 25570K [0x00000000f5580000, 0x0000000100000000, 0x0000000100000000)
  eden space 113152K, 0% used [0x00000000f5580000,0x00000000f5580000,0x00000000fc400000)
  from space 25600K, 99% used [0x00000000fe700000,0x00000000ffff8bc8,0x0000000100000000)
  to   space 30720K, 0% used [0x00000000fc400000,0x00000000fc400000,0x00000000fe200000)
 ParOldGen       total 94208K, used 38340K [0x00000000e0000000, 0x00000000e5c00000, 0x00000000f5580000)
  object space 94208K, 40% used [0x00000000e0000000,0x00000000e2571040,0x00000000e5c00000)
 Metaspace       used 76748K, capacity 83528K, committed 83840K, reserved 1122304K
  class space    used 9386K, capacity 11602K, committed 11648K, reserved 1048576K
}
Event: 58.321 GC heap before
{Heap before GC invocations=14 (full 3):
 PSYoungGen      total 138752K, used 138722K [0x00000000f5580000, 0x0000000100000000, 0x0000000100000000)
  eden space 113152K, 100% used [0x00000000f5580000,0x00000000fc400000,0x00000000fc400000)
  from space 25600K, 99% used [0x00000000fe700000,0x00000000ffff8bc8,0x0000000100000000)
  to   space 30720K, 0% used [0x00000000fc400000,0x00000000fc400000,0x00000000fe200000)
 ParOldGen       total 94208K, used 38340K [0x00000000e0000000, 0x00000000e5c00000, 0x00000000f5580000)
  object space 94208K, 40% used [0x00000000e0000000,0x00000000e2571040,0x00000000e5c00000)
 Metaspace       used 80997K, capacity 87968K, committed 88192K, reserved 1126400K
  class space    used 9929K, capacity 12159K, committed 12160K, reserved 1048576K
Event: 58.336 GC heap after
Heap after GC invocations=14 (full 3):
 PSYoungGen      total 143872K, used 16239K [0x00000000f5580000, 0x0000000100000000, 0x0000000100000000)
  eden space 113152K, 0% used [0x00000000f5580000,0x00000000f5580000,0x00000000fc400000)
  from space 30720K, 52% used [0x00000000fc400000,0x00000000fd3dbdb0,0x00000000fe200000)
  to   space 30208K, 0% used [0x00000000fe280000,0x00000000fe280000,0x0000000100000000)
 ParOldGen       total 94208K, used 46694K [0x00000000e0000000, 0x00000000e5c00000, 0x00000000f5580000)
  object space 94208K, 49% used [0x00000000e0000000,0x00000000e2d999b8,0x00000000e5c00000)
 Metaspace       used 80997K, capacity 87968K, committed 88192K, reserved 1126400K
  class space    used 9929K, capacity 12159K, committed 12160K, reserved 1048576K
}

