# JRE version: Java(TM) SE Runtime Environment (8.0_66-b18) (build 1.8.0_66-b18)
# Java VM: Java HotSpot(TM) 64-Bit Server VM (25.66-b18 mixed mode windows-amd64 compressed oops)
Heap:
 PSYoungGen      total 107520K, used 29463K [0x00000000f5580000, 0x00000000ff780000, 0x0000000100000000)
  eden space 101376K, 23% used [0x00000000f5580000,0x00000000f6ca2690,0x00000000fb880000)
  from space 6144K, 93% used [0x00000000fbb80000,0x00000000fc1235f8,0x00000000fc180000)
  to   space 32256K, 0% used [0x00000000fd800000,0x00000000fd800000,0x00000000ff780000)
 ParOldGen       total 108032K, used 61647K [0x00000000e0000000, 0x00000000e6980000, 0x00000000f5580000)
  object space 108032K, 57% used [0x00000000e0000000,0x00000000e3c33ec0,0x00000000e6980000)
 Metaspace       used 89659K, capacity 97078K, committed 97192K, reserved 1132544K
  class space    used 10771K, capacity 13192K, committed 13232K, reserved 1048576K
GC Heap History (10 events):
Event: 131.247 GC heap before
{Heap before GC invocations=16 (full 5):
 PSYoungGen      total 138752K, used 5509K [0x00000000f5580000, 0x0000000100000000, 0x0000000100000000)
  eden space 102912K, 0% used [0x00000000f5580000,0x00000000f5580000,0x00000000fba00000)
  from space 35840K, 15% used [0x00000000fba00000,0x00000000fbf615b0,0x00000000fdd00000)
  to   space 35328K, 0% used [0x00000000fdd80000,0x00000000fdd80000,0x0000000100000000)
 ParOldGen       total 108032K, used 59496K [0x00000000e0000000, 0x00000000e6980000, 0x00000000f5580000)
  object space 108032K, 55% used [0x00000000e0000000,0x00000000e3a1a298,0x00000000e6980000)
 Metaspace       used 84017K, capacity 90794K, committed 91048K, reserved 1128448K
  class space    used 10206K, capacity 12413K, committed 12464K, reserved 1048576K
Event: 131.581 GC heap after
Heap after GC invocations=16 (full 5):
 PSYoungGen      total 138752K, used 0K [0x00000000f5580000, 0x0000000100000000, 0x0000000100000000)
  eden space 102912K, 0% used [0x00000000f5580000,0x00000000f5580000,0x00000000fba00000)
  from space 35840K, 0% used [0x00000000fba00000,0x00000000fba00000,0x00000000fdd00000)
  to   space 35328K, 0% used [0x00000000fdd80000,0x00000000fdd80000,0x0000000100000000)
 ParOldGen       total 108032K, used 61551K [0x00000000e0000000, 0x00000000e6980000, 0x00000000f5580000)
  object space 108032K, 56% used [0x00000000e0000000,0x00000000e3c1beb0,0x00000000e6980000)
 Metaspace       used 84017K, capacity 90794K, committed 91048K, reserved 1128448K
  class space    used 10206K, capacity 12413K, committed 12464K, reserved 1048576K
}
Event: 172.670 GC heap before
{Heap before GC invocations=17 (full 5):
 PSYoungGen      total 138752K, used 102912K [0x00000000f5580000, 0x0000000100000000, 0x0000000100000000)
  eden space 102912K, 100% used [0x00000000f5580000,0x00000000fba00000,0x00000000fba00000)
  from space 35840K, 0% used [0x00000000fba00000,0x00000000fba00000,0x00000000fdd00000)
  to   space 35328K, 0% used [0x00000000fdd80000,0x00000000fdd80000,0x0000000100000000)
 ParOldGen       total 108032K, used 61551K [0x00000000e0000000, 0x00000000e6980000, 0x00000000f5580000)
  object space 108032K, 56% used [0x00000000e0000000,0x00000000e3c1beb0,0x00000000e6980000)
 Metaspace       used 84936K, capacity 91952K, committed 92200K, reserved 1128448K
  class space    used 10277K, capacity 12499K, committed 12592K, reserved 1048576K
Event: 172.675 GC heap after
Heap after GC invocations=17 (full 5):
 PSYoungGen      total 138240K, used 3262K [0x00000000f5580000, 0x00000000fff80000, 0x0000000100000000)
  eden space 103424K, 0% used [0x00000000f5580000,0x00000000f5580000,0x00000000fba80000)
  from space 34816K, 9% used [0x00000000fdd80000,0x00000000fe0af958,0x00000000fff80000)
  to   space 35328K, 0% used [0x00000000fba80000,0x00000000fba80000,0x00000000fdd00000)
 ParOldGen       total 108032K, used 61559K [0x00000000e0000000, 0x00000000e6980000, 0x00000000f5580000)
  object space 108032K, 56% used [0x00000000e0000000,0x00000000e3c1deb0,0x00000000e6980000)
 Metaspace       used 84936K, capacity 91952K, committed 92200K, reserved 1128448K
  class space    used 10277K, capacity 12499K, committed 12592K, reserved 1048576K
}
Event: 225.789 GC heap before
{Heap before GC invocations=18 (full 5):
 PSYoungGen      total 138240K, used 106686K [0x00000000f5580000, 0x00000000fff80000, 0x0000000100000000)
  eden space 103424K, 100% used [0x00000000f5580000,0x00000000fba80000,0x00000000fba80000)
  from space 34816K, 9% used [0x00000000fdd80000,0x00000000fe0af958,0x00000000fff80000)
  to   space 35328K, 0% used [0x00000000fba80000,0x00000000fba80000,0x00000000fdd00000)
 ParOldGen       total 108032K, used 61559K [0x00000000e0000000, 0x00000000e6980000, 0x00000000f5580000)
  object space 108032K, 56% used [0x00000000e0000000,0x00000000e3c1deb0,0x00000000e6980000)
 Metaspace       used 86444K, capacity 93824K, committed 93992K, reserved 1130496K
  class space    used 10432K, capacity 12732K, committed 12848K, reserved 1048576K
Event: 225.796 GC heap after
Heap after GC invocations=18 (full 5):
 PSYoungGen      total 138752K, used 6798K [0x00000000f5580000, 0x00000000fff80000, 0x0000000100000000)
  eden space 103424K, 0% used [0x00000000f5580000,0x00000000f5580000,0x00000000fba80000)
  from space 35328K, 19% used [0x00000000fba80000,0x00000000fc1239d8,0x00000000fdd00000)
  to   space 34816K, 0% used [0x00000000fdd80000,0x00000000fdd80000,0x00000000fff80000)
 ParOldGen       total 108032K, used 61567K [0x00000000e0000000, 0x00000000e6980000, 0x00000000f5580000)
  object space 108032K, 56% used [0x00000000e0000000,0x00000000e3c1feb0,0x00000000e6980000)
 Metaspace       used 86444K, capacity 93824K, committed 93992K, reserved 1130496K
  class space    used 10432K, capacity 12732K, committed 12848K, reserved 1048576K
}
Event: 360.427 GC heap before
{Heap before GC invocations=19 (full 5):
 PSYoungGen      total 138752K, used 110222K [0x00000000f5580000, 0x00000000fff80000, 0x0000000100000000)
  eden space 103424K, 100% used [0x00000000f5580000,0x00000000fba80000,0x00000000fba80000)
  from space 35328K, 19% used [0x00000000fba80000,0x00000000fc1239d8,0x00000000fdd00000)
  to   space 34816K, 0% used [0x00000000fdd80000,0x00000000fdd80000,0x00000000fff80000)
 ParOldGen       total 108032K, used 61567K [0x00000000e0000000, 0x00000000e6980000, 0x00000000f5580000)
  object space 108032K, 56% used [0x00000000e0000000,0x00000000e3c1feb0,0x00000000e6980000)
 Metaspace       used 88468K, capacity 95994K, committed 96296K, reserved 1132544K
  class space    used 10635K, capacity 13028K, committed 13104K, reserved 1048576K
Event: 360.435 GC heap after
Heap after GC invocations=19 (full 5):
 PSYoungGen      total 136192K, used 8720K [0x00000000f5580000, 0x00000000ffc80000, 0x0000000100000000)
  eden space 104448K, 0% used [0x00000000f5580000,0x00000000f5580000,0x00000000fbb80000)
  from space 31744K, 27% used [0x00000000fdd80000,0x00000000fe604388,0x00000000ffc80000)
  to   space 33280K, 0% used [0x00000000fbb80000,0x00000000fbb80000,0x00000000fdc00000)
 ParOldGen       total 108032K, used 61639K [0x00000000e0000000, 0x00000000e6980000, 0x00000000f5580000)
  object space 108032K, 57% used [0x00000000e0000000,0x00000000e3c31ec0,0x00000000e6980000)
 Metaspace       used 88468K, capacity 95994K, committed 96296K, reserved 1132544K
  class space    used 10635K, capacity 13028K, committed 13104K, reserved 1048576K
}
Event: 515.170 GC heap before
{Heap before GC invocations=20 (full 5):
 PSYoungGen      total 136192K, used 113168K [0x00000000f5580000, 0x00000000ffc80000, 0x0000000100000000)
  eden space 104448K, 100% used [0x00000000f5580000,0x00000000fbb80000,0x00000000fbb80000)
  from space 31744K, 27% used [0x00000000fdd80000,0x00000000fe604388,0x00000000ffc80000)
  to   space 33280K, 0% used [0x00000000fbb80000,0x00000000fbb80000,0x00000000fdc00000)
 ParOldGen       total 108032K, used 61639K [0x00000000e0000000, 0x00000000e6980000, 0x00000000f5580000)
  object space 108032K, 57% used [0x00000000e0000000,0x00000000e3c31ec0,0x00000000e6980000)
 Metaspace       used 89087K, capacity 96538K, committed 96680K, reserved 1132544K
  class space    used 10709K, capacity 13124K, committed 13232K, reserved 1048576K
Event: 515.176 GC heap after
Heap after GC invocations=20 (full 5):
 PSYoungGen      total 107520K, used 5773K [0x00000000f5580000, 0x00000000ff780000, 0x0000000100000000)
  eden space 101376K, 0% used [0x00000000f5580000,0x00000000f5580000,0x00000000fb880000)
  from space 6144K, 93% used [0x00000000fbb80000,0x00000000fc1235f8,0x00000000fc180000)
  to   space 32256K, 0% used [0x00000000fd800000,0x00000000fd800000,0x00000000ff780000)
 ParOldGen       total 108032K, used 61647K [0x00000000e0000000, 0x00000000e6980000, 0x00000000f5580000)
  object space 108032K, 57% used [0x00000000e0000000,0x00000000e3c33ec0,0x00000000e6980000)
 Metaspace       used 89087K, capacity 96538K, committed 96680K, reserved 1132544K
  class space    used 10709K, capacity 13124K, committed 13232K, reserved 1048576K
}

