# JRE version: Java(TM) SE Runtime Environment (8.0_66-b18) (build 1.8.0_66-b18)
# Java VM: Java HotSpot(TM) 64-Bit Server VM (25.66-b18 mixed mode windows-amd64 compressed oops)
Heap:
 PSYoungGen      total 44544K, used 14658K [0x00000007bc400000, 0x00000007c0000000, 0x00000007c0000000)
  eden space 28160K, 25% used [0x00000007bc400000,0x00000007bcb1e2b8,0x00000007bdf80000)
  from space 16384K, 44% used [0x00000007bdf80000,0x00000007be6b2860,0x00000007bef80000)
  to   space 15872K, 0% used [0x00000007bf080000,0x00000007bf080000,0x00000007c0000000)
 ParOldGen       total 188928K, used 144303K [0x0000000700000000, 0x000000070b880000, 0x00000007bc400000)
  object space 188928K, 76% used [0x0000000700000000,0x0000000708cebda0,0x000000070b880000)
 Metaspace       used 83567K, capacity 84082K, committed 84568K, reserved 1122304K
  class space    used 12202K, capacity 12339K, committed 12416K, reserved 1048576K
GC Heap History (10 events):
Event: 37170.044 GC heap before
{Heap before GC invocations=13115 (full 3248):
 PSYoungGen      total 44544K, used 27648K [0x00000007bc400000, 0x00000007c0000000, 0x00000007c0000000)
  eden space 27648K, 100% used [0x00000007bc400000,0x00000007bdf00000,0x00000007bdf00000)
  from space 16896K, 0% used [0x00000007bef80000,0x00000007bef80000,0x00000007c0000000)
  to   space 16896K, 0% used [0x00000007bdf00000,0x00000007bdf00000,0x00000007bef80000)
 ParOldGen       total 188928K, used 144303K [0x0000000700000000, 0x000000070b880000, 0x00000007bc400000)
  object space 188928K, 76% used [0x0000000700000000,0x0000000708cebda0,0x000000070b880000)
 Metaspace       used 83542K, capacity 84082K, committed 84568K, reserved 1122304K
  class space    used 12197K, capacity 12339K, committed 12416K, reserved 1048576K
Event: 37170.048 GC heap after
Heap after GC invocations=13115 (full 3248):
 PSYoungGen      total 30720K, used 2561K [0x00000007bc400000, 0x00000007c0000000, 0x00000007c0000000)
  eden space 27648K, 0% used [0x00000007bc400000,0x00000007bc400000,0x00000007bdf00000)
  from space 3072K, 83% used [0x00000007bdf00000,0x00000007be180658,0x00000007be200000)
  to   space 17408K, 0% used [0x00000007bef00000,0x00000007bef00000,0x00000007c0000000)
 ParOldGen       total 188928K, used 144303K [0x0000000700000000, 0x000000070b880000, 0x00000007bc400000)
  object space 188928K, 76% used [0x0000000700000000,0x0000000708cebda0,0x000000070b880000)
 Metaspace       used 83542K, capacity 84082K, committed 84568K, reserved 1122304K
  class space    used 12197K, capacity 12339K, committed 12416K, reserved 1048576K
}
Event: 37170.337 GC heap before
{Heap before GC invocations=13116 (full 3248):
 PSYoungGen      total 30720K, used 30209K [0x00000007bc400000, 0x00000007c0000000, 0x00000007c0000000)
  eden space 27648K, 100% used [0x00000007bc400000,0x00000007bdf00000,0x00000007bdf00000)
  from space 3072K, 83% used [0x00000007bdf00000,0x00000007be180658,0x00000007be200000)
  to   space 17408K, 0% used [0x00000007bef00000,0x00000007bef00000,0x00000007c0000000)
 ParOldGen       total 188928K, used 144303K [0x0000000700000000, 0x000000070b880000, 0x00000007bc400000)
  object space 188928K, 76% used [0x0000000700000000,0x0000000708cebda0,0x000000070b880000)
 Metaspace       used 83542K, capacity 84082K, committed 84568K, reserved 1122304K
  class space    used 12197K, capacity 12339K, committed 12416K, reserved 1048576K
Event: 37170.351 GC heap after
Heap after GC invocations=13116 (full 3248):
 PSYoungGen      total 44544K, used 7201K [0x00000007bc400000, 0x00000007c0000000, 0x00000007c0000000)
  eden space 27136K, 0% used [0x00000007bc400000,0x00000007bc400000,0x00000007bde80000)
  from space 17408K, 41% used [0x00000007bef00000,0x00000007bf608658,0x00000007c0000000)
  to   space 16896K, 0% used [0x00000007bde80000,0x00000007bde80000,0x00000007bef00000)
 ParOldGen       total 188928K, used 144303K [0x0000000700000000, 0x000000070b880000, 0x00000007bc400000)
  object space 188928K, 76% used [0x0000000700000000,0x0000000708cebda0,0x000000070b880000)
 Metaspace       used 83542K, capacity 84082K, committed 84568K, reserved 1122304K
  class space    used 12197K, capacity 12339K, committed 12416K, reserved 1048576K
}
Event: 37172.393 GC heap before
{Heap before GC invocations=13117 (full 3248):
 PSYoungGen      total 44544K, used 34337K [0x00000007bc400000, 0x00000007c0000000, 0x00000007c0000000)
  eden space 27136K, 100% used [0x00000007bc400000,0x00000007bde80000,0x00000007bde80000)
  from space 17408K, 41% used [0x00000007bef00000,0x00000007bf608658,0x00000007c0000000)
  to   space 16896K, 0% used [0x00000007bde80000,0x00000007bde80000,0x00000007bef00000)
 ParOldGen       total 188928K, used 144303K [0x0000000700000000, 0x000000070b880000, 0x00000007bc400000)
  object space 188928K, 76% used [0x0000000700000000,0x0000000708cebda0,0x000000070b880000)
 Metaspace       used 83554K, capacity 84082K, committed 84568K, reserved 1122304K
  class space    used 12202K, capacity 12339K, committed 12416K, reserved 1048576K
Event: 37172.403 GC heap after
Heap after GC invocations=13117 (full 3248):
 PSYoungGen      total 44032K, used 4394K [0x00000007bc400000, 0x00000007c0000000, 0x00000007c0000000)
  eden space 27136K, 0% used [0x00000007bc400000,0x00000007bc400000,0x00000007bde80000)
  from space 16896K, 26% used [0x00000007bde80000,0x00000007be2ca860,0x00000007bef00000)
  to   space 16896K, 0% used [0x00000007bef80000,0x00000007bef80000,0x00000007c0000000)
 ParOldGen       total 188928K, used 144303K [0x0000000700000000, 0x000000070b880000, 0x00000007bc400000)
  object space 188928K, 76% used [0x0000000700000000,0x0000000708cebda0,0x000000070b880000)
 Metaspace       used 83554K, capacity 84082K, committed 84568K, reserved 1122304K
  class space    used 12202K, capacity 12339K, committed 12416K, reserved 1048576K
}
Event: 37172.737 GC heap before
{Heap before GC invocations=13118 (full 3248):
 PSYoungGen      total 44032K, used 31530K [0x00000007bc400000, 0x00000007c0000000, 0x00000007c0000000)
  eden space 27136K, 100% used [0x00000007bc400000,0x00000007bde80000,0x00000007bde80000)
  from space 16896K, 26% used [0x00000007bde80000,0x00000007be2ca860,0x00000007bef00000)
  to   space 16896K, 0% used [0x00000007bef80000,0x00000007bef80000,0x00000007c0000000)
 ParOldGen       total 188928K, used 144303K [0x0000000700000000, 0x000000070b880000, 0x00000007bc400000)
  object space 188928K, 76% used [0x0000000700000000,0x0000000708cebda0,0x000000070b880000)
 Metaspace       used 83567K, capacity 84082K, committed 84568K, reserved 1122304K
  class space    used 12202K, capacity 12339K, committed 12416K, reserved 1048576K
Event: 37172.753 GC heap after
Heap after GC invocations=13118 (full 3248):
 PSYoungGen      total 45056K, used 6314K [0x00000007bc400000, 0x00000007c0000000, 0x00000007c0000000)
  eden space 28160K, 0% used [0x00000007bc400000,0x00000007bc400000,0x00000007bdf80000)
  from space 16896K, 37% used [0x00000007bef80000,0x00000007bf5aa860,0x00000007c0000000)
  to   space 16384K, 0% used [0x00000007bdf80000,0x00000007bdf80000,0x00000007bef80000)
 ParOldGen       total 188928K, used 144303K [0x0000000700000000, 0x000000070b880000, 0x00000007bc400000)
  object space 188928K, 76% used [0x0000000700000000,0x0000000708cebda0,0x000000070b880000)
 Metaspace       used 83567K, capacity 84082K, committed 84568K, reserved 1122304K
  class space    used 12202K, capacity 12339K, committed 12416K, reserved 1048576K
}
Event: 37173.052 GC heap before
{Heap before GC invocations=13119 (full 3248):
 PSYoungGen      total 45056K, used 34474K [0x00000007bc400000, 0x00000007c0000000, 0x00000007c0000000)
  eden space 28160K, 100% used [0x00000007bc400000,0x00000007bdf80000,0x00000007bdf80000)
  from space 16896K, 37% used [0x00000007bef80000,0x00000007bf5aa860,0x00000007c0000000)
  to   space 16384K, 0% used [0x00000007bdf80000,0x00000007bdf80000,0x00000007bef80000)
 ParOldGen       total 188928K, used 144303K [0x0000000700000000, 0x000000070b880000, 0x00000007bc400000)
  object space 188928K, 76% used [0x0000000700000000,0x0000000708cebda0,0x000000070b880000)
 Metaspace       used 83567K, capacity 84082K, committed 84568K, reserved 1122304K
  class space    used 12202K, capacity 12339K, committed 12416K, reserved 1048576K
Event: 37173.065 GC heap after
Heap after GC invocations=13119 (full 3248):
 PSYoungGen      total 44544K, used 7370K [0x00000007bc400000, 0x00000007c0000000, 0x00000007c0000000)
  eden space 28160K, 0% used [0x00000007bc400000,0x00000007bc400000,0x00000007bdf80000)
  from space 16384K, 44% used [0x00000007bdf80000,0x00000007be6b2860,0x00000007bef80000)
  to   space 15872K, 0% used [0x00000007bf080000,0x00000007bf080000,0x00000007c0000000)
 ParOldGen       total 188928K, used 144303K [0x0000000700000000, 0x000000070b880000, 0x00000007bc400000)
  object space 188928K, 76% used [0x0000000700000000,0x0000000708cebda0,0x000000070b880000)
 Metaspace       used 83567K, capacity 84082K, committed 84568K, reserved 1122304K
  class space    used 12202K, capacity 12339K, committed 12416K, reserved 1048576K
}

