# JRE version: Java(TM) SE Runtime Environment (8.0_66-b18) (build 1.8.0_66-b18)
# Java VM: Java HotSpot(TM) 64-Bit Server VM (25.66-b18 mixed mode windows-amd64 compressed oops)
Heap:
 PSYoungGen      total 133120K, used 45130K [0x00000000f5580000, 0x00000000ffc00000, 0x0000000100000000)
  eden space 94208K, 41% used [0x00000000f5580000,0x00000000f7b3bec8,0x00000000fb180000)
  from space 38912K, 16% used [0x00000000fb180000,0x00000000fb7d6bc8,0x00000000fd780000)
  to   space 37376K, 0% used [0x00000000fd780000,0x00000000fd780000,0x00000000ffc00000)
 ParOldGen       total 136192K, used 62958K [0x00000000e0000000, 0x00000000e8500000, 0x00000000f5580000)
  object space 136192K, 46% used [0x00000000e0000000,0x00000000e3d7b988,0x00000000e8500000)
 Metaspace       used 89625K, capacity 96986K, committed 97320K, reserved 1132544K
  class space    used 10816K, capacity 13254K, committed 13360K, reserved 1048576K
GC Heap History (10 events):
Event: 445.670 GC heap before
{Heap before GC invocations=17 (full 4):
 PSYoungGen      total 125440K, used 93696K [0x00000000f5580000, 0x0000000100000000, 0x0000000100000000)
  eden space 93696K, 100% used [0x00000000f5580000,0x00000000fb100000,0x00000000fb100000)
  from space 31744K, 0% used [0x00000000fe100000,0x00000000fe100000,0x0000000100000000)
  to   space 40448K, 0% used [0x00000000fb100000,0x00000000fb100000,0x00000000fd880000)
 ParOldGen       total 136192K, used 62862K [0x00000000e0000000, 0x00000000e8500000, 0x00000000f5580000)
  object space 136192K, 46% used [0x00000000e0000000,0x00000000e3d63978,0x00000000e8500000)
 Metaspace       used 86626K, capacity 93748K, committed 94120K, reserved 1130496K
  class space    used 10556K, capacity 12871K, committed 12976K, reserved 1048576K
Event: 445.675 GC heap after
Heap after GC invocations=17 (full 4):
 PSYoungGen      total 97792K, used 4048K [0x00000000f5580000, 0x0000000100000000, 0x0000000100000000)
  eden space 93696K, 0% used [0x00000000f5580000,0x00000000f5580000,0x00000000fb100000)
  from space 4096K, 98% used [0x00000000fb100000,0x00000000fb4f4388,0x00000000fb500000)
  to   space 40960K, 0% used [0x00000000fd800000,0x00000000fd800000,0x0000000100000000)
 ParOldGen       total 136192K, used 62934K [0x00000000e0000000, 0x00000000e8500000, 0x00000000f5580000)
  object space 136192K, 46% used [0x00000000e0000000,0x00000000e3d75988,0x00000000e8500000)
 Metaspace       used 86626K, capacity 93748K, committed 94120K, reserved 1130496K
  class space    used 10556K, capacity 12871K, committed 12976K, reserved 1048576K
}
Event: 522.450 GC heap before
{Heap before GC invocations=18 (full 4):
 PSYoungGen      total 97792K, used 97744K [0x00000000f5580000, 0x0000000100000000, 0x0000000100000000)
  eden space 93696K, 100% used [0x00000000f5580000,0x00000000fb100000,0x00000000fb100000)
  from space 4096K, 98% used [0x00000000fb100000,0x00000000fb4f4388,0x00000000fb500000)
  to   space 40960K, 0% used [0x00000000fd800000,0x00000000fd800000,0x0000000100000000)
 ParOldGen       total 136192K, used 62934K [0x00000000e0000000, 0x00000000e8500000, 0x00000000f5580000)
  object space 136192K, 46% used [0x00000000e0000000,0x00000000e3d75988,0x00000000e8500000)
 Metaspace       used 86930K, capacity 94098K, committed 94376K, reserved 1130496K
  class space    used 10560K, capacity 12876K, committed 12976K, reserved 1048576K
Event: 522.456 GC heap after
Heap after GC invocations=18 (full 4):
 PSYoungGen      total 134144K, used 4613K [0x00000000f5580000, 0x0000000100000000, 0x0000000100000000)
  eden space 93184K, 0% used [0x00000000f5580000,0x00000000f5580000,0x00000000fb080000)
  from space 40960K, 11% used [0x00000000fd800000,0x00000000fdc81738,0x0000000100000000)
  to   space 40448K, 0% used [0x00000000fb080000,0x00000000fb080000,0x00000000fd800000)
 ParOldGen       total 136192K, used 62934K [0x00000000e0000000, 0x00000000e8500000, 0x00000000f5580000)
  object space 136192K, 46% used [0x00000000e0000000,0x00000000e3d75988,0x00000000e8500000)
 Metaspace       used 86930K, capacity 94098K, committed 94376K, reserved 1130496K
  class space    used 10560K, capacity 12876K, committed 12976K, reserved 1048576K
}
Event: 604.565 GC heap before
{Heap before GC invocations=19 (full 4):
 PSYoungGen      total 134144K, used 97797K [0x00000000f5580000, 0x0000000100000000, 0x0000000100000000)
  eden space 93184K, 100% used [0x00000000f5580000,0x00000000fb080000,0x00000000fb080000)
  from space 40960K, 11% used [0x00000000fd800000,0x00000000fdc81738,0x0000000100000000)
  to   space 40448K, 0% used [0x00000000fb080000,0x00000000fb080000,0x00000000fd800000)
 ParOldGen       total 136192K, used 62934K [0x00000000e0000000, 0x00000000e8500000, 0x00000000f5580000)
  object space 136192K, 46% used [0x00000000e0000000,0x00000000e3d75988,0x00000000e8500000)
 Metaspace       used 87305K, capacity 94482K, committed 94632K, reserved 1130496K
  class space    used 10563K, capacity 12876K, committed 12976K, reserved 1048576K
Event: 604.573 GC heap after
Heap after GC invocations=19 (full 4):
 PSYoungGen      total 99328K, used 5813K [0x00000000f5580000, 0x00000000ffe80000, 0x0000000100000000)
  eden space 93184K, 0% used [0x00000000f5580000,0x00000000f5580000,0x00000000fb080000)
  from space 6144K, 94% used [0x00000000fb080000,0x00000000fb62d758,0x00000000fb680000)
  to   space 39936K, 0% used [0x00000000fd780000,0x00000000fd780000,0x00000000ffe80000)
 ParOldGen       total 136192K, used 62942K [0x00000000e0000000, 0x00000000e8500000, 0x00000000f5580000)
  object space 136192K, 46% used [0x00000000e0000000,0x00000000e3d77988,0x00000000e8500000)
 Metaspace       used 87305K, capacity 94482K, committed 94632K, reserved 1130496K
  class space    used 10563K, capacity 12876K, committed 12976K, reserved 1048576K
}
Event: 624.553 GC heap before
{Heap before GC invocations=20 (full 4):
 PSYoungGen      total 99328K, used 98997K [0x00000000f5580000, 0x00000000ffe80000, 0x0000000100000000)
  eden space 93184K, 100% used [0x00000000f5580000,0x00000000fb080000,0x00000000fb080000)
  from space 6144K, 94% used [0x00000000fb080000,0x00000000fb62d758,0x00000000fb680000)
  to   space 39936K, 0% used [0x00000000fd780000,0x00000000fd780000,0x00000000ffe80000)
 ParOldGen       total 136192K, used 62942K [0x00000000e0000000, 0x00000000e8500000, 0x00000000f5580000)
  object space 136192K, 46% used [0x00000000e0000000,0x00000000e3d77988,0x00000000e8500000)
 Metaspace       used 88312K, capacity 95390K, committed 95528K, reserved 1132544K
  class space    used 10687K, capacity 12981K, committed 13104K, reserved 1048576K
Event: 624.559 GC heap after
Heap after GC invocations=20 (full 4):
 PSYoungGen      total 134144K, used 6381K [0x00000000f5580000, 0x0000000100000000, 0x0000000100000000)
  eden space 94208K, 0% used [0x00000000f5580000,0x00000000f5580000,0x00000000fb180000)
  from space 39936K, 15% used [0x00000000fd780000,0x00000000fddbb730,0x00000000ffe80000)
  to   space 38912K, 0% used [0x00000000fb180000,0x00000000fb180000,0x00000000fd780000)
 ParOldGen       total 136192K, used 62950K [0x00000000e0000000, 0x00000000e8500000, 0x00000000f5580000)
  object space 136192K, 46% used [0x00000000e0000000,0x00000000e3d79988,0x00000000e8500000)
 Metaspace       used 88312K, capacity 95390K, committed 95528K, reserved 1132544K
  class space    used 10687K, capacity 12981K, committed 13104K, reserved 1048576K
}
Event: 641.946 GC heap before
{Heap before GC invocations=21 (full 4):
 PSYoungGen      total 134144K, used 100589K [0x00000000f5580000, 0x0000000100000000, 0x0000000100000000)
  eden space 94208K, 100% used [0x00000000f5580000,0x00000000fb180000,0x00000000fb180000)
  from space 39936K, 15% used [0x00000000fd780000,0x00000000fddbb730,0x00000000ffe80000)
  to   space 38912K, 0% used [0x00000000fb180000,0x00000000fb180000,0x00000000fd780000)
 ParOldGen       total 136192K, used 62950K [0x00000000e0000000, 0x00000000e8500000, 0x00000000f5580000)
  object space 136192K, 46% used [0x00000000e0000000,0x00000000e3d79988,0x00000000e8500000)
 Metaspace       used 88720K, capacity 96130K, committed 96296K, reserved 1132544K
  class space    used 10714K, capacity 13057K, committed 13104K, reserved 1048576K
Event: 641.953 GC heap after
Heap after GC invocations=21 (full 4):
 PSYoungGen      total 133120K, used 6490K [0x00000000f5580000, 0x00000000ffc00000, 0x0000000100000000)
  eden space 94208K, 0% used [0x00000000f5580000,0x00000000f5580000,0x00000000fb180000)
  from space 38912K, 16% used [0x00000000fb180000,0x00000000fb7d6bc8,0x00000000fd780000)
  to   space 37376K, 0% used [0x00000000fd780000,0x00000000fd780000,0x00000000ffc00000)
 ParOldGen       total 136192K, used 62958K [0x00000000e0000000, 0x00000000e8500000, 0x00000000f5580000)
  object space 136192K, 46% used [0x00000000e0000000,0x00000000e3d7b988,0x00000000e8500000)
 Metaspace       used 88720K, capacity 96130K, committed 96296K, reserved 1132544K
  class space    used 10714K, capacity 13057K, committed 13104K, reserved 1048576K
}

