# JRE version: Java(TM) SE Runtime Environment (8.0_66-b18) (build 1.8.0_66-b18)
# Java VM: Java HotSpot(TM) 64-Bit Server VM (25.66-b18 mixed mode windows-amd64 compressed oops)
Heap:
 PSYoungGen      total 40960K, used 19047K [0x00000007bc400000, 0x00000007c0000000, 0x00000007c0000000)
  eden space 20480K, 85% used [0x00000007bc400000,0x00000007bd519f50,0x00000007bd800000)
  from space 20480K, 7% used [0x00000007bec00000,0x00000007bed80000,0x00000007c0000000)
  to   space 20480K, 0% used [0x00000007bd800000,0x00000007bd800000,0x00000007bec00000)
 ParOldGen       total 150528K, used 122189K [0x0000000700000000, 0x0000000709300000, 0x00000007bc400000)
  object space 150528K, 81% used [0x0000000700000000,0x0000000707753610,0x0000000709300000)
 Metaspace       used 65713K, capacity 66144K, committed 66816K, reserved 1105920K
  class space    used 9746K, capacity 9874K, committed 9984K, reserved 1048576K
GC Heap History (10 events):
Event: 319.634 GC heap before
{Heap before GC invocations=104 (full 10):
 PSYoungGen      total 40960K, used 33504K [0x00000007bc400000, 0x00000007c0000000, 0x00000007c0000000)
  eden space 20480K, 100% used [0x00000007bc400000,0x00000007bd800000,0x00000007bd800000)
  from space 20480K, 63% used [0x00000007bd800000,0x00000007be4b8000,0x00000007bec00000)
  to   space 20480K, 0% used [0x00000007bec00000,0x00000007bec00000,0x00000007c0000000)
 ParOldGen       total 150528K, used 108004K [0x0000000700000000, 0x0000000709300000, 0x00000007bc400000)
  object space 150528K, 71% used [0x0000000700000000,0x0000000706979390,0x0000000709300000)
 Metaspace       used 65601K, capacity 65984K, committed 66432K, reserved 1105920K
  class space    used 9739K, capacity 9842K, committed 9856K, reserved 1048576K
Event: 319.642 GC heap after
Heap after GC invocations=104 (full 10):
 PSYoungGen      total 40960K, used 10848K [0x00000007bc400000, 0x00000007c0000000, 0x00000007c0000000)
  eden space 20480K, 0% used [0x00000007bc400000,0x00000007bc400000,0x00000007bd800000)
  from space 20480K, 52% used [0x00000007bec00000,0x00000007bf698000,0x00000007c0000000)
  to   space 20480K, 0% used [0x00000007bd800000,0x00000007bd800000,0x00000007bec00000)
 ParOldGen       total 150528K, used 111088K [0x0000000700000000, 0x0000000709300000, 0x00000007bc400000)
  object space 150528K, 73% used [0x0000000700000000,0x0000000706c7c3d0,0x0000000709300000)
 Metaspace       used 65601K, capacity 65984K, committed 66432K, reserved 1105920K
  class space    used 9739K, capacity 9842K, committed 9856K, reserved 1048576K
}
Event: 319.806 GC heap before
{Heap before GC invocations=105 (full 10):
 PSYoungGen      total 40960K, used 31328K [0x00000007bc400000, 0x00000007c0000000, 0x00000007c0000000)
  eden space 20480K, 100% used [0x00000007bc400000,0x00000007bd800000,0x00000007bd800000)
  from space 20480K, 52% used [0x00000007bec00000,0x00000007bf698000,0x00000007c0000000)
  to   space 20480K, 0% used [0x00000007bd800000,0x00000007bd800000,0x00000007bec00000)
 ParOldGen       total 150528K, used 111088K [0x0000000700000000, 0x0000000709300000, 0x00000007bc400000)
  object space 150528K, 73% used [0x0000000700000000,0x0000000706c7c3d0,0x0000000709300000)
 Metaspace       used 65647K, capacity 66080K, committed 66560K, reserved 1105920K
  class space    used 9745K, capacity 9874K, committed 9984K, reserved 1048576K
Event: 319.812 GC heap after
Heap after GC invocations=105 (full 10):
 PSYoungGen      total 40960K, used 7273K [0x00000007bc400000, 0x00000007c0000000, 0x00000007c0000000)
  eden space 20480K, 0% used [0x00000007bc400000,0x00000007bc400000,0x00000007bd800000)
  from space 20480K, 35% used [0x00000007bd800000,0x00000007bdf1a520,0x00000007bec00000)
  to   space 20480K, 0% used [0x00000007bec00000,0x00000007bec00000,0x00000007c0000000)
 ParOldGen       total 150528K, used 114997K [0x0000000700000000, 0x0000000709300000, 0x00000007bc400000)
  object space 150528K, 76% used [0x0000000700000000,0x000000070704d7e0,0x0000000709300000)
 Metaspace       used 65647K, capacity 66080K, committed 66560K, reserved 1105920K
  class space    used 9745K, capacity 9874K, committed 9984K, reserved 1048576K
}
Event: 320.358 GC heap before
{Heap before GC invocations=106 (full 10):
 PSYoungGen      total 40960K, used 27753K [0x00000007bc400000, 0x00000007c0000000, 0x00000007c0000000)
  eden space 20480K, 100% used [0x00000007bc400000,0x00000007bd800000,0x00000007bd800000)
  from space 20480K, 35% used [0x00000007bd800000,0x00000007bdf1a520,0x00000007bec00000)
  to   space 20480K, 0% used [0x00000007bec00000,0x00000007bec00000,0x00000007c0000000)
 ParOldGen       total 150528K, used 114997K [0x0000000700000000, 0x0000000709300000, 0x00000007bc400000)
  object space 150528K, 76% used [0x0000000700000000,0x000000070704d7e0,0x0000000709300000)
 Metaspace       used 65665K, capacity 66080K, committed 66560K, reserved 1105920K
  class space    used 9745K, capacity 9874K, committed 9984K, reserved 1048576K
Event: 320.364 GC heap after
Heap after GC invocations=106 (full 10):
 PSYoungGen      total 40960K, used 1801K [0x00000007bc400000, 0x00000007c0000000, 0x00000007c0000000)
  eden space 20480K, 0% used [0x00000007bc400000,0x00000007bc400000,0x00000007bd800000)
  from space 20480K, 8% used [0x00000007bec00000,0x00000007bedc2520,0x00000007c0000000)
  to   space 20480K, 0% used [0x00000007bd800000,0x00000007bd800000,0x00000007bec00000)
 ParOldGen       total 150528K, used 120765K [0x0000000700000000, 0x0000000709300000, 0x00000007bc400000)
  object space 150528K, 80% used [0x0000000700000000,0x00000007075ef7e0,0x0000000709300000)
 Metaspace       used 65665K, capacity 66080K, committed 66560K, reserved 1105920K
  class space    used 9745K, capacity 9874K, committed 9984K, reserved 1048576K
}
Event: 320.647 GC heap before
{Heap before GC invocations=107 (full 10):
 PSYoungGen      total 40960K, used 22281K [0x00000007bc400000, 0x00000007c0000000, 0x00000007c0000000)
  eden space 20480K, 100% used [0x00000007bc400000,0x00000007bd800000,0x00000007bd800000)
  from space 20480K, 8% used [0x00000007bec00000,0x00000007bedc2520,0x00000007c0000000)
  to   space 20480K, 0% used [0x00000007bd800000,0x00000007bd800000,0x00000007bec00000)
 ParOldGen       total 150528K, used 120765K [0x0000000700000000, 0x0000000709300000, 0x00000007bc400000)
  object space 150528K, 80% used [0x0000000700000000,0x00000007075ef7e0,0x0000000709300000)
 Metaspace       used 65676K, capacity 66080K, committed 66560K, reserved 1105920K
  class space    used 9745K, capacity 9874K, committed 9984K, reserved 1048576K
Event: 320.651 GC heap after
Heap after GC invocations=107 (full 10):
 PSYoungGen      total 40960K, used 1577K [0x00000007bc400000, 0x00000007c0000000, 0x00000007c0000000)
  eden space 20480K, 0% used [0x00000007bc400000,0x00000007bc400000,0x00000007bd800000)
  from space 20480K, 7% used [0x00000007bd800000,0x00000007bd98a520,0x00000007bec00000)
  to   space 20480K, 0% used [0x00000007bec00000,0x00000007bec00000,0x00000007c0000000)
 ParOldGen       total 150528K, used 121500K [0x0000000700000000, 0x0000000709300000, 0x00000007bc400000)
  object space 150528K, 80% used [0x0000000700000000,0x00000007076a70e0,0x0000000709300000)
 Metaspace       used 65676K, capacity 66080K, committed 66560K, reserved 1105920K
  class space    used 9745K, capacity 9874K, committed 9984K, reserved 1048576K
}
Event: 321.426 GC heap before
{Heap before GC invocations=108 (full 10):
 PSYoungGen      total 40960K, used 22057K [0x00000007bc400000, 0x00000007c0000000, 0x00000007c0000000)
  eden space 20480K, 100% used [0x00000007bc400000,0x00000007bd800000,0x00000007bd800000)
  from space 20480K, 7% used [0x00000007bd800000,0x00000007bd98a520,0x00000007bec00000)
  to   space 20480K, 0% used [0x00000007bec00000,0x00000007bec00000,0x00000007c0000000)
 ParOldGen       total 150528K, used 121500K [0x0000000700000000, 0x0000000709300000, 0x00000007bc400000)
  object space 150528K, 80% used [0x0000000700000000,0x00000007076a70e0,0x0000000709300000)
 Metaspace       used 65692K, capacity 66080K, committed 66560K, reserved 1105920K
  class space    used 9745K, capacity 9874K, committed 9984K, reserved 1048576K
Event: 321.431 GC heap after
Heap after GC invocations=108 (full 10):
 PSYoungGen      total 40960K, used 1536K [0x00000007bc400000, 0x00000007c0000000, 0x00000007c0000000)
  eden space 20480K, 0% used [0x00000007bc400000,0x00000007bc400000,0x00000007bd800000)
  from space 20480K, 7% used [0x00000007bec00000,0x00000007bed80000,0x00000007c0000000)
  to   space 20480K, 0% used [0x00000007bd800000,0x00000007bd800000,0x00000007bec00000)
 ParOldGen       total 150528K, used 122189K [0x0000000700000000, 0x0000000709300000, 0x00000007bc400000)
  object space 150528K, 81% used [0x0000000700000000,0x0000000707753610,0x0000000709300000)
 Metaspace       used 65692K, capacity 66080K, committed 66560K, reserved 1105920K
  class space    used 9745K, capacity 9874K, committed 9984K, reserved 1048576K
}

