# JRE version: Java(TM) SE Runtime Environment (8.0_66-b18) (build 1.8.0_66-b18)
# Java VM: Java HotSpot(TM) 64-Bit Server VM (25.66-b18 mixed mode windows-amd64 compressed oops)
Heap:
 PSYoungGen      total 173056K, used 82726K [0x00000000f5580000, 0x0000000100000000, 0x0000000100000000)
  eden space 171520K, 48% used [0x00000000f5580000,0x00000000fa609890,0x00000000ffd00000)
  from space 1536K, 16% used [0x00000000ffe80000,0x00000000ffec0000,0x0000000100000000)
  to   space 1536K, 0% used [0x00000000ffd00000,0x00000000ffd00000,0x00000000ffe80000)
 ParOldGen       total 123904K, used 51138K [0x00000000e0000000, 0x00000000e7900000, 0x00000000f5580000)
  object space 123904K, 41% used [0x00000000e0000000,0x00000000e31f0b08,0x00000000e7900000)
 Metaspace       used 87416K, capacity 94738K, committed 95000K, reserved 1130496K
  class space    used 10637K, capacity 13033K, committed 13104K, reserved 1048576K
GC Heap History (10 events):
Event: 1579.215 GC heap before
{Heap before GC invocations=360 (full 28):
 PSYoungGen      total 173056K, used 171616K [0x00000000f5580000, 0x0000000100000000, 0x0000000100000000)
  eden space 171520K, 100% used [0x00000000f5580000,0x00000000ffd00000,0x00000000ffd00000)
  from space 1536K, 6% used [0x00000000ffd00000,0x00000000ffd18000,0x00000000ffe80000)
  to   space 1536K, 0% used [0x00000000ffe80000,0x00000000ffe80000,0x0000000100000000)
 ParOldGen       total 123904K, used 51130K [0x00000000e0000000, 0x00000000e7900000, 0x00000000f5580000)
  object space 123904K, 41% used [0x00000000e0000000,0x00000000e31eeb08,0x00000000e7900000)
 Metaspace       used 86202K, capacity 93436K, committed 93720K, reserved 1130496K
  class space    used 10498K, capacity 12800K, committed 12848K, reserved 1048576K
Event: 1579.218 GC heap after
Heap after GC invocations=360 (full 28):
 PSYoungGen      total 173056K, used 96K [0x00000000f5580000, 0x0000000100000000, 0x0000000100000000)
  eden space 171520K, 0% used [0x00000000f5580000,0x00000000f5580000,0x00000000ffd00000)
  from space 1536K, 6% used [0x00000000ffe80000,0x00000000ffe98000,0x0000000100000000)
  to   space 1536K, 0% used [0x00000000ffd00000,0x00000000ffd00000,0x00000000ffe80000)
 ParOldGen       total 123904K, used 51130K [0x00000000e0000000, 0x00000000e7900000, 0x00000000f5580000)
  object space 123904K, 41% used [0x00000000e0000000,0x00000000e31eeb08,0x00000000e7900000)
 Metaspace       used 86202K, capacity 93436K, committed 93720K, reserved 1130496K
  class space    used 10498K, capacity 12800K, committed 12848K, reserved 1048576K
}
Event: 1584.906 GC heap before
{Heap before GC invocations=361 (full 28):
 PSYoungGen      total 173056K, used 171616K [0x00000000f5580000, 0x0000000100000000, 0x0000000100000000)
  eden space 171520K, 100% used [0x00000000f5580000,0x00000000ffd00000,0x00000000ffd00000)
  from space 1536K, 6% used [0x00000000ffe80000,0x00000000ffe98000,0x0000000100000000)
  to   space 1536K, 0% used [0x00000000ffd00000,0x00000000ffd00000,0x00000000ffe80000)
 ParOldGen       total 123904K, used 51130K [0x00000000e0000000, 0x00000000e7900000, 0x00000000f5580000)
  object space 123904K, 41% used [0x00000000e0000000,0x00000000e31eeb08,0x00000000e7900000)
 Metaspace       used 86203K, capacity 93436K, committed 93720K, reserved 1130496K
  class space    used 10499K, capacity 12800K, committed 12848K, reserved 1048576K
Event: 1584.909 GC heap after
Heap after GC invocations=361 (full 28):
 PSYoungGen      total 173056K, used 192K [0x00000000f5580000, 0x0000000100000000, 0x0000000100000000)
  eden space 171520K, 0% used [0x00000000f5580000,0x00000000f5580000,0x00000000ffd00000)
  from space 1536K, 12% used [0x00000000ffd00000,0x00000000ffd30000,0x00000000ffe80000)
  to   space 1536K, 0% used [0x00000000ffe80000,0x00000000ffe80000,0x0000000100000000)
 ParOldGen       total 123904K, used 51130K [0x00000000e0000000, 0x00000000e7900000, 0x00000000f5580000)
  object space 123904K, 41% used [0x00000000e0000000,0x00000000e31eeb08,0x00000000e7900000)
 Metaspace       used 86203K, capacity 93436K, committed 93720K, reserved 1130496K
  class space    used 10499K, capacity 12800K, committed 12848K, reserved 1048576K
}
Event: 1590.623 GC heap before
{Heap before GC invocations=362 (full 28):
 PSYoungGen      total 173056K, used 171712K [0x00000000f5580000, 0x0000000100000000, 0x0000000100000000)
  eden space 171520K, 100% used [0x00000000f5580000,0x00000000ffd00000,0x00000000ffd00000)
  from space 1536K, 12% used [0x00000000ffd00000,0x00000000ffd30000,0x00000000ffe80000)
  to   space 1536K, 0% used [0x00000000ffe80000,0x00000000ffe80000,0x0000000100000000)
 ParOldGen       total 123904K, used 51130K [0x00000000e0000000, 0x00000000e7900000, 0x00000000f5580000)
  object space 123904K, 41% used [0x00000000e0000000,0x00000000e31eeb08,0x00000000e7900000)
 Metaspace       used 86377K, capacity 93584K, committed 93720K, reserved 1130496K
  class space    used 10521K, capacity 12804K, committed 12848K, reserved 1048576K
Event: 1590.626 GC heap after
Heap after GC invocations=362 (full 28):
 PSYoungGen      total 173056K, used 492K [0x00000000f5580000, 0x0000000100000000, 0x0000000100000000)
  eden space 171520K, 0% used [0x00000000f5580000,0x00000000f5580000,0x00000000ffd00000)
  from space 1536K, 32% used [0x00000000ffe80000,0x00000000ffefb140,0x0000000100000000)
  to   space 1536K, 0% used [0x00000000ffd00000,0x00000000ffd00000,0x00000000ffe80000)
 ParOldGen       total 123904K, used 51138K [0x00000000e0000000, 0x00000000e7900000, 0x00000000f5580000)
  object space 123904K, 41% used [0x00000000e0000000,0x00000000e31f0b08,0x00000000e7900000)
 Metaspace       used 86377K, capacity 93584K, committed 93720K, reserved 1130496K
  class space    used 10521K, capacity 12804K, committed 12848K, reserved 1048576K
}
Event: 1596.281 GC heap before
{Heap before GC invocations=363 (full 28):
 PSYoungGen      total 173056K, used 172012K [0x00000000f5580000, 0x0000000100000000, 0x0000000100000000)
  eden space 171520K, 100% used [0x00000000f5580000,0x00000000ffd00000,0x00000000ffd00000)
  from space 1536K, 32% used [0x00000000ffe80000,0x00000000ffefb140,0x0000000100000000)
  to   space 1536K, 0% used [0x00000000ffd00000,0x00000000ffd00000,0x00000000ffe80000)
 ParOldGen       total 123904K, used 51138K [0x00000000e0000000, 0x00000000e7900000, 0x00000000f5580000)
  object space 123904K, 41% used [0x00000000e0000000,0x00000000e31f0b08,0x00000000e7900000)
 Metaspace       used 86389K, capacity 93712K, committed 93976K, reserved 1130496K
  class space    used 10521K, capacity 12804K, committed 12848K, reserved 1048576K
Event: 1596.284 GC heap after
Heap after GC invocations=363 (full 28):
 PSYoungGen      total 173056K, used 224K [0x00000000f5580000, 0x0000000100000000, 0x0000000100000000)
  eden space 171520K, 0% used [0x00000000f5580000,0x00000000f5580000,0x00000000ffd00000)
  from space 1536K, 14% used [0x00000000ffd00000,0x00000000ffd38000,0x00000000ffe80000)
  to   space 1536K, 0% used [0x00000000ffe80000,0x00000000ffe80000,0x0000000100000000)
 ParOldGen       total 123904K, used 51138K [0x00000000e0000000, 0x00000000e7900000, 0x00000000f5580000)
  object space 123904K, 41% used [0x00000000e0000000,0x00000000e31f0b08,0x00000000e7900000)
 Metaspace       used 86389K, capacity 93712K, committed 93976K, reserved 1130496K
  class space    used 10521K, capacity 12804K, committed 12848K, reserved 1048576K
}
Event: 1601.965 GC heap before
{Heap before GC invocations=364 (full 28):
 PSYoungGen      total 173056K, used 171744K [0x00000000f5580000, 0x0000000100000000, 0x0000000100000000)
  eden space 171520K, 100% used [0x00000000f5580000,0x00000000ffd00000,0x00000000ffd00000)
  from space 1536K, 14% used [0x00000000ffd00000,0x00000000ffd38000,0x00000000ffe80000)
  to   space 1536K, 0% used [0x00000000ffe80000,0x00000000ffe80000,0x0000000100000000)
 ParOldGen       total 123904K, used 51138K [0x00000000e0000000, 0x00000000e7900000, 0x00000000f5580000)
  object space 123904K, 41% used [0x00000000e0000000,0x00000000e31f0b08,0x00000000e7900000)
 Metaspace       used 86403K, capacity 93712K, committed 93976K, reserved 1130496K
  class space    used 10522K, capacity 12804K, committed 12848K, reserved 1048576K
Event: 1601.968 GC heap after
Heap after GC invocations=364 (full 28):
 PSYoungGen      total 173056K, used 256K [0x00000000f5580000, 0x0000000100000000, 0x0000000100000000)
  eden space 171520K, 0% used [0x00000000f5580000,0x00000000f5580000,0x00000000ffd00000)
  from space 1536K, 16% used [0x00000000ffe80000,0x00000000ffec0000,0x0000000100000000)
  to   space 1536K, 0% used [0x00000000ffd00000,0x00000000ffd00000,0x00000000ffe80000)
 ParOldGen       total 123904K, used 51138K [0x00000000e0000000, 0x00000000e7900000, 0x00000000f5580000)
  object space 123904K, 41% used [0x00000000e0000000,0x00000000e31f0b08,0x00000000e7900000)
 Metaspace       used 86403K, capacity 93712K, committed 93976K, reserved 1130496K
  class space    used 10522K, capacity 12804K, committed 12848K, reserved 1048576K
}

