# JRE version: Java(TM) SE Runtime Environment (8.0_66-b18) (build 1.8.0_66-b18)
# Java VM: Java HotSpot(TM) 64-Bit Server VM (25.66-b18 mixed mode windows-amd64 compressed oops)
Heap:
 PSYoungGen      total 29184K, used 20125K [0x00000000f5580000, 0x00000000f7380000, 0x0000000100000000)
  eden space 28672K, 68% used [0x00000000f5580000,0x00000000f68ab720,0x00000000f7180000)
  from space 512K, 96% used [0x00000000f7280000,0x00000000f72fc010,0x00000000f7300000)
  to   space 1024K, 0% used [0x00000000f7180000,0x00000000f7180000,0x00000000f7280000)
 ParOldGen       total 121344K, used 72941K [0x00000000e0000000, 0x00000000e7680000, 0x00000000f5580000)
  object space 121344K, 60% used [0x00000000e0000000,0x00000000e473b598,0x00000000e7680000)
 Metaspace       used 94870K, capacity 102158K, committed 102232K, reserved 1138688K
  class space    used 11168K, capacity 13673K, committed 13696K, reserved 1048576K
GC Heap History (10 events):
Event: 10740.987 GC heap before
{Heap before GC invocations=8408 (full 32):
 PSYoungGen      total 29184K, used 28848K [0x00000000f5580000, 0x00000000f7300000, 0x0000000100000000)
  eden space 28672K, 100% used [0x00000000f5580000,0x00000000f7180000,0x00000000f7180000)
  from space 512K, 34% used [0x00000000f7200000,0x00000000f722c010,0x00000000f7280000)
  to   space 512K, 0% used [0x00000000f7280000,0x00000000f7280000,0x00000000f7300000)
 ParOldGen       total 121344K, used 71537K [0x00000000e0000000, 0x00000000e7680000, 0x00000000f5580000)
  object space 121344K, 58% used [0x00000000e0000000,0x00000000e45dc7c0,0x00000000e7680000)
 Metaspace       used 94070K, capacity 101422K, committed 101592K, reserved 1136640K
  class space    used 11071K, capacity 13477K, committed 13568K, reserved 1048576K
Event: 10740.989 GC heap after
Heap after GC invocations=8408 (full 32):
 PSYoungGen      total 29184K, used 176K [0x00000000f5580000, 0x00000000f7300000, 0x0000000100000000)
  eden space 28672K, 0% used [0x00000000f5580000,0x00000000f5580000,0x00000000f7180000)
  from space 512K, 34% used [0x00000000f7280000,0x00000000f72ac010,0x00000000f7300000)
  to   space 512K, 0% used [0x00000000f7200000,0x00000000f7200000,0x00000000f7280000)
 ParOldGen       total 121344K, used 71537K [0x00000000e0000000, 0x00000000e7680000, 0x00000000f5580000)
  object space 121344K, 58% used [0x00000000e0000000,0x00000000e45dc7c0,0x00000000e7680000)
 Metaspace       used 94070K, capacity 101422K, committed 101592K, reserved 1136640K
  class space    used 11071K, capacity 13477K, committed 13568K, reserved 1048576K
}
Event: 10741.530 GC heap before
{Heap before GC invocations=8409 (full 32):
 PSYoungGen      total 29184K, used 28848K [0x00000000f5580000, 0x00000000f7300000, 0x0000000100000000)
  eden space 28672K, 100% used [0x00000000f5580000,0x00000000f7180000,0x00000000f7180000)
  from space 512K, 34% used [0x00000000f7280000,0x00000000f72ac010,0x00000000f7300000)
  to   space 512K, 0% used [0x00000000f7200000,0x00000000f7200000,0x00000000f7280000)
 ParOldGen       total 121344K, used 71537K [0x00000000e0000000, 0x00000000e7680000, 0x00000000f5580000)
  object space 121344K, 58% used [0x00000000e0000000,0x00000000e45dc7c0,0x00000000e7680000)
 Metaspace       used 94076K, capacity 101422K, committed 101592K, reserved 1136640K
  class space    used 11073K, capacity 13477K, committed 13568K, reserved 1048576K
Event: 10741.532 GC heap after
Heap after GC invocations=8409 (full 32):
 PSYoungGen      total 29184K, used 192K [0x00000000f5580000, 0x00000000f7300000, 0x0000000100000000)
  eden space 28672K, 0% used [0x00000000f5580000,0x00000000f5580000,0x00000000f7180000)
  from space 512K, 37% used [0x00000000f7200000,0x00000000f7230000,0x00000000f7280000)
  to   space 512K, 0% used [0x00000000f7280000,0x00000000f7280000,0x00000000f7300000)
 ParOldGen       total 121344K, used 71537K [0x00000000e0000000, 0x00000000e7680000, 0x00000000f5580000)
  object space 121344K, 58% used [0x00000000e0000000,0x00000000e45dc7c0,0x00000000e7680000)
 Metaspace       used 94076K, capacity 101422K, committed 101592K, reserved 1136640K
  class space    used 11073K, capacity 13477K, committed 13568K, reserved 1048576K
}
Event: 10742.163 GC heap before
{Heap before GC invocations=8410 (full 32):
 PSYoungGen      total 29184K, used 28864K [0x00000000f5580000, 0x00000000f7300000, 0x0000000100000000)
  eden space 28672K, 100% used [0x00000000f5580000,0x00000000f7180000,0x00000000f7180000)
  from space 512K, 37% used [0x00000000f7200000,0x00000000f7230000,0x00000000f7280000)
  to   space 512K, 0% used [0x00000000f7280000,0x00000000f7280000,0x00000000f7300000)
 ParOldGen       total 121344K, used 71537K [0x00000000e0000000, 0x00000000e7680000, 0x00000000f5580000)
  object space 121344K, 58% used [0x00000000e0000000,0x00000000e45dc7c0,0x00000000e7680000)
 Metaspace       used 94076K, capacity 101422K, committed 101592K, reserved 1136640K
  class space    used 11073K, capacity 13477K, committed 13568K, reserved 1048576K
Event: 10742.165 GC heap after
Heap after GC invocations=8410 (full 32):
 PSYoungGen      total 29184K, used 128K [0x00000000f5580000, 0x00000000f7300000, 0x0000000100000000)
  eden space 28672K, 0% used [0x00000000f5580000,0x00000000f5580000,0x00000000f7180000)
  from space 512K, 25% used [0x00000000f7280000,0x00000000f72a0000,0x00000000f7300000)
  to   space 512K, 0% used [0x00000000f7200000,0x00000000f7200000,0x00000000f7280000)
 ParOldGen       total 121344K, used 71553K [0x00000000e0000000, 0x00000000e7680000, 0x00000000f5580000)
  object space 121344K, 58% used [0x00000000e0000000,0x00000000e45e07c0,0x00000000e7680000)
 Metaspace       used 94076K, capacity 101422K, committed 101592K, reserved 1136640K
  class space    used 11073K, capacity 13477K, committed 13568K, reserved 1048576K
}
Event: 10742.385 GC heap before
{Heap before GC invocations=8411 (full 32):
 PSYoungGen      total 29184K, used 28800K [0x00000000f5580000, 0x00000000f7300000, 0x0000000100000000)
  eden space 28672K, 100% used [0x00000000f5580000,0x00000000f7180000,0x00000000f7180000)
  from space 512K, 25% used [0x00000000f7280000,0x00000000f72a0000,0x00000000f7300000)
  to   space 512K, 0% used [0x00000000f7200000,0x00000000f7200000,0x00000000f7280000)
 ParOldGen       total 121344K, used 71553K [0x00000000e0000000, 0x00000000e7680000, 0x00000000f5580000)
  object space 121344K, 58% used [0x00000000e0000000,0x00000000e45e07c0,0x00000000e7680000)
 Metaspace       used 94310K, capacity 101710K, committed 101976K, reserved 1138688K
  class space    used 11107K, capacity 13573K, committed 13696K, reserved 1048576K
Event: 10742.388 GC heap after
Heap after GC invocations=8411 (full 32):
 PSYoungGen      total 29184K, used 512K [0x00000000f5580000, 0x00000000f7300000, 0x0000000100000000)
  eden space 28672K, 0% used [0x00000000f5580000,0x00000000f5580000,0x00000000f7180000)
  from space 512K, 100% used [0x00000000f7200000,0x00000000f7280000,0x00000000f7280000)
  to   space 512K, 0% used [0x00000000f7280000,0x00000000f7280000,0x00000000f7300000)
 ParOldGen       total 121344K, used 71816K [0x00000000e0000000, 0x00000000e7680000, 0x00000000f5580000)
  object space 121344K, 59% used [0x00000000e0000000,0x00000000e46221b8,0x00000000e7680000)
 Metaspace       used 94310K, capacity 101710K, committed 101976K, reserved 1138688K
  class space    used 11107K, capacity 13573K, committed 13696K, reserved 1048576K
}
Event: 10742.763 GC heap before
{Heap before GC invocations=8412 (full 32):
 PSYoungGen      total 29184K, used 29184K [0x00000000f5580000, 0x00000000f7300000, 0x0000000100000000)
  eden space 28672K, 100% used [0x00000000f5580000,0x00000000f7180000,0x00000000f7180000)
  from space 512K, 100% used [0x00000000f7200000,0x00000000f7280000,0x00000000f7280000)
  to   space 512K, 0% used [0x00000000f7280000,0x00000000f7280000,0x00000000f7300000)
 ParOldGen       total 121344K, used 71816K [0x00000000e0000000, 0x00000000e7680000, 0x00000000f5580000)
  object space 121344K, 59% used [0x00000000e0000000,0x00000000e46221b8,0x00000000e7680000)
 Metaspace       used 94706K, capacity 102094K, committed 102232K, reserved 1138688K
  class space    used 11149K, capacity 13673K, committed 13696K, reserved 1048576K
Event: 10742.767 GC heap after
Heap after GC invocations=8412 (full 32):
 PSYoungGen      total 29184K, used 496K [0x00000000f5580000, 0x00000000f7380000, 0x0000000100000000)
  eden space 28672K, 0% used [0x00000000f5580000,0x00000000f5580000,0x00000000f7180000)
  from space 512K, 96% used [0x00000000f7280000,0x00000000f72fc010,0x00000000f7300000)
  to   space 1024K, 0% used [0x00000000f7180000,0x00000000f7180000,0x00000000f7280000)
 ParOldGen       total 121344K, used 72941K [0x00000000e0000000, 0x00000000e7680000, 0x00000000f5580000)
  object space 121344K, 60% used [0x00000000e0000000,0x00000000e473b598,0x00000000e7680000)
 Metaspace       used 94706K, capacity 102094K, committed 102232K, reserved 1138688K
  class space    used 11149K, capacity 13673K, committed 13696K, reserved 1048576K
}

