# JRE version: Java(TM) SE Runtime Environment (8.0_66-b18) (build 1.8.0_66-b18)
# Java VM: Java HotSpot(TM) 64-Bit Server VM (25.66-b18 mixed mode windows-amd64 compressed oops)
Heap:
 PSYoungGen      total 101376K, used 13597K [0x00000000f5580000, 0x00000000fcb80000, 0x0000000100000000)
  eden space 87040K, 8% used [0x00000000f5580000,0x00000000f5c63660,0x00000000faa80000)
  from space 14336K, 45% used [0x00000000fbd80000,0x00000000fc3e3dd8,0x00000000fcb80000)
  to   space 16896K, 0% used [0x00000000faa80000,0x00000000faa80000,0x00000000fbb00000)
 ParOldGen       total 117248K, used 67725K [0x00000000e0000000, 0x00000000e7280000, 0x00000000f5580000)
  object space 117248K, 57% used [0x00000000e0000000,0x00000000e4223450,0x00000000e7280000)
 Metaspace       used 92528K, capacity 100138K, committed 100352K, reserved 1136640K
  class space    used 11126K, capacity 13554K, committed 13568K, reserved 1048576K
GC Heap History (10 events):
Event: 341.028 GC heap before
{Heap before GC invocations=38 (full 4):
 PSYoungGen      total 113664K, used 113450K [0x00000000f5580000, 0x00000000fdb80000, 0x0000000100000000)
  eden space 101376K, 100% used [0x00000000f5580000,0x00000000fb880000,0x00000000fb880000)
  from space 12288K, 98% used [0x00000000fbb80000,0x00000000fc74ab88,0x00000000fc780000)
  to   space 17920K, 0% used [0x00000000fca00000,0x00000000fca00000,0x00000000fdb80000)
 ParOldGen       total 117248K, used 67677K [0x00000000e0000000, 0x00000000e7280000, 0x00000000f5580000)
  object space 117248K, 57% used [0x00000000e0000000,0x00000000e4217450,0x00000000e7280000)
 Metaspace       used 91230K, capacity 99056K, committed 99328K, reserved 1134592K
  class space    used 11013K, capacity 13455K, committed 13568K, reserved 1048576K
Event: 341.033 GC heap after
Heap after GC invocations=38 (full 4):
 PSYoungGen      total 112128K, used 8707K [0x00000000f5580000, 0x00000000fd780000, 0x0000000100000000)
  eden space 98304K, 0% used [0x00000000f5580000,0x00000000f5580000,0x00000000fb580000)
  from space 13824K, 62% used [0x00000000fca00000,0x00000000fd280fc8,0x00000000fd780000)
  to   space 17408K, 0% used [0x00000000fb580000,0x00000000fb580000,0x00000000fc680000)
 ParOldGen       total 117248K, used 67685K [0x00000000e0000000, 0x00000000e7280000, 0x00000000f5580000)
  object space 117248K, 57% used [0x00000000e0000000,0x00000000e4219450,0x00000000e7280000)
 Metaspace       used 91230K, capacity 99056K, committed 99328K, reserved 1134592K
  class space    used 11013K, capacity 13455K, committed 13568K, reserved 1048576K
}
Event: 344.167 GC heap before
{Heap before GC invocations=39 (full 4):
 PSYoungGen      total 112128K, used 106433K [0x00000000f5580000, 0x00000000fd780000, 0x0000000100000000)
  eden space 98304K, 99% used [0x00000000f5580000,0x00000000fb4ef5f8,0x00000000fb580000)
  from space 13824K, 62% used [0x00000000fca00000,0x00000000fd280fc8,0x00000000fd780000)
  to   space 17408K, 0% used [0x00000000fb580000,0x00000000fb580000,0x00000000fc680000)
 ParOldGen       total 117248K, used 67685K [0x00000000e0000000, 0x00000000e7280000, 0x00000000f5580000)
  object space 117248K, 57% used [0x00000000e0000000,0x00000000e4219450,0x00000000e7280000)
 Metaspace       used 91256K, capacity 99056K, committed 99328K, reserved 1134592K
  class space    used 11013K, capacity 13455K, committed 13568K, reserved 1048576K
Event: 344.171 GC heap after
Heap after GC invocations=39 (full 4):
 PSYoungGen      total 103936K, used 8437K [0x00000000f5580000, 0x00000000fd480000, 0x0000000100000000)
  eden space 95232K, 0% used [0x00000000f5580000,0x00000000f5580000,0x00000000fb280000)
  from space 8704K, 96% used [0x00000000fb580000,0x00000000fbdbd5b0,0x00000000fbe00000)
  to   space 17408K, 0% used [0x00000000fc380000,0x00000000fc380000,0x00000000fd480000)
 ParOldGen       total 117248K, used 67701K [0x00000000e0000000, 0x00000000e7280000, 0x00000000f5580000)
  object space 117248K, 57% used [0x00000000e0000000,0x00000000e421d450,0x00000000e7280000)
 Metaspace       used 91256K, capacity 99056K, committed 99328K, reserved 1134592K
  class space    used 11013K, capacity 13455K, committed 13568K, reserved 1048576K
}
Event: 345.248 GC heap before
{Heap before GC invocations=40 (full 4):
 PSYoungGen      total 103936K, used 103484K [0x00000000f5580000, 0x00000000fd480000, 0x0000000100000000)
  eden space 95232K, 99% used [0x00000000f5580000,0x00000000fb251dd0,0x00000000fb280000)
  from space 8704K, 96% used [0x00000000fb580000,0x00000000fbdbd5b0,0x00000000fbe00000)
  to   space 17408K, 0% used [0x00000000fc380000,0x00000000fc380000,0x00000000fd480000)
 ParOldGen       total 117248K, used 67701K [0x00000000e0000000, 0x00000000e7280000, 0x00000000f5580000)
  object space 117248K, 57% used [0x00000000e0000000,0x00000000e421d450,0x00000000e7280000)
 Metaspace       used 91361K, capacity 99120K, committed 99328K, reserved 1134592K
  class space    used 11016K, capacity 13455K, committed 13568K, reserved 1048576K
Event: 345.252 GC heap after
Heap after GC invocations=40 (full 4):
 PSYoungGen      total 105472K, used 11270K [0x00000000f5580000, 0x00000000fd080000, 0x0000000100000000)
  eden space 92160K, 0% used [0x00000000f5580000,0x00000000f5580000,0x00000000faf80000)
  from space 13312K, 84% used [0x00000000fc380000,0x00000000fce81890,0x00000000fd080000)
  to   space 16896K, 0% used [0x00000000faf80000,0x00000000faf80000,0x00000000fc000000)
 ParOldGen       total 117248K, used 67709K [0x00000000e0000000, 0x00000000e7280000, 0x00000000f5580000)
  object space 117248K, 57% used [0x00000000e0000000,0x00000000e421f450,0x00000000e7280000)
 Metaspace       used 91361K, capacity 99120K, committed 99328K, reserved 1134592K
  class space    used 11016K, capacity 13455K, committed 13568K, reserved 1048576K
}
Event: 374.668 GC heap before
{Heap before GC invocations=41 (full 4):
 PSYoungGen      total 105472K, used 103430K [0x00000000f5580000, 0x00000000fd080000, 0x0000000100000000)
  eden space 92160K, 100% used [0x00000000f5580000,0x00000000faf80000,0x00000000faf80000)
  from space 13312K, 84% used [0x00000000fc380000,0x00000000fce81890,0x00000000fd080000)
  to   space 16896K, 0% used [0x00000000faf80000,0x00000000faf80000,0x00000000fc000000)
 ParOldGen       total 117248K, used 67709K [0x00000000e0000000, 0x00000000e7280000, 0x00000000f5580000)
  object space 117248K, 57% used [0x00000000e0000000,0x00000000e421f450,0x00000000e7280000)
 Metaspace       used 91571K, capacity 99446K, committed 99584K, reserved 1134592K
  class space    used 11019K, capacity 13456K, committed 13568K, reserved 1048576K
Event: 374.674 GC heap after
Heap after GC invocations=41 (full 4):
 PSYoungGen      total 101888K, used 11965K [0x00000000f5580000, 0x00000000fce00000, 0x0000000100000000)
  eden space 89600K, 0% used [0x00000000f5580000,0x00000000f5580000,0x00000000fad00000)
  from space 12288K, 97% used [0x00000000faf80000,0x00000000fbb2f620,0x00000000fbb80000)
  to   space 16896K, 0% used [0x00000000fbd80000,0x00000000fbd80000,0x00000000fce00000)
 ParOldGen       total 117248K, used 67717K [0x00000000e0000000, 0x00000000e7280000, 0x00000000f5580000)
  object space 117248K, 57% used [0x00000000e0000000,0x00000000e4221450,0x00000000e7280000)
 Metaspace       used 91571K, capacity 99446K, committed 99584K, reserved 1134592K
  class space    used 11019K, capacity 13456K, committed 13568K, reserved 1048576K
}
Event: 394.945 GC heap before
{Heap before GC invocations=42 (full 4):
 PSYoungGen      total 101888K, used 101565K [0x00000000f5580000, 0x00000000fce00000, 0x0000000100000000)
  eden space 89600K, 100% used [0x00000000f5580000,0x00000000fad00000,0x00000000fad00000)
  from space 12288K, 97% used [0x00000000faf80000,0x00000000fbb2f620,0x00000000fbb80000)
  to   space 16896K, 0% used [0x00000000fbd80000,0x00000000fbd80000,0x00000000fce00000)
 ParOldGen       total 117248K, used 67717K [0x00000000e0000000, 0x00000000e7280000, 0x00000000f5580000)
  object space 117248K, 57% used [0x00000000e0000000,0x00000000e4221450,0x00000000e7280000)
 Metaspace       used 92269K, capacity 99946K, committed 100096K, reserved 1136640K
  class space    used 11097K, capacity 13554K, committed 13568K, reserved 1048576K
Event: 394.951 GC heap after
Heap after GC invocations=42 (full 4):
 PSYoungGen      total 101376K, used 6543K [0x00000000f5580000, 0x00000000fcb80000, 0x0000000100000000)
  eden space 87040K, 0% used [0x00000000f5580000,0x00000000f5580000,0x00000000faa80000)
  from space 14336K, 45% used [0x00000000fbd80000,0x00000000fc3e3dd8,0x00000000fcb80000)
  to   space 16896K, 0% used [0x00000000faa80000,0x00000000faa80000,0x00000000fbb00000)
 ParOldGen       total 117248K, used 67725K [0x00000000e0000000, 0x00000000e7280000, 0x00000000f5580000)
  object space 117248K, 57% used [0x00000000e0000000,0x00000000e4223450,0x00000000e7280000)
 Metaspace       used 92269K, capacity 99946K, committed 100096K, reserved 1136640K
  class space    used 11097K, capacity 13554K, committed 13568K, reserved 1048576K
}

