# JRE version: Java(TM) SE Runtime Environment (8.0_66-b18) (build 1.8.0_66-b18)
# Java VM: Java HotSpot(TM) 64-Bit Server VM (25.66-b18 mixed mode windows-amd64 compressed oops)
Heap:
 PSYoungGen      total 46592K, used 3806K [0x00000007bc400000, 0x00000007c0000000, 0x00000007c0000000)
  eden space 30720K, 6% used [0x00000007bc400000,0x00000007bc5f64b8,0x00000007be200000)
  from space 15872K, 11% used [0x00000007bf080000,0x00000007bf241480,0x00000007c0000000)
  to   space 14848K, 0% used [0x00000007be200000,0x00000007be200000,0x00000007bf080000)
 ParOldGen       total 113664K, used 61062K [0x0000000700000000, 0x0000000706f00000, 0x00000007bc400000)
  object space 113664K, 53% used [0x0000000700000000,0x0000000703ba1988,0x0000000706f00000)
 Metaspace       used 63588K, capacity 63962K, committed 64472K, reserved 1103872K
  class space    used 9096K, capacity 9187K, committed 9216K, reserved 1048576K
GC Heap History (10 events):
Event: 867.615 GC heap before
{Heap before GC invocations=62 (full 12):
 PSYoungGen      total 40960K, used 21768K [0x00000007bc400000, 0x00000007c0000000, 0x00000007c0000000)
  eden space 20480K, 100% used [0x00000007bc400000,0x00000007bd800000,0x00000007bd800000)
  from space 20480K, 6% used [0x00000007bd800000,0x00000007bd942120,0x00000007bec00000)
  to   space 19968K, 0% used [0x00000007bec80000,0x00000007bec80000,0x00000007c0000000)
 ParOldGen       total 113664K, used 60785K [0x0000000700000000, 0x0000000706f00000, 0x00000007bc400000)
  object space 113664K, 53% used [0x0000000700000000,0x0000000703b5c658,0x0000000706f00000)
 Metaspace       used 63527K, capacity 63898K, committed 64472K, reserved 1103872K
  class space    used 9096K, capacity 9187K, committed 9216K, reserved 1048576K
Event: 868.291 GC heap after
Heap after GC invocations=62 (full 12):
 PSYoungGen      total 42496K, used 1288K [0x00000007bc400000, 0x00000007c0000000, 0x00000007c0000000)
  eden space 22528K, 0% used [0x00000007bc400000,0x00000007bc400000,0x00000007bda00000)
  from space 19968K, 6% used [0x00000007bec80000,0x00000007bedc2120,0x00000007c0000000)
  to   space 18944K, 0% used [0x00000007bda00000,0x00000007bda00000,0x00000007bec80000)
 ParOldGen       total 113664K, used 60785K [0x0000000700000000, 0x0000000706f00000, 0x00000007bc400000)
  object space 113664K, 53% used [0x0000000700000000,0x0000000703b5c658,0x0000000706f00000)
 Metaspace       used 63527K, capacity 63898K, committed 64472K, reserved 1103872K
  class space    used 9096K, capacity 9187K, committed 9216K, reserved 1048576K
}
Event: 941.010 GC heap before
{Heap before GC invocations=63 (full 12):
 PSYoungGen      total 42496K, used 23816K [0x00000007bc400000, 0x00000007c0000000, 0x00000007c0000000)
  eden space 22528K, 100% used [0x00000007bc400000,0x00000007bda00000,0x00000007bda00000)
  from space 19968K, 6% used [0x00000007bec80000,0x00000007bedc2120,0x00000007c0000000)
  to   space 18944K, 0% used [0x00000007bda00000,0x00000007bda00000,0x00000007bec80000)
 ParOldGen       total 113664K, used 60785K [0x0000000700000000, 0x0000000706f00000, 0x00000007bc400000)
  object space 113664K, 53% used [0x0000000700000000,0x0000000703b5c658,0x0000000706f00000)
 Metaspace       used 63559K, capacity 63962K, committed 64472K, reserved 1103872K
  class space    used 9096K, capacity 9187K, committed 9216K, reserved 1048576K
Event: 941.928 GC heap after
Heap after GC invocations=63 (full 12):
 PSYoungGen      total 41472K, used 900K [0x00000007bc400000, 0x00000007c0000000, 0x00000007c0000000)
  eden space 22528K, 0% used [0x00000007bc400000,0x00000007bc400000,0x00000007bda00000)
  from space 18944K, 4% used [0x00000007bda00000,0x00000007bdae1090,0x00000007bec80000)
  to   space 17920K, 0% used [0x00000007bee80000,0x00000007bee80000,0x00000007c0000000)
 ParOldGen       total 113664K, used 60793K [0x0000000700000000, 0x0000000706f00000, 0x00000007bc400000)
  object space 113664K, 53% used [0x0000000700000000,0x0000000703b5e658,0x0000000706f00000)
 Metaspace       used 63559K, capacity 63962K, committed 64472K, reserved 1103872K
  class space    used 9096K, capacity 9187K, committed 9216K, reserved 1048576K
}
Event: 1013.182 GC heap before
{Heap before GC invocations=64 (full 12):
 PSYoungGen      total 41472K, used 23428K [0x00000007bc400000, 0x00000007c0000000, 0x00000007c0000000)
  eden space 22528K, 100% used [0x00000007bc400000,0x00000007bda00000,0x00000007bda00000)
  from space 18944K, 4% used [0x00000007bda00000,0x00000007bdae1090,0x00000007bec80000)
  to   space 17920K, 0% used [0x00000007bee80000,0x00000007bee80000,0x00000007c0000000)
 ParOldGen       total 113664K, used 60793K [0x0000000700000000, 0x0000000706f00000, 0x00000007bc400000)
  object space 113664K, 53% used [0x0000000700000000,0x0000000703b5e658,0x0000000706f00000)
 Metaspace       used 63564K, capacity 63962K, committed 64472K, reserved 1103872K
  class space    used 9096K, capacity 9187K, committed 9216K, reserved 1048576K
Event: 1013.267 GC heap after
Heap after GC invocations=64 (full 12):
 PSYoungGen      total 44544K, used 480K [0x00000007bc400000, 0x00000007c0000000, 0x00000007c0000000)
  eden space 26624K, 0% used [0x00000007bc400000,0x00000007bc400000,0x00000007bde00000)
  from space 17920K, 2% used [0x00000007bee80000,0x00000007beef8000,0x00000007c0000000)
  to   space 16896K, 0% used [0x00000007bde00000,0x00000007bde00000,0x00000007bee80000)
 ParOldGen       total 113664K, used 61062K [0x0000000700000000, 0x0000000706f00000, 0x00000007bc400000)
  object space 113664K, 53% used [0x0000000700000000,0x0000000703ba1988,0x0000000706f00000)
 Metaspace       used 63564K, capacity 63962K, committed 64472K, reserved 1103872K
  class space    used 9096K, capacity 9187K, committed 9216K, reserved 1048576K
}
Event: 1095.137 GC heap before
{Heap before GC invocations=65 (full 12):
 PSYoungGen      total 44544K, used 27104K [0x00000007bc400000, 0x00000007c0000000, 0x00000007c0000000)
  eden space 26624K, 100% used [0x00000007bc400000,0x00000007bde00000,0x00000007bde00000)
  from space 17920K, 2% used [0x00000007bee80000,0x00000007beef8000,0x00000007c0000000)
  to   space 16896K, 0% used [0x00000007bde00000,0x00000007bde00000,0x00000007bee80000)
 ParOldGen       total 113664K, used 61062K [0x0000000700000000, 0x0000000706f00000, 0x00000007bc400000)
  object space 113664K, 53% used [0x0000000700000000,0x0000000703ba1988,0x0000000706f00000)
 Metaspace       used 63569K, capacity 63962K, committed 64472K, reserved 1103872K
  class space    used 9096K, capacity 9187K, committed 9216K, reserved 1048576K
Event: 1095.492 GC heap after
Heap after GC invocations=65 (full 12):
 PSYoungGen      total 43520K, used 480K [0x00000007bc400000, 0x00000007c0000000, 0x00000007c0000000)
  eden space 26624K, 0% used [0x00000007bc400000,0x00000007bc400000,0x00000007bde00000)
  from space 16896K, 2% used [0x00000007bde00000,0x00000007bde78000,0x00000007bee80000)
  to   space 15872K, 0% used [0x00000007bf080000,0x00000007bf080000,0x00000007c0000000)
 ParOldGen       total 113664K, used 61062K [0x0000000700000000, 0x0000000706f00000, 0x00000007bc400000)
  object space 113664K, 53% used [0x0000000700000000,0x0000000703ba1988,0x0000000706f00000)
 Metaspace       used 63569K, capacity 63962K, committed 64472K, reserved 1103872K
  class space    used 9096K, capacity 9187K, committed 9216K, reserved 1048576K
}
Event: 1164.617 GC heap before
{Heap before GC invocations=66 (full 12):
 PSYoungGen      total 43520K, used 27104K [0x00000007bc400000, 0x00000007c0000000, 0x00000007c0000000)
  eden space 26624K, 100% used [0x00000007bc400000,0x00000007bde00000,0x00000007bde00000)
  from space 16896K, 2% used [0x00000007bde00000,0x00000007bde78000,0x00000007bee80000)
  to   space 15872K, 0% used [0x00000007bf080000,0x00000007bf080000,0x00000007c0000000)
 ParOldGen       total 113664K, used 61062K [0x0000000700000000, 0x0000000706f00000, 0x00000007bc400000)
  object space 113664K, 53% used [0x0000000700000000,0x0000000703ba1988,0x0000000706f00000)
 Metaspace       used 63587K, capacity 63962K, committed 64472K, reserved 1103872K
  class space    used 9096K, capacity 9187K, committed 9216K, reserved 1048576K
Event: 1165.831 GC heap after
Heap after GC invocations=66 (full 12):
 PSYoungGen      total 46592K, used 1797K [0x00000007bc400000, 0x00000007c0000000, 0x00000007c0000000)
  eden space 30720K, 0% used [0x00000007bc400000,0x00000007bc400000,0x00000007be200000)
  from space 15872K, 11% used [0x00000007bf080000,0x00000007bf241480,0x00000007c0000000)
  to   space 14848K, 0% used [0x00000007be200000,0x00000007be200000,0x00000007bf080000)
 ParOldGen       total 113664K, used 61062K [0x0000000700000000, 0x0000000706f00000, 0x00000007bc400000)
  object space 113664K, 53% used [0x0000000700000000,0x0000000703ba1988,0x0000000706f00000)
 Metaspace       used 63587K, capacity 63962K, committed 64472K, reserved 1103872K
  class space    used 9096K, capacity 9187K, committed 9216K, reserved 1048576K
}

