# JRE version: Java(TM) SE Runtime Environment (8.0_66-b18) (build 1.8.0_66-b18)
# Java VM: Java HotSpot(TM) 64-Bit Server VM (25.66-b18 mixed mode windows-amd64 compressed oops)
Heap:
 PSYoungGen      total 103424K, used 60990K [0x00000000f5580000, 0x00000000fd900000, 0x0000000100000000)
  eden space 79872K, 68% used [0x00000000f5580000,0x00000000f8b30b18,0x00000000fa380000)
  from space 23552K, 25% used [0x00000000fa380000,0x00000000fa95ef60,0x00000000fba80000)
  to   space 23552K, 0% used [0x00000000fc200000,0x00000000fc200000,0x00000000fd900000)
 ParOldGen       total 115200K, used 48975K [0x00000000e0000000, 0x00000000e7080000, 0x00000000f5580000)
  object space 115200K, 42% used [0x00000000e0000000,0x00000000e2fd3cd0,0x00000000e7080000)
 Metaspace       used 83912K, capacity 91104K, committed 91304K, reserved 1128448K
  class space    used 10152K, capacity 12449K, committed 12464K, reserved 1048576K
GC Heap History (10 events):
Event: 19.846 GC heap before
{Heap before GC invocations=13 (full 3):
 PSYoungGen      total 81920K, used 62976K [0x00000000f5580000, 0x00000000fc680000, 0x0000000100000000)
  eden space 62976K, 100% used [0x00000000f5580000,0x00000000f9300000,0x00000000f9300000)
  from space 18944K, 0% used [0x00000000f9300000,0x00000000f9300000,0x00000000fa580000)
  to   space 21504K, 0% used [0x00000000fb180000,0x00000000fb180000,0x00000000fc680000)
 ParOldGen       total 115200K, used 42393K [0x00000000e0000000, 0x00000000e7080000, 0x00000000f5580000)
  object space 115200K, 36% used [0x00000000e0000000,0x00000000e29665f0,0x00000000e7080000)
 Metaspace       used 67106K, capacity 72660K, committed 72744K, reserved 1112064K
  class space    used 8083K, capacity 9700K, committed 9776K, reserved 1048576K
Event: 19.870 GC heap after
Heap after GC invocations=13 (full 3):
 PSYoungGen      total 93184K, used 16695K [0x00000000f5580000, 0x00000000fc800000, 0x0000000100000000)
  eden space 71680K, 0% used [0x00000000f5580000,0x00000000f5580000,0x00000000f9b80000)
  from space 21504K, 77% used [0x00000000fb180000,0x00000000fc1cddd8,0x00000000fc680000)
  to   space 22528K, 0% used [0x00000000f9b80000,0x00000000f9b80000,0x00000000fb180000)
 ParOldGen       total 115200K, used 42401K [0x00000000e0000000, 0x00000000e7080000, 0x00000000f5580000)
  object space 115200K, 36% used [0x00000000e0000000,0x00000000e29685f0,0x00000000e7080000)
 Metaspace       used 67106K, capacity 72660K, committed 72744K, reserved 1112064K
  class space    used 8083K, capacity 9700K, committed 9776K, reserved 1048576K
}
Event: 105.960 GC heap before
{Heap before GC invocations=14 (full 3):
 PSYoungGen      total 93184K, used 88375K [0x00000000f5580000, 0x00000000fc800000, 0x0000000100000000)
  eden space 71680K, 100% used [0x00000000f5580000,0x00000000f9b80000,0x00000000f9b80000)
  from space 21504K, 77% used [0x00000000fb180000,0x00000000fc1cddd8,0x00000000fc680000)
  to   space 22528K, 0% used [0x00000000f9b80000,0x00000000f9b80000,0x00000000fb180000)
 ParOldGen       total 115200K, used 42401K [0x00000000e0000000, 0x00000000e7080000, 0x00000000f5580000)
  object space 115200K, 36% used [0x00000000e0000000,0x00000000e29685f0,0x00000000e7080000)
 Metaspace       used 76517K, capacity 82686K, committed 82984K, reserved 1120256K
  class space    used 9310K, capacity 11255K, committed 11312K, reserved 1048576K
Event: 106.054 GC heap after
Heap after GC invocations=14 (full 3):
 PSYoungGen      total 94208K, used 18372K [0x00000000f5580000, 0x00000000fd280000, 0x0000000100000000)
  eden space 71680K, 0% used [0x00000000f5580000,0x00000000f5580000,0x00000000f9b80000)
  from space 22528K, 81% used [0x00000000f9b80000,0x00000000fad71220,0x00000000fb180000)
  to   space 24064K, 0% used [0x00000000fbb00000,0x00000000fbb00000,0x00000000fd280000)
 ParOldGen       total 115200K, used 42409K [0x00000000e0000000, 0x00000000e7080000, 0x00000000f5580000)
  object space 115200K, 36% used [0x00000000e0000000,0x00000000e296a5f0,0x00000000e7080000)
 Metaspace       used 76517K, capacity 82686K, committed 82984K, reserved 1120256K
  class space    used 9310K, capacity 11255K, committed 11312K, reserved 1048576K
}
Event: 114.140 GC heap before
{Heap before GC invocations=15 (full 3):
 PSYoungGen      total 94208K, used 40978K [0x00000000f5580000, 0x00000000fd280000, 0x0000000100000000)
  eden space 71680K, 31% used [0x00000000f5580000,0x00000000f6b93720,0x00000000f9b80000)
  from space 22528K, 81% used [0x00000000f9b80000,0x00000000fad71220,0x00000000fb180000)
  to   space 24064K, 0% used [0x00000000fbb00000,0x00000000fbb00000,0x00000000fd280000)
 ParOldGen       total 115200K, used 42409K [0x00000000e0000000, 0x00000000e7080000, 0x00000000f5580000)
  object space 115200K, 36% used [0x00000000e0000000,0x00000000e296a5f0,0x00000000e7080000)
 Metaspace       used 78020K, capacity 84540K, committed 84904K, reserved 1122304K
  class space    used 9508K, capacity 11570K, committed 11696K, reserved 1048576K
Event: 114.161 GC heap after
Heap after GC invocations=15 (full 3):
 PSYoungGen      total 102912K, used 13213K [0x00000000f5580000, 0x00000000fd180000, 0x0000000100000000)
  eden space 79872K, 0% used [0x00000000f5580000,0x00000000f5580000,0x00000000fa380000)
  from space 23040K, 57% used [0x00000000fbb00000,0x00000000fc7e7418,0x00000000fd180000)
  to   space 23552K, 0% used [0x00000000fa380000,0x00000000fa380000,0x00000000fba80000)
 ParOldGen       total 115200K, used 42417K [0x00000000e0000000, 0x00000000e7080000, 0x00000000f5580000)
  object space 115200K, 36% used [0x00000000e0000000,0x00000000e296c5f0,0x00000000e7080000)
 Metaspace       used 78020K, capacity 84540K, committed 84904K, reserved 1122304K
  class space    used 9508K, capacity 11570K, committed 11696K, reserved 1048576K
}
Event: 114.161 GC heap before
{Heap before GC invocations=16 (full 4):
 PSYoungGen      total 102912K, used 13213K [0x00000000f5580000, 0x00000000fd180000, 0x0000000100000000)
  eden space 79872K, 0% used [0x00000000f5580000,0x00000000f5580000,0x00000000fa380000)
  from space 23040K, 57% used [0x00000000fbb00000,0x00000000fc7e7418,0x00000000fd180000)
  to   space 23552K, 0% used [0x00000000fa380000,0x00000000fa380000,0x00000000fba80000)
 ParOldGen       total 115200K, used 42417K [0x00000000e0000000, 0x00000000e7080000, 0x00000000f5580000)
  object space 115200K, 36% used [0x00000000e0000000,0x00000000e296c5f0,0x00000000e7080000)
 Metaspace       used 78020K, capacity 84540K, committed 84904K, reserved 1122304K
  class space    used 9508K, capacity 11570K, committed 11696K, reserved 1048576K
Event: 114.719 GC heap after
Heap after GC invocations=16 (full 4):
 PSYoungGen      total 102912K, used 0K [0x00000000f5580000, 0x00000000fd180000, 0x0000000100000000)
  eden space 79872K, 0% used [0x00000000f5580000,0x00000000f5580000,0x00000000fa380000)
  from space 23040K, 0% used [0x00000000fbb00000,0x00000000fbb00000,0x00000000fd180000)
  to   space 23552K, 0% used [0x00000000fa380000,0x00000000fa380000,0x00000000fba80000)
 ParOldGen       total 115200K, used 48967K [0x00000000e0000000, 0x00000000e7080000, 0x00000000f5580000)
  object space 115200K, 42% used [0x00000000e0000000,0x00000000e2fd1cd0,0x00000000e7080000)
 Metaspace       used 78020K, capacity 84540K, committed 84904K, reserved 1122304K
  class space    used 9508K, capacity 11570K, committed 11696K, reserved 1048576K
}
Event: 171.740 GC heap before
{Heap before GC invocations=17 (full 4):
 PSYoungGen      total 102912K, used 79872K [0x00000000f5580000, 0x00000000fd180000, 0x0000000100000000)
  eden space 79872K, 100% used [0x00000000f5580000,0x00000000fa380000,0x00000000fa380000)
  from space 23040K, 0% used [0x00000000fbb00000,0x00000000fbb00000,0x00000000fd180000)
  to   space 23552K, 0% used [0x00000000fa380000,0x00000000fa380000,0x00000000fba80000)
 ParOldGen       total 115200K, used 48967K [0x00000000e0000000, 0x00000000e7080000, 0x00000000f5580000)
  object space 115200K, 42% used [0x00000000e0000000,0x00000000e2fd1cd0,0x00000000e7080000)
 Metaspace       used 82164K, capacity 89282K, committed 89384K, reserved 1126400K
  class space    used 9990K, capacity 12251K, committed 12336K, reserved 1048576K
Event: 171.751 GC heap after
Heap after GC invocations=17 (full 4):
 PSYoungGen      total 103424K, used 6011K [0x00000000f5580000, 0x00000000fd900000, 0x0000000100000000)
  eden space 79872K, 0% used [0x00000000f5580000,0x00000000f5580000,0x00000000fa380000)
  from space 23552K, 25% used [0x00000000fa380000,0x00000000fa95ef60,0x00000000fba80000)
  to   space 23552K, 0% used [0x00000000fc200000,0x00000000fc200000,0x00000000fd900000)
 ParOldGen       total 115200K, used 48975K [0x00000000e0000000, 0x00000000e7080000, 0x00000000f5580000)
  object space 115200K, 42% used [0x00000000e0000000,0x00000000e2fd3cd0,0x00000000e7080000)
 Metaspace       used 82164K, capacity 89282K, committed 89384K, reserved 1126400K
  class space    used 9990K, capacity 12251K, committed 12336K, reserved 1048576K
}

