# JRE version: Java(TM) SE Runtime Environment (8.0_66-b18) (build 1.8.0_66-b18)
# Java VM: Java HotSpot(TM) 64-Bit Server VM (25.66-b18 mixed mode windows-amd64 compressed oops)
Heap:
 PSYoungGen      total 74240K, used 38732K [0x00000000f5580000, 0x00000000f9f00000, 0x0000000100000000)
  eden space 73216K, 52% used [0x00000000f5580000,0x00000000f7b53110,0x00000000f9d00000)
  from space 1024K, 0% used [0x00000000f9e00000,0x00000000f9e00000,0x00000000f9f00000)
  to   space 1024K, 0% used [0x00000000f9d00000,0x00000000f9d00000,0x00000000f9e00000)
 ParOldGen       total 110592K, used 37095K [0x00000000e0000000, 0x00000000e6c00000, 0x00000000f5580000)
  object space 110592K, 33% used [0x00000000e0000000,0x00000000e2439e40,0x00000000e6c00000)
 Metaspace       used 86174K, capacity 93498K, committed 93784K, reserved 1130496K
  class space    used 10151K, capacity 12539K, committed 12672K, reserved 1048576K
GC Heap History (10 events):
Event: 44854.181 GC heap before
{Heap before GC invocations=479 (full 233):
 PSYoungGen      total 73728K, used 192K [0x00000000f5580000, 0x00000000f9e80000, 0x0000000100000000)
  eden space 73216K, 0% used [0x00000000f5580000,0x00000000f5580000,0x00000000f9d00000)
  from space 512K, 37% used [0x00000000f9e00000,0x00000000f9e30000,0x00000000f9e80000)
  to   space 512K, 0% used [0x00000000f9d80000,0x00000000f9d80000,0x00000000f9e00000)
 ParOldGen       total 110592K, used 36999K [0x00000000e0000000, 0x00000000e6c00000, 0x00000000f5580000)
  object space 110592K, 33% used [0x00000000e0000000,0x00000000e2421f90,0x00000000e6c00000)
 Metaspace       used 85205K, capacity 92726K, committed 93144K, reserved 1130496K
  class space    used 10036K, capacity 12411K, committed 12544K, reserved 1048576K
Event: 44854.337 GC heap after
Heap after GC invocations=479 (full 233):
 PSYoungGen      total 73728K, used 0K [0x00000000f5580000, 0x00000000f9e80000, 0x0000000100000000)
  eden space 73216K, 0% used [0x00000000f5580000,0x00000000f5580000,0x00000000f9d00000)
  from space 512K, 0% used [0x00000000f9e00000,0x00000000f9e00000,0x00000000f9e80000)
  to   space 512K, 0% used [0x00000000f9d80000,0x00000000f9d80000,0x00000000f9e00000)
 ParOldGen       total 110592K, used 37000K [0x00000000e0000000, 0x00000000e6c00000, 0x00000000f5580000)
  object space 110592K, 33% used [0x00000000e0000000,0x00000000e2422340,0x00000000e6c00000)
 Metaspace       used 85205K, capacity 92726K, committed 93144K, reserved 1130496K
  class space    used 10036K, capacity 12411K, committed 12544K, reserved 1048576K
}
Event: 44914.189 GC heap before
{Heap before GC invocations=480 (full 233):
 PSYoungGen      total 73728K, used 20000K [0x00000000f5580000, 0x00000000f9e80000, 0x0000000100000000)
  eden space 73216K, 27% used [0x00000000f5580000,0x00000000f69082f0,0x00000000f9d00000)
  from space 512K, 0% used [0x00000000f9e00000,0x00000000f9e00000,0x00000000f9e80000)
  to   space 512K, 0% used [0x00000000f9d80000,0x00000000f9d80000,0x00000000f9e00000)
 ParOldGen       total 110592K, used 37000K [0x00000000e0000000, 0x00000000e6c00000, 0x00000000f5580000)
  object space 110592K, 33% used [0x00000000e0000000,0x00000000e2422340,0x00000000e6c00000)
 Metaspace       used 85237K, capacity 92790K, committed 93144K, reserved 1130496K
  class space    used 10037K, capacity 12411K, committed 12544K, reserved 1048576K
Event: 44914.195 GC heap after
Heap after GC invocations=480 (full 233):
 PSYoungGen      total 73728K, used 512K [0x00000000f5580000, 0x00000000f9f00000, 0x0000000100000000)
  eden space 73216K, 0% used [0x00000000f5580000,0x00000000f5580000,0x00000000f9d00000)
  from space 512K, 100% used [0x00000000f9d80000,0x00000000f9e00000,0x00000000f9e00000)
  to   space 1024K, 0% used [0x00000000f9e00000,0x00000000f9e00000,0x00000000f9f00000)
 ParOldGen       total 110592K, used 37136K [0x00000000e0000000, 0x00000000e6c00000, 0x00000000f5580000)
  object space 110592K, 33% used [0x00000000e0000000,0x00000000e24443a0,0x00000000e6c00000)
 Metaspace       used 85237K, capacity 92790K, committed 93144K, reserved 1130496K
  class space    used 10037K, capacity 12411K, committed 12544K, reserved 1048576K
}
Event: 44914.195 GC heap before
{Heap before GC invocations=481 (full 234):
 PSYoungGen      total 73728K, used 512K [0x00000000f5580000, 0x00000000f9f00000, 0x0000000100000000)
  eden space 73216K, 0% used [0x00000000f5580000,0x00000000f5580000,0x00000000f9d00000)
  from space 512K, 100% used [0x00000000f9d80000,0x00000000f9e00000,0x00000000f9e00000)
  to   space 1024K, 0% used [0x00000000f9e00000,0x00000000f9e00000,0x00000000f9f00000)
 ParOldGen       total 110592K, used 37136K [0x00000000e0000000, 0x00000000e6c00000, 0x00000000f5580000)
  object space 110592K, 33% used [0x00000000e0000000,0x00000000e24443a0,0x00000000e6c00000)
 Metaspace       used 85237K, capacity 92790K, committed 93144K, reserved 1130496K
  class space    used 10037K, capacity 12411K, committed 12544K, reserved 1048576K
Event: 44914.582 GC heap after
Heap after GC invocations=481 (full 234):
 PSYoungGen      total 73728K, used 0K [0x00000000f5580000, 0x00000000f9f00000, 0x0000000100000000)
  eden space 73216K, 0% used [0x00000000f5580000,0x00000000f5580000,0x00000000f9d00000)
  from space 512K, 0% used [0x00000000f9d80000,0x00000000f9d80000,0x00000000f9e00000)
  to   space 1024K, 0% used [0x00000000f9e00000,0x00000000f9e00000,0x00000000f9f00000)
 ParOldGen       total 110592K, used 37267K [0x00000000e0000000, 0x00000000e6c00000, 0x00000000f5580000)
  object space 110592K, 33% used [0x00000000e0000000,0x00000000e2464cb0,0x00000000e6c00000)
 Metaspace       used 85237K, capacity 92790K, committed 93144K, reserved 1130496K
  class space    used 10037K, capacity 12411K, committed 12544K, reserved 1048576K
}
Event: 44974.189 GC heap before
{Heap before GC invocations=482 (full 234):
 PSYoungGen      total 73728K, used 2336K [0x00000000f5580000, 0x00000000f9f00000, 0x0000000100000000)
  eden space 73216K, 3% used [0x00000000f5580000,0x00000000f57c80a0,0x00000000f9d00000)
  from space 512K, 0% used [0x00000000f9d80000,0x00000000f9d80000,0x00000000f9e00000)
  to   space 1024K, 0% used [0x00000000f9e00000,0x00000000f9e00000,0x00000000f9f00000)
 ParOldGen       total 110592K, used 37267K [0x00000000e0000000, 0x00000000e6c00000, 0x00000000f5580000)
  object space 110592K, 33% used [0x00000000e0000000,0x00000000e2464cb0,0x00000000e6c00000)
 Metaspace       used 85237K, capacity 92790K, committed 93144K, reserved 1130496K
  class space    used 10037K, capacity 12411K, committed 12544K, reserved 1048576K
Event: 44974.193 GC heap after
Heap after GC invocations=482 (full 234):
 PSYoungGen      total 74240K, used 192K [0x00000000f5580000, 0x00000000f9f00000, 0x0000000100000000)
  eden space 73216K, 0% used [0x00000000f5580000,0x00000000f5580000,0x00000000f9d00000)
  from space 1024K, 18% used [0x00000000f9e00000,0x00000000f9e30000,0x00000000f9f00000)
  to   space 1024K, 0% used [0x00000000f9d00000,0x00000000f9d00000,0x00000000f9e00000)
 ParOldGen       total 110592K, used 37267K [0x00000000e0000000, 0x00000000e6c00000, 0x00000000f5580000)
  object space 110592K, 33% used [0x00000000e0000000,0x00000000e2464cb0,0x00000000e6c00000)
 Metaspace       used 85237K, capacity 92790K, committed 93144K, reserved 1130496K
  class space    used 10037K, capacity 12411K, committed 12544K, reserved 1048576K
}
Event: 44974.193 GC heap before
{Heap before GC invocations=483 (full 235):
 PSYoungGen      total 74240K, used 192K [0x00000000f5580000, 0x00000000f9f00000, 0x0000000100000000)
  eden space 73216K, 0% used [0x00000000f5580000,0x00000000f5580000,0x00000000f9d00000)
  from space 1024K, 18% used [0x00000000f9e00000,0x00000000f9e30000,0x00000000f9f00000)
  to   space 1024K, 0% used [0x00000000f9d00000,0x00000000f9d00000,0x00000000f9e00000)
 ParOldGen       total 110592K, used 37267K [0x00000000e0000000, 0x00000000e6c00000, 0x00000000f5580000)
  object space 110592K, 33% used [0x00000000e0000000,0x00000000e2464cb0,0x00000000e6c00000)
 Metaspace       used 85237K, capacity 92790K, committed 93144K, reserved 1130496K
  class space    used 10037K, capacity 12411K, committed 12544K, reserved 1048576K
Event: 44974.315 GC heap after
Heap after GC invocations=483 (full 235):
 PSYoungGen      total 74240K, used 0K [0x00000000f5580000, 0x00000000f9f00000, 0x0000000100000000)
  eden space 73216K, 0% used [0x00000000f5580000,0x00000000f5580000,0x00000000f9d00000)
  from space 1024K, 0% used [0x00000000f9e00000,0x00000000f9e00000,0x00000000f9f00000)
  to   space 1024K, 0% used [0x00000000f9d00000,0x00000000f9d00000,0x00000000f9e00000)
 ParOldGen       total 110592K, used 37095K [0x00000000e0000000, 0x00000000e6c00000, 0x00000000f5580000)
  object space 110592K, 33% used [0x00000000e0000000,0x00000000e2439e40,0x00000000e6c00000)
 Metaspace       used 85237K, capacity 92790K, committed 93144K, reserved 1130496K
  class space    used 10037K, capacity 12411K, committed 12544K, reserved 1048576K
}

