# JRE version: Java(TM) SE Runtime Environment (8.0_66-b18) (build 1.8.0_66-b18)
# Java VM: Java HotSpot(TM) 64-Bit Server VM (25.66-b18 mixed mode windows-amd64 compressed oops)
Heap:
 PSYoungGen      total 109056K, used 89515K [0x00000000f5580000, 0x00000000fca00000, 0x0000000100000000)
  eden space 104960K, 81% used [0x00000000f5580000,0x00000000fa934458,0x00000000fbc00000)
  from space 4096K, 92% used [0x00000000fc600000,0x00000000fc9b6918,0x00000000fca00000)
  to   space 6144K, 0% used [0x00000000fbe00000,0x00000000fbe00000,0x00000000fc400000)
 ParOldGen       total 112640K, used 39862K [0x00000000e0000000, 0x00000000e6e00000, 0x00000000f5580000)
  object space 112640K, 35% used [0x00000000e0000000,0x00000000e26edbb8,0x00000000e6e00000)
 Metaspace       used 89477K, capacity 96846K, committed 96920K, reserved 1134592K
  class space    used 10350K, capacity 12692K, committed 12720K, reserved 1048576K
GC Heap History (10 events):
Event: 2191.376 GC heap before
{Heap before GC invocations=83 (full 34):
 PSYoungGen      total 113152K, used 50795K [0x00000000f5580000, 0x00000000fca80000, 0x0000000100000000)
  eden space 107520K, 47% used [0x00000000f5580000,0x00000000f871ae00,0x00000000fbe80000)
  from space 5632K, 0% used [0x00000000fc500000,0x00000000fc500000,0x00000000fca80000)
  to   space 6144K, 0% used [0x00000000fbe80000,0x00000000fbe80000,0x00000000fc480000)
 ParOldGen       total 112640K, used 40023K [0x00000000e0000000, 0x00000000e6e00000, 0x00000000f5580000)
  object space 112640K, 35% used [0x00000000e0000000,0x00000000e2715c48,0x00000000e6e00000)
 Metaspace       used 87458K, capacity 94798K, committed 94872K, reserved 1132544K
  class space    used 10191K, capacity 12426K, committed 12464K, reserved 1048576K
Event: 2191.385 GC heap after
Heap after GC invocations=83 (full 34):
 PSYoungGen      total 113664K, used 1378K [0x00000000f5580000, 0x00000000fca80000, 0x0000000100000000)
  eden space 107520K, 0% used [0x00000000f5580000,0x00000000f5580000,0x00000000fbe80000)
  from space 6144K, 22% used [0x00000000fbe80000,0x00000000fbfd8940,0x00000000fc480000)
  to   space 6144K, 0% used [0x00000000fc480000,0x00000000fc480000,0x00000000fca80000)
 ParOldGen       total 112640K, used 40031K [0x00000000e0000000, 0x00000000e6e00000, 0x00000000f5580000)
  object space 112640K, 35% used [0x00000000e0000000,0x00000000e2717c48,0x00000000e6e00000)
 Metaspace       used 87458K, capacity 94798K, committed 94872K, reserved 1132544K
  class space    used 10191K, capacity 12426K, committed 12464K, reserved 1048576K
}
Event: 2191.385 GC heap before
{Heap before GC invocations=84 (full 35):
 PSYoungGen      total 113664K, used 1378K [0x00000000f5580000, 0x00000000fca80000, 0x0000000100000000)
  eden space 107520K, 0% used [0x00000000f5580000,0x00000000f5580000,0x00000000fbe80000)
  from space 6144K, 22% used [0x00000000fbe80000,0x00000000fbfd8940,0x00000000fc480000)
  to   space 6144K, 0% used [0x00000000fc480000,0x00000000fc480000,0x00000000fca80000)
 ParOldGen       total 112640K, used 40031K [0x00000000e0000000, 0x00000000e6e00000, 0x00000000f5580000)
  object space 112640K, 35% used [0x00000000e0000000,0x00000000e2717c48,0x00000000e6e00000)
 Metaspace       used 87458K, capacity 94798K, committed 94872K, reserved 1132544K
  class space    used 10191K, capacity 12426K, committed 12464K, reserved 1048576K
Event: 2191.590 GC heap after
Heap after GC invocations=84 (full 35):
 PSYoungGen      total 113664K, used 0K [0x00000000f5580000, 0x00000000fca80000, 0x0000000100000000)
  eden space 107520K, 0% used [0x00000000f5580000,0x00000000f5580000,0x00000000fbe80000)
  from space 6144K, 0% used [0x00000000fbe80000,0x00000000fbe80000,0x00000000fc480000)
  to   space 6144K, 0% used [0x00000000fc480000,0x00000000fc480000,0x00000000fca80000)
 ParOldGen       total 112640K, used 39838K [0x00000000e0000000, 0x00000000e6e00000, 0x00000000f5580000)
  object space 112640K, 35% used [0x00000000e0000000,0x00000000e26e7bb8,0x00000000e6e00000)
 Metaspace       used 87458K, capacity 94798K, committed 94872K, reserved 1132544K
  class space    used 10191K, capacity 12426K, committed 12464K, reserved 1048576K
}
Event: 2331.655 GC heap before
{Heap before GC invocations=85 (full 35):
 PSYoungGen      total 113664K, used 107520K [0x00000000f5580000, 0x00000000fca80000, 0x0000000100000000)
  eden space 107520K, 100% used [0x00000000f5580000,0x00000000fbe80000,0x00000000fbe80000)
  from space 6144K, 0% used [0x00000000fbe80000,0x00000000fbe80000,0x00000000fc480000)
  to   space 6144K, 0% used [0x00000000fc480000,0x00000000fc480000,0x00000000fca80000)
 ParOldGen       total 112640K, used 39838K [0x00000000e0000000, 0x00000000e6e00000, 0x00000000f5580000)
  object space 112640K, 35% used [0x00000000e0000000,0x00000000e26e7bb8,0x00000000e6e00000)
 Metaspace       used 87915K, capacity 95250K, committed 95384K, reserved 1132544K
  class space    used 10213K, capacity 12464K, committed 12464K, reserved 1048576K
Event: 2331.678 GC heap after
Heap after GC invocations=85 (full 35):
 PSYoungGen      total 114176K, used 2510K [0x00000000f5580000, 0x00000000fcb80000, 0x0000000100000000)
  eden space 108032K, 0% used [0x00000000f5580000,0x00000000f5580000,0x00000000fbf00000)
  from space 6144K, 40% used [0x00000000fc480000,0x00000000fc6f38c0,0x00000000fca80000)
  to   space 5632K, 0% used [0x00000000fbf00000,0x00000000fbf00000,0x00000000fc480000)
 ParOldGen       total 112640K, used 39846K [0x00000000e0000000, 0x00000000e6e00000, 0x00000000f5580000)
  object space 112640K, 35% used [0x00000000e0000000,0x00000000e26e9bb8,0x00000000e6e00000)
 Metaspace       used 87915K, capacity 95250K, committed 95384K, reserved 1132544K
  class space    used 10213K, capacity 12464K, committed 12464K, reserved 1048576K
}
Event: 2406.888 GC heap before
{Heap before GC invocations=86 (full 35):
 PSYoungGen      total 114176K, used 110542K [0x00000000f5580000, 0x00000000fcb80000, 0x0000000100000000)
  eden space 108032K, 100% used [0x00000000f5580000,0x00000000fbf00000,0x00000000fbf00000)
  from space 6144K, 40% used [0x00000000fc480000,0x00000000fc6f38c0,0x00000000fca80000)
  to   space 5632K, 0% used [0x00000000fbf00000,0x00000000fbf00000,0x00000000fc480000)
 ParOldGen       total 112640K, used 39846K [0x00000000e0000000, 0x00000000e6e00000, 0x00000000f5580000)
  object space 112640K, 35% used [0x00000000e0000000,0x00000000e26e9bb8,0x00000000e6e00000)
 Metaspace       used 88155K, capacity 95448K, committed 95768K, reserved 1132544K
  class space    used 10213K, capacity 12465K, committed 12592K, reserved 1048576K
Event: 2406.900 GC heap after
Heap after GC invocations=86 (full 35):
 PSYoungGen      total 113664K, used 2434K [0x00000000f5580000, 0x00000000fcb80000, 0x0000000100000000)
  eden space 108032K, 0% used [0x00000000f5580000,0x00000000f5580000,0x00000000fbf00000)
  from space 5632K, 43% used [0x00000000fbf00000,0x00000000fc1609d0,0x00000000fc480000)
  to   space 5632K, 0% used [0x00000000fc600000,0x00000000fc600000,0x00000000fcb80000)
 ParOldGen       total 112640K, used 39854K [0x00000000e0000000, 0x00000000e6e00000, 0x00000000f5580000)
  object space 112640K, 35% used [0x00000000e0000000,0x00000000e26ebbb8,0x00000000e6e00000)
 Metaspace       used 88155K, capacity 95448K, committed 95768K, reserved 1132544K
  class space    used 10213K, capacity 12465K, committed 12592K, reserved 1048576K
}
Event: 3643.764 GC heap before
{Heap before GC invocations=87 (full 35):
 PSYoungGen      total 113664K, used 110466K [0x00000000f5580000, 0x00000000fcb80000, 0x0000000100000000)
  eden space 108032K, 100% used [0x00000000f5580000,0x00000000fbf00000,0x00000000fbf00000)
  from space 5632K, 43% used [0x00000000fbf00000,0x00000000fc1609d0,0x00000000fc480000)
  to   space 5632K, 0% used [0x00000000fc600000,0x00000000fc600000,0x00000000fcb80000)
 ParOldGen       total 112640K, used 39854K [0x00000000e0000000, 0x00000000e6e00000, 0x00000000f5580000)
  object space 112640K, 35% used [0x00000000e0000000,0x00000000e26ebbb8,0x00000000e6e00000)
 Metaspace       used 88479K, capacity 95742K, committed 96024K, reserved 1132544K
  class space    used 10230K, capacity 12498K, committed 12592K, reserved 1048576K
Event: 3643.835 GC heap after
Heap after GC invocations=87 (full 35):
 PSYoungGen      total 109056K, used 3802K [0x00000000f5580000, 0x00000000fca00000, 0x0000000100000000)
  eden space 104960K, 0% used [0x00000000f5580000,0x00000000f5580000,0x00000000fbc00000)
  from space 4096K, 92% used [0x00000000fc600000,0x00000000fc9b6918,0x00000000fca00000)
  to   space 6144K, 0% used [0x00000000fbe00000,0x00000000fbe00000,0x00000000fc400000)
 ParOldGen       total 112640K, used 39862K [0x00000000e0000000, 0x00000000e6e00000, 0x00000000f5580000)
  object space 112640K, 35% used [0x00000000e0000000,0x00000000e26edbb8,0x00000000e6e00000)
 Metaspace       used 88479K, capacity 95742K, committed 96024K, reserved 1132544K
  class space    used 10230K, capacity 12498K, committed 12592K, reserved 1048576K
}

