# JRE version: Java(TM) SE Runtime Environment (8.0_66-b18) (build 1.8.0_66-b18)
# Java VM: Java HotSpot(TM) 64-Bit Server VM (25.66-b18 mixed mode windows-amd64 compressed oops)
Heap:
 PSYoungGen      total 83968K, used 70075K [0x00000000f5580000, 0x00000000fb080000, 0x0000000100000000)
  eden space 77824K, 84% used [0x00000000f5580000,0x00000000f95ca1d8,0x00000000fa180000)
  from space 6144K, 69% used [0x00000000faa80000,0x00000000faea4a60,0x00000000fb080000)
  to   space 7680K, 0% used [0x00000000fa180000,0x00000000fa180000,0x00000000fa900000)
 ParOldGen       total 114688K, used 37619K [0x00000000e0000000, 0x00000000e7000000, 0x00000000f5580000)
  object space 114688K, 32% used [0x00000000e0000000,0x00000000e24bcdf0,0x00000000e7000000)
 Metaspace       used 86875K, capacity 94244K, committed 94616K, reserved 1130496K
  class space    used 10228K, capacity 12646K, committed 12720K, reserved 1048576K
GC Heap History (10 events):
Event: 3649.274 GC heap before
{Heap before GC invocations=74 (full 31):
 PSYoungGen      total 88576K, used 6957K [0x00000000f5580000, 0x00000000fb300000, 0x0000000100000000)
  eden space 82432K, 8% used [0x00000000f5580000,0x00000000f5c4b798,0x00000000fa600000)
  from space 6144K, 0% used [0x00000000fad00000,0x00000000fad00000,0x00000000fb300000)
  to   space 6656K, 0% used [0x00000000fa600000,0x00000000fa600000,0x00000000fac80000)
 ParOldGen       total 114688K, used 37980K [0x00000000e0000000, 0x00000000e7000000, 0x00000000f5580000)
  object space 114688K, 33% used [0x00000000e0000000,0x00000000e2517360,0x00000000e7000000)
 Metaspace       used 84498K, capacity 91864K, committed 92184K, reserved 1128448K
  class space    used 10078K, capacity 12442K, committed 12592K, reserved 1048576K
Event: 3649.279 GC heap after
Heap after GC invocations=74 (full 31):
 PSYoungGen      total 82944K, used 480K [0x00000000f5580000, 0x00000000fb200000, 0x0000000100000000)
  eden space 82432K, 0% used [0x00000000f5580000,0x00000000f5580000,0x00000000fa600000)
  from space 512K, 93% used [0x00000000fa600000,0x00000000fa678000,0x00000000fa680000)
  to   space 6144K, 0% used [0x00000000fac00000,0x00000000fac00000,0x00000000fb200000)
 ParOldGen       total 114688K, used 37980K [0x00000000e0000000, 0x00000000e7000000, 0x00000000f5580000)
  object space 114688K, 33% used [0x00000000e0000000,0x00000000e2517360,0x00000000e7000000)
 Metaspace       used 84498K, capacity 91864K, committed 92184K, reserved 1128448K
  class space    used 10078K, capacity 12442K, committed 12592K, reserved 1048576K
}
Event: 3649.279 GC heap before
{Heap before GC invocations=75 (full 32):
 PSYoungGen      total 82944K, used 480K [0x00000000f5580000, 0x00000000fb200000, 0x0000000100000000)
  eden space 82432K, 0% used [0x00000000f5580000,0x00000000f5580000,0x00000000fa600000)
  from space 512K, 93% used [0x00000000fa600000,0x00000000fa678000,0x00000000fa680000)
  to   space 6144K, 0% used [0x00000000fac00000,0x00000000fac00000,0x00000000fb200000)
 ParOldGen       total 114688K, used 37980K [0x00000000e0000000, 0x00000000e7000000, 0x00000000f5580000)
  object space 114688K, 33% used [0x00000000e0000000,0x00000000e2517360,0x00000000e7000000)
 Metaspace       used 84498K, capacity 91864K, committed 92184K, reserved 1128448K
  class space    used 10078K, capacity 12442K, committed 12592K, reserved 1048576K
Event: 3649.390 GC heap after
Heap after GC invocations=75 (full 32):
 PSYoungGen      total 82944K, used 0K [0x00000000f5580000, 0x00000000fb200000, 0x0000000100000000)
  eden space 82432K, 0% used [0x00000000f5580000,0x00000000f5580000,0x00000000fa600000)
  from space 512K, 0% used [0x00000000fa600000,0x00000000fa600000,0x00000000fa680000)
  to   space 6144K, 0% used [0x00000000fac00000,0x00000000fac00000,0x00000000fb200000)
 ParOldGen       total 114688K, used 37595K [0x00000000e0000000, 0x00000000e7000000, 0x00000000f5580000)
  object space 114688K, 32% used [0x00000000e0000000,0x00000000e24b6df0,0x00000000e7000000)
 Metaspace       used 84495K, capacity 91858K, committed 92184K, reserved 1128448K
  class space    used 10077K, capacity 12441K, committed 12592K, reserved 1048576K
}
Event: 3933.640 GC heap before
{Heap before GC invocations=76 (full 32):
 PSYoungGen      total 82944K, used 82432K [0x00000000f5580000, 0x00000000fb200000, 0x0000000100000000)
  eden space 82432K, 100% used [0x00000000f5580000,0x00000000fa600000,0x00000000fa600000)
  from space 512K, 0% used [0x00000000fa600000,0x00000000fa600000,0x00000000fa680000)
  to   space 6144K, 0% used [0x00000000fac00000,0x00000000fac00000,0x00000000fb200000)
 ParOldGen       total 114688K, used 37595K [0x00000000e0000000, 0x00000000e7000000, 0x00000000f5580000)
  object space 114688K, 32% used [0x00000000e0000000,0x00000000e24b6df0,0x00000000e7000000)
 Metaspace       used 84934K, capacity 92248K, committed 92696K, reserved 1130496K
  class space    used 10078K, capacity 12442K, committed 12592K, reserved 1048576K
Event: 3933.656 GC heap after
Heap after GC invocations=76 (full 32):
 PSYoungGen      total 88064K, used 3729K [0x00000000f5580000, 0x00000000fb680000, 0x0000000100000000)
  eden space 81920K, 0% used [0x00000000f5580000,0x00000000f5580000,0x00000000fa580000)
  from space 6144K, 60% used [0x00000000fac00000,0x00000000fafa4400,0x00000000fb200000)
  to   space 6656K, 0% used [0x00000000fa580000,0x00000000fa580000,0x00000000fac00000)
 ParOldGen       total 114688K, used 37603K [0x00000000e0000000, 0x00000000e7000000, 0x00000000f5580000)
  object space 114688K, 32% used [0x00000000e0000000,0x00000000e24b8df0,0x00000000e7000000)
 Metaspace       used 84934K, capacity 92248K, committed 92696K, reserved 1130496K
  class space    used 10078K, capacity 12442K, committed 12592K, reserved 1048576K
}
Event: 3968.602 GC heap before
{Heap before GC invocations=77 (full 32):
 PSYoungGen      total 88064K, used 85649K [0x00000000f5580000, 0x00000000fb680000, 0x0000000100000000)
  eden space 81920K, 100% used [0x00000000f5580000,0x00000000fa580000,0x00000000fa580000)
  from space 6144K, 60% used [0x00000000fac00000,0x00000000fafa4400,0x00000000fb200000)
  to   space 6656K, 0% used [0x00000000fa580000,0x00000000fa580000,0x00000000fac00000)
 ParOldGen       total 114688K, used 37603K [0x00000000e0000000, 0x00000000e7000000, 0x00000000f5580000)
  object space 114688K, 32% used [0x00000000e0000000,0x00000000e24b8df0,0x00000000e7000000)
 Metaspace       used 85534K, capacity 93204K, committed 93464K, reserved 1130496K
  class space    used 10111K, capacity 12452K, committed 12592K, reserved 1048576K
Event: 3968.616 GC heap after
Heap after GC invocations=77 (full 32):
 PSYoungGen      total 83456K, used 3305K [0x00000000f5580000, 0x00000000fb180000, 0x0000000100000000)
  eden space 79872K, 0% used [0x00000000f5580000,0x00000000f5580000,0x00000000fa380000)
  from space 3584K, 92% used [0x00000000fa580000,0x00000000fa8ba758,0x00000000fa900000)
  to   space 7168K, 0% used [0x00000000faa80000,0x00000000faa80000,0x00000000fb180000)
 ParOldGen       total 114688K, used 37611K [0x00000000e0000000, 0x00000000e7000000, 0x00000000f5580000)
  object space 114688K, 32% used [0x00000000e0000000,0x00000000e24badf0,0x00000000e7000000)
 Metaspace       used 85534K, capacity 93204K, committed 93464K, reserved 1130496K
  class space    used 10111K, capacity 12452K, committed 12592K, reserved 1048576K
}
Event: 4808.405 GC heap before
{Heap before GC invocations=78 (full 32):
 PSYoungGen      total 83456K, used 83177K [0x00000000f5580000, 0x00000000fb180000, 0x0000000100000000)
  eden space 79872K, 100% used [0x00000000f5580000,0x00000000fa380000,0x00000000fa380000)
  from space 3584K, 92% used [0x00000000fa580000,0x00000000fa8ba758,0x00000000fa900000)
  to   space 7168K, 0% used [0x00000000faa80000,0x00000000faa80000,0x00000000fb180000)
 ParOldGen       total 114688K, used 37611K [0x00000000e0000000, 0x00000000e7000000, 0x00000000f5580000)
  object space 114688K, 32% used [0x00000000e0000000,0x00000000e24badf0,0x00000000e7000000)
 Metaspace       used 85975K, capacity 93472K, committed 93720K, reserved 1130496K
  class space    used 10120K, capacity 12454K, committed 12592K, reserved 1048576K
Event: 4808.420 GC heap after
Heap after GC invocations=78 (full 32):
 PSYoungGen      total 83968K, used 4242K [0x00000000f5580000, 0x00000000fb080000, 0x0000000100000000)
  eden space 77824K, 0% used [0x00000000f5580000,0x00000000f5580000,0x00000000fa180000)
  from space 6144K, 69% used [0x00000000faa80000,0x00000000faea4a60,0x00000000fb080000)
  to   space 7680K, 0% used [0x00000000fa180000,0x00000000fa180000,0x00000000fa900000)
 ParOldGen       total 114688K, used 37619K [0x00000000e0000000, 0x00000000e7000000, 0x00000000f5580000)
  object space 114688K, 32% used [0x00000000e0000000,0x00000000e24bcdf0,0x00000000e7000000)
 Metaspace       used 85975K, capacity 93472K, committed 93720K, reserved 1130496K
  class space    used 10120K, capacity 12454K, committed 12592K, reserved 1048576K
}

